TimeQuest Timing Analyzer report for Lab3_2
Wed Mar 06 19:07:19 2024
Quartus II 64-Bit Version 13.1.0 Build 162 10/23/2013 SJ Web Edition


---------------------
; Table of Contents ;
---------------------
  1. Legal Notice
  2. TimeQuest Timing Analyzer Summary
  3. Parallel Compilation
  4. Clocks
  5. Slow 1200mV 85C Model Fmax Summary
  6. Timing Closure Recommendations
  7. Slow 1200mV 85C Model Setup Summary
  8. Slow 1200mV 85C Model Hold Summary
  9. Slow 1200mV 85C Model Recovery Summary
 10. Slow 1200mV 85C Model Removal Summary
 11. Slow 1200mV 85C Model Minimum Pulse Width Summary
 12. Propagation Delay
 13. Minimum Propagation Delay
 14. Slow 1200mV 85C Model Metastability Report
 15. Slow 1200mV 0C Model Fmax Summary
 16. Slow 1200mV 0C Model Setup Summary
 17. Slow 1200mV 0C Model Hold Summary
 18. Slow 1200mV 0C Model Recovery Summary
 19. Slow 1200mV 0C Model Removal Summary
 20. Slow 1200mV 0C Model Minimum Pulse Width Summary
 21. Propagation Delay
 22. Minimum Propagation Delay
 23. Slow 1200mV 0C Model Metastability Report
 24. Fast 1200mV 0C Model Setup Summary
 25. Fast 1200mV 0C Model Hold Summary
 26. Fast 1200mV 0C Model Recovery Summary
 27. Fast 1200mV 0C Model Removal Summary
 28. Fast 1200mV 0C Model Minimum Pulse Width Summary
 29. Propagation Delay
 30. Minimum Propagation Delay
 31. Fast 1200mV 0C Model Metastability Report
 32. Multicorner Timing Analysis Summary
 33. Propagation Delay
 34. Minimum Propagation Delay
 35. Board Trace Model Assignments
 36. Input Transition Times
 37. Slow Corner Signal Integrity Metrics
 38. Fast Corner Signal Integrity Metrics
 39. Clock Transfers
 40. Report TCCS
 41. Report RSKM
 42. Unconstrained Paths
 43. TimeQuest Timing Analyzer Messages



----------------
; Legal Notice ;
----------------
Copyright (C) 1991-2013 Altera Corporation
Your use of Altera Corporation's design tools, logic functions 
and other software and tools, and its AMPP partner logic 
functions, and any output files from any of the foregoing 
(including device programming or simulation files), and any 
associated documentation or information are expressly subject 
to the terms and conditions of the Altera Program License 
Subscription Agreement, Altera MegaCore Function License 
Agreement, or other applicable license agreement, including, 
without limitation, that your use is for the sole purpose of 
programming logic devices manufactured by Altera and sold by 
Altera or its authorized distributors.  Please refer to the 
applicable agreement for further details.



+-------------------------------------------------------------------------+
; TimeQuest Timing Analyzer Summary                                       ;
+--------------------+----------------------------------------------------+
; Quartus II Version ; Version 13.1.0 Build 162 10/23/2013 SJ Web Edition ;
; Revision Name      ; Lab3_2                                             ;
; Device Family      ; Cyclone III                                        ;
; Device Name        ; EP3C16F484C6                                       ;
; Timing Models      ; Final                                              ;
; Delay Model        ; Combined                                           ;
; Rise/Fall Delays   ; Enabled                                            ;
+--------------------+----------------------------------------------------+


+------------------------------------------+
; Parallel Compilation                     ;
+----------------------------+-------------+
; Processors                 ; Number      ;
+----------------------------+-------------+
; Number detected on machine ; 8           ;
; Maximum allowed            ; 4           ;
;                            ;             ;
; Average used               ; 1.00        ;
; Maximum used               ; 4           ;
;                            ;             ;
; Usage by Processor         ; % Time Used ;
;     Processor 1            ; 100.0%      ;
;     Processors 2-4         ; < 0.1%      ;
;     Processors 5-8         ;   0.0%      ;
+----------------------------+-------------+


----------
; Clocks ;
----------
No clocks to report.


--------------------------------------
; Slow 1200mV 85C Model Fmax Summary ;
--------------------------------------
No paths to report.


----------------------------------
; Timing Closure Recommendations ;
----------------------------------
HTML report is unavailable in plain text report export.


---------------------------------------
; Slow 1200mV 85C Model Setup Summary ;
---------------------------------------
No paths to report.


--------------------------------------
; Slow 1200mV 85C Model Hold Summary ;
--------------------------------------
No paths to report.


------------------------------------------
; Slow 1200mV 85C Model Recovery Summary ;
------------------------------------------
No paths to report.


-----------------------------------------
; Slow 1200mV 85C Model Removal Summary ;
-----------------------------------------
No paths to report.


-----------------------------------------------------
; Slow 1200mV 85C Model Minimum Pulse Width Summary ;
-----------------------------------------------------
No paths to report.


+----------------------------------------------------------------+
; Propagation Delay                                              ;
+------------+-------------------+-------+-------+-------+-------+
; Input Port ; Output Port       ; RR    ; RF    ; FR    ; FF    ;
+------------+-------------------+-------+-------+-------+-------+
; switch[0]  ; sevensegement1[0] ; 6.868 ;       ;       ; 7.263 ;
; switch[0]  ; sevensegement1[1] ; 6.868 ;       ;       ; 7.263 ;
; switch[0]  ; sevensegement1[2] ; 6.649 ;       ;       ; 7.052 ;
; switch[0]  ; sevensegement1[3] ; 6.853 ;       ;       ; 7.246 ;
; switch[0]  ; sevensegement1[4] ; 6.853 ;       ;       ; 7.246 ;
; switch[0]  ; sevensegement1[5] ; 7.120 ;       ;       ; 7.526 ;
; switch[0]  ; sevensegement2[0] ;       ; 7.312 ; 7.830 ;       ;
; switch[0]  ; sevensegement2[3] ;       ; 7.329 ; 7.844 ;       ;
; switch[0]  ; sevensegement2[4] ;       ; 7.359 ; 7.874 ;       ;
; switch[0]  ; sevensegement2[5] ;       ; 7.116 ; 7.637 ;       ;
; switch[0]  ; sevensegement2[6] ;       ; 7.298 ; 7.821 ;       ;
; switch[0]  ; sevensegement3[1] ; 7.151 ;       ;       ; 7.574 ;
; switch[0]  ; sevensegement3[2] ; 7.437 ;       ;       ; 7.846 ;
; switch[0]  ; sevensegement3[3] ; 7.437 ;       ;       ; 7.846 ;
; switch[0]  ; sevensegement3[4] ; 7.174 ;       ;       ; 7.596 ;
; switch[0]  ; sevensegement3[6] ; 7.152 ;       ;       ; 7.573 ;
; switch[1]  ; sevensegement1[0] ;       ; 6.671 ; 7.181 ;       ;
; switch[1]  ; sevensegement1[1] ;       ; 6.671 ; 7.181 ;       ;
; switch[1]  ; sevensegement1[2] ;       ; 6.460 ; 6.962 ;       ;
; switch[1]  ; sevensegement1[3] ;       ; 6.654 ; 7.166 ;       ;
; switch[1]  ; sevensegement1[4] ;       ; 6.654 ; 7.166 ;       ;
; switch[1]  ; sevensegement1[5] ;       ; 6.934 ; 7.433 ;       ;
; switch[1]  ; sevensegement2[0] ; 7.264 ;       ;       ; 7.622 ;
; switch[1]  ; sevensegement2[3] ; 7.278 ;       ;       ; 7.639 ;
; switch[1]  ; sevensegement2[4] ; 7.308 ;       ;       ; 7.669 ;
; switch[1]  ; sevensegement2[5] ; 7.071 ;       ;       ; 7.426 ;
; switch[1]  ; sevensegement2[6] ; 7.255 ;       ;       ; 7.608 ;
; switch[1]  ; sevensegement3[1] ; 7.026 ;       ;       ; 7.409 ;
; switch[1]  ; sevensegement3[2] ; 7.312 ;       ;       ; 7.681 ;
; switch[1]  ; sevensegement3[3] ; 7.312 ;       ;       ; 7.681 ;
; switch[1]  ; sevensegement3[4] ; 7.049 ;       ;       ; 7.431 ;
; switch[1]  ; sevensegement3[6] ; 7.027 ;       ;       ; 7.408 ;
+------------+-------------------+-------+-------+-------+-------+


+----------------------------------------------------------------+
; Minimum Propagation Delay                                      ;
+------------+-------------------+-------+-------+-------+-------+
; Input Port ; Output Port       ; RR    ; RF    ; FR    ; FF    ;
+------------+-------------------+-------+-------+-------+-------+
; switch[0]  ; sevensegement1[0] ; 6.700 ;       ;       ; 7.081 ;
; switch[0]  ; sevensegement1[1] ; 6.700 ;       ;       ; 7.081 ;
; switch[0]  ; sevensegement1[2] ; 6.490 ;       ;       ; 6.878 ;
; switch[0]  ; sevensegement1[3] ; 6.686 ;       ;       ; 7.066 ;
; switch[0]  ; sevensegement1[4] ; 6.686 ;       ;       ; 7.066 ;
; switch[0]  ; sevensegement1[5] ; 6.941 ;       ;       ; 7.333 ;
; switch[0]  ; sevensegement2[0] ;       ; 7.124 ; 7.628 ;       ;
; switch[0]  ; sevensegement2[3] ;       ; 7.140 ; 7.642 ;       ;
; switch[0]  ; sevensegement2[4] ;       ; 7.170 ; 7.672 ;       ;
; switch[0]  ; sevensegement2[5] ;       ; 6.937 ; 7.445 ;       ;
; switch[0]  ; sevensegement2[6] ;       ; 7.111 ; 7.620 ;       ;
; switch[0]  ; sevensegement3[1] ; 6.971 ;       ;       ; 7.379 ;
; switch[0]  ; sevensegement3[2] ; 7.247 ;       ;       ; 7.642 ;
; switch[0]  ; sevensegement3[3] ; 7.247 ;       ;       ; 7.642 ;
; switch[0]  ; sevensegement3[4] ; 6.994 ;       ;       ; 7.402 ;
; switch[0]  ; sevensegement3[6] ; 6.972 ;       ;       ; 7.379 ;
; switch[1]  ; sevensegement1[0] ;       ; 6.508 ; 7.006 ;       ;
; switch[1]  ; sevensegement1[1] ;       ; 6.508 ; 7.006 ;       ;
; switch[1]  ; sevensegement1[2] ;       ; 6.305 ; 6.796 ;       ;
; switch[1]  ; sevensegement1[3] ;       ; 6.493 ; 6.992 ;       ;
; switch[1]  ; sevensegement1[4] ;       ; 6.493 ; 6.992 ;       ;
; switch[1]  ; sevensegement1[5] ;       ; 6.760 ; 7.247 ;       ;
; switch[1]  ; sevensegement2[0] ; 7.079 ;       ;       ; 7.426 ;
; switch[1]  ; sevensegement2[3] ; 7.093 ;       ;       ; 7.442 ;
; switch[1]  ; sevensegement2[4] ; 7.123 ;       ;       ; 7.472 ;
; switch[1]  ; sevensegement2[5] ; 6.896 ;       ;       ; 7.239 ;
; switch[1]  ; sevensegement2[6] ; 7.071 ;       ;       ; 7.413 ;
; switch[1]  ; sevensegement3[1] ; 6.852 ;       ;       ; 7.221 ;
; switch[1]  ; sevensegement3[2] ; 7.128 ;       ;       ; 7.484 ;
; switch[1]  ; sevensegement3[3] ; 7.128 ;       ;       ; 7.484 ;
; switch[1]  ; sevensegement3[4] ; 6.875 ;       ;       ; 7.244 ;
; switch[1]  ; sevensegement3[6] ; 6.853 ;       ;       ; 7.221 ;
+------------+-------------------+-------+-------+-------+-------+


----------------------------------------------
; Slow 1200mV 85C Model Metastability Report ;
----------------------------------------------
No synchronizer chains to report.


-------------------------------------
; Slow 1200mV 0C Model Fmax Summary ;
-------------------------------------
No paths to report.


--------------------------------------
; Slow 1200mV 0C Model Setup Summary ;
--------------------------------------
No paths to report.


-------------------------------------
; Slow 1200mV 0C Model Hold Summary ;
-------------------------------------
No paths to report.


-----------------------------------------
; Slow 1200mV 0C Model Recovery Summary ;
-----------------------------------------
No paths to report.


----------------------------------------
; Slow 1200mV 0C Model Removal Summary ;
----------------------------------------
No paths to report.


----------------------------------------------------
; Slow 1200mV 0C Model Minimum Pulse Width Summary ;
----------------------------------------------------
No paths to report.


+----------------------------------------------------------------+
; Propagation Delay                                              ;
+------------+-------------------+-------+-------+-------+-------+
; Input Port ; Output Port       ; RR    ; RF    ; FR    ; FF    ;
+------------+-------------------+-------+-------+-------+-------+
; switch[0]  ; sevensegement1[0] ; 6.385 ;       ;       ; 6.664 ;
; switch[0]  ; sevensegement1[1] ; 6.385 ;       ;       ; 6.664 ;
; switch[0]  ; sevensegement1[2] ; 6.177 ;       ;       ; 6.476 ;
; switch[0]  ; sevensegement1[3] ; 6.372 ;       ;       ; 6.649 ;
; switch[0]  ; sevensegement1[4] ; 6.372 ;       ;       ; 6.649 ;
; switch[0]  ; sevensegement1[5] ; 6.611 ;       ;       ; 6.887 ;
; switch[0]  ; sevensegement2[0] ;       ; 6.747 ; 7.225 ;       ;
; switch[0]  ; sevensegement2[3] ;       ; 6.761 ; 7.238 ;       ;
; switch[0]  ; sevensegement2[4] ;       ; 6.791 ; 7.268 ;       ;
; switch[0]  ; sevensegement2[5] ;       ; 6.576 ; 7.044 ;       ;
; switch[0]  ; sevensegement2[6] ;       ; 6.731 ; 7.212 ;       ;
; switch[0]  ; sevensegement3[1] ; 6.649 ;       ;       ; 6.939 ;
; switch[0]  ; sevensegement3[2] ; 6.915 ;       ;       ; 7.182 ;
; switch[0]  ; sevensegement3[3] ; 6.915 ;       ;       ; 7.182 ;
; switch[0]  ; sevensegement3[4] ; 6.673 ;       ;       ; 6.962 ;
; switch[0]  ; sevensegement3[6] ; 6.651 ;       ;       ; 6.939 ;
; switch[1]  ; sevensegement1[0] ;       ; 6.168 ; 6.638 ;       ;
; switch[1]  ; sevensegement1[1] ;       ; 6.168 ; 6.638 ;       ;
; switch[1]  ; sevensegement1[2] ;       ; 5.980 ; 6.430 ;       ;
; switch[1]  ; sevensegement1[3] ;       ; 6.153 ; 6.625 ;       ;
; switch[1]  ; sevensegement1[4] ;       ; 6.153 ; 6.625 ;       ;
; switch[1]  ; sevensegement1[5] ;       ; 6.391 ; 6.864 ;       ;
; switch[1]  ; sevensegement2[0] ; 6.752 ;       ;       ; 6.997 ;
; switch[1]  ; sevensegement2[3] ; 6.765 ;       ;       ; 7.011 ;
; switch[1]  ; sevensegement2[4] ; 6.795 ;       ;       ; 7.041 ;
; switch[1]  ; sevensegement2[5] ; 6.571 ;       ;       ; 6.826 ;
; switch[1]  ; sevensegement2[6] ; 6.739 ;       ;       ; 6.981 ;
; switch[1]  ; sevensegement3[1] ; 6.536 ;       ;       ; 6.799 ;
; switch[1]  ; sevensegement3[2] ; 6.802 ;       ;       ; 7.042 ;
; switch[1]  ; sevensegement3[3] ; 6.802 ;       ;       ; 7.042 ;
; switch[1]  ; sevensegement3[4] ; 6.560 ;       ;       ; 6.822 ;
; switch[1]  ; sevensegement3[6] ; 6.538 ;       ;       ; 6.799 ;
+------------+-------------------+-------+-------+-------+-------+


+----------------------------------------------------------------+
; Minimum Propagation Delay                                      ;
+------------+-------------------+-------+-------+-------+-------+
; Input Port ; Output Port       ; RR    ; RF    ; FR    ; FF    ;
+------------+-------------------+-------+-------+-------+-------+
; switch[0]  ; sevensegement1[0] ; 6.240 ;       ;       ; 6.509 ;
; switch[0]  ; sevensegement1[1] ; 6.240 ;       ;       ; 6.509 ;
; switch[0]  ; sevensegement1[2] ; 6.039 ;       ;       ; 6.328 ;
; switch[0]  ; sevensegement1[3] ; 6.227 ;       ;       ; 6.495 ;
; switch[0]  ; sevensegement1[4] ; 6.227 ;       ;       ; 6.495 ;
; switch[0]  ; sevensegement1[5] ; 6.456 ;       ;       ; 6.723 ;
; switch[0]  ; sevensegement2[0] ;       ; 6.584 ; 7.049 ;       ;
; switch[0]  ; sevensegement2[3] ;       ; 6.597 ; 7.062 ;       ;
; switch[0]  ; sevensegement2[4] ;       ; 6.627 ; 7.092 ;       ;
; switch[0]  ; sevensegement2[5] ;       ; 6.421 ; 6.878 ;       ;
; switch[0]  ; sevensegement2[6] ;       ; 6.569 ; 7.038 ;       ;
; switch[0]  ; sevensegement3[1] ; 6.492 ;       ;       ; 6.773 ;
; switch[0]  ; sevensegement3[2] ; 6.749 ;       ;       ; 7.008 ;
; switch[0]  ; sevensegement3[3] ; 6.749 ;       ;       ; 7.008 ;
; switch[0]  ; sevensegement3[4] ; 6.515 ;       ;       ; 6.795 ;
; switch[0]  ; sevensegement3[6] ; 6.494 ;       ;       ; 6.773 ;
; switch[1]  ; sevensegement1[0] ;       ; 6.028 ; 6.487 ;       ;
; switch[1]  ; sevensegement1[1] ;       ; 6.028 ; 6.487 ;       ;
; switch[1]  ; sevensegement1[2] ;       ; 5.847 ; 6.286 ;       ;
; switch[1]  ; sevensegement1[3] ;       ; 6.014 ; 6.474 ;       ;
; switch[1]  ; sevensegement1[4] ;       ; 6.014 ; 6.474 ;       ;
; switch[1]  ; sevensegement1[5] ;       ; 6.242 ; 6.703 ;       ;
; switch[1]  ; sevensegement2[0] ; 6.590 ;       ;       ; 6.830 ;
; switch[1]  ; sevensegement2[3] ; 6.603 ;       ;       ; 6.843 ;
; switch[1]  ; sevensegement2[4] ; 6.633 ;       ;       ; 6.873 ;
; switch[1]  ; sevensegement2[5] ; 6.419 ;       ;       ; 6.667 ;
; switch[1]  ; sevensegement2[6] ; 6.579 ;       ;       ; 6.815 ;
; switch[1]  ; sevensegement3[1] ; 6.384 ;       ;       ; 6.639 ;
; switch[1]  ; sevensegement3[2] ; 6.641 ;       ;       ; 6.874 ;
; switch[1]  ; sevensegement3[3] ; 6.641 ;       ;       ; 6.874 ;
; switch[1]  ; sevensegement3[4] ; 6.407 ;       ;       ; 6.661 ;
; switch[1]  ; sevensegement3[6] ; 6.386 ;       ;       ; 6.639 ;
+------------+-------------------+-------+-------+-------+-------+


---------------------------------------------
; Slow 1200mV 0C Model Metastability Report ;
---------------------------------------------
No synchronizer chains to report.


--------------------------------------
; Fast 1200mV 0C Model Setup Summary ;
--------------------------------------
No paths to report.


-------------------------------------
; Fast 1200mV 0C Model Hold Summary ;
-------------------------------------
No paths to report.


-----------------------------------------
; Fast 1200mV 0C Model Recovery Summary ;
-----------------------------------------
No paths to report.


----------------------------------------
; Fast 1200mV 0C Model Removal Summary ;
----------------------------------------
No paths to report.


----------------------------------------------------
; Fast 1200mV 0C Model Minimum Pulse Width Summary ;
----------------------------------------------------
No paths to report.


+----------------------------------------------------------------+
; Propagation Delay                                              ;
+------------+-------------------+-------+-------+-------+-------+
; Input Port ; Output Port       ; RR    ; RF    ; FR    ; FF    ;
+------------+-------------------+-------+-------+-------+-------+
; switch[0]  ; sevensegement1[0] ; 4.038 ;       ;       ; 4.663 ;
; switch[0]  ; sevensegement1[1] ; 4.038 ;       ;       ; 4.663 ;
; switch[0]  ; sevensegement1[2] ; 3.911 ;       ;       ; 4.527 ;
; switch[0]  ; sevensegement1[3] ; 4.029 ;       ;       ; 4.653 ;
; switch[0]  ; sevensegement1[4] ; 4.029 ;       ;       ; 4.653 ;
; switch[0]  ; sevensegement1[5] ; 4.158 ;       ;       ; 4.799 ;
; switch[0]  ; sevensegement2[0] ;       ; 4.372 ; 4.905 ;       ;
; switch[0]  ; sevensegement2[3] ;       ; 4.382 ; 4.914 ;       ;
; switch[0]  ; sevensegement2[4] ;       ; 4.412 ; 4.944 ;       ;
; switch[0]  ; sevensegement2[5] ;       ; 4.275 ; 4.829 ;       ;
; switch[0]  ; sevensegement2[6] ;       ; 4.365 ; 4.912 ;       ;
; switch[0]  ; sevensegement3[1] ; 4.197 ;       ;       ; 4.846 ;
; switch[0]  ; sevensegement3[2] ; 4.359 ;       ;       ; 5.027 ;
; switch[0]  ; sevensegement3[3] ; 4.359 ;       ;       ; 5.027 ;
; switch[0]  ; sevensegement3[4] ; 4.219 ;       ;       ; 4.869 ;
; switch[0]  ; sevensegement3[6] ; 4.198 ;       ;       ; 4.847 ;
; switch[1]  ; sevensegement1[0] ;       ; 3.966 ; 4.553 ;       ;
; switch[1]  ; sevensegement1[1] ;       ; 3.966 ; 4.553 ;       ;
; switch[1]  ; sevensegement1[2] ;       ; 3.830 ; 4.426 ;       ;
; switch[1]  ; sevensegement1[3] ;       ; 3.956 ; 4.544 ;       ;
; switch[1]  ; sevensegement1[4] ;       ; 3.956 ; 4.544 ;       ;
; switch[1]  ; sevensegement1[5] ;       ; 4.102 ; 4.673 ;       ;
; switch[1]  ; sevensegement2[0] ; 4.221 ;       ;       ; 4.886 ;
; switch[1]  ; sevensegement2[3] ; 4.230 ;       ;       ; 4.896 ;
; switch[1]  ; sevensegement2[4] ; 4.260 ;       ;       ; 4.926 ;
; switch[1]  ; sevensegement2[5] ; 4.145 ;       ;       ; 4.789 ;
; switch[1]  ; sevensegement2[6] ; 4.228 ;       ;       ; 4.879 ;
; switch[1]  ; sevensegement3[1] ; 4.104 ;       ;       ; 4.750 ;
; switch[1]  ; sevensegement3[2] ; 4.266 ;       ;       ; 4.931 ;
; switch[1]  ; sevensegement3[3] ; 4.266 ;       ;       ; 4.931 ;
; switch[1]  ; sevensegement3[4] ; 4.126 ;       ;       ; 4.773 ;
; switch[1]  ; sevensegement3[6] ; 4.105 ;       ;       ; 4.751 ;
+------------+-------------------+-------+-------+-------+-------+


+----------------------------------------------------------------+
; Minimum Propagation Delay                                      ;
+------------+-------------------+-------+-------+-------+-------+
; Input Port ; Output Port       ; RR    ; RF    ; FR    ; FF    ;
+------------+-------------------+-------+-------+-------+-------+
; switch[0]  ; sevensegement1[0] ; 3.940 ;       ;       ; 4.557 ;
; switch[0]  ; sevensegement1[1] ; 3.940 ;       ;       ; 4.557 ;
; switch[0]  ; sevensegement1[2] ; 3.817 ;       ;       ; 4.426 ;
; switch[0]  ; sevensegement1[3] ; 3.932 ;       ;       ; 4.547 ;
; switch[0]  ; sevensegement1[4] ; 3.932 ;       ;       ; 4.547 ;
; switch[0]  ; sevensegement1[5] ; 4.054 ;       ;       ; 4.686 ;
; switch[0]  ; sevensegement2[0] ;       ; 4.259 ; 4.787 ;       ;
; switch[0]  ; sevensegement2[3] ;       ; 4.269 ; 4.795 ;       ;
; switch[0]  ; sevensegement2[4] ;       ; 4.299 ; 4.825 ;       ;
; switch[0]  ; sevensegement2[5] ;       ; 4.167 ; 4.715 ;       ;
; switch[0]  ; sevensegement2[6] ;       ; 4.252 ; 4.794 ;       ;
; switch[0]  ; sevensegement3[1] ; 4.091 ;       ;       ; 4.731 ;
; switch[0]  ; sevensegement3[2] ; 4.249 ;       ;       ; 4.906 ;
; switch[0]  ; sevensegement3[3] ; 4.249 ;       ;       ; 4.906 ;
; switch[0]  ; sevensegement3[4] ; 4.114 ;       ;       ; 4.753 ;
; switch[0]  ; sevensegement3[6] ; 4.092 ;       ;       ; 4.731 ;
; switch[1]  ; sevensegement1[0] ;       ; 3.871 ; 4.451 ;       ;
; switch[1]  ; sevensegement1[1] ;       ; 3.871 ; 4.451 ;       ;
; switch[1]  ; sevensegement1[2] ;       ; 3.740 ; 4.328 ;       ;
; switch[1]  ; sevensegement1[3] ;       ; 3.861 ; 4.443 ;       ;
; switch[1]  ; sevensegement1[4] ;       ; 3.861 ; 4.443 ;       ;
; switch[1]  ; sevensegement1[5] ;       ; 4.000 ; 4.565 ;       ;
; switch[1]  ; sevensegement2[0] ; 4.114 ;       ;       ; 4.770 ;
; switch[1]  ; sevensegement2[3] ; 4.122 ;       ;       ; 4.780 ;
; switch[1]  ; sevensegement2[4] ; 4.152 ;       ;       ; 4.810 ;
; switch[1]  ; sevensegement2[5] ; 4.042 ;       ;       ; 4.678 ;
; switch[1]  ; sevensegement2[6] ; 4.121 ;       ;       ; 4.763 ;
; switch[1]  ; sevensegement3[1] ; 4.001 ;       ;       ; 4.640 ;
; switch[1]  ; sevensegement3[2] ; 4.159 ;       ;       ; 4.815 ;
; switch[1]  ; sevensegement3[3] ; 4.159 ;       ;       ; 4.815 ;
; switch[1]  ; sevensegement3[4] ; 4.024 ;       ;       ; 4.662 ;
; switch[1]  ; sevensegement3[6] ; 4.002 ;       ;       ; 4.640 ;
+------------+-------------------+-------+-------+-------+-------+


---------------------------------------------
; Fast 1200mV 0C Model Metastability Report ;
---------------------------------------------
No synchronizer chains to report.


+----------------------------------------------------------------------------+
; Multicorner Timing Analysis Summary                                        ;
+------------------+-------+------+----------+---------+---------------------+
; Clock            ; Setup ; Hold ; Recovery ; Removal ; Minimum Pulse Width ;
+------------------+-------+------+----------+---------+---------------------+
; Worst-case Slack ; N/A   ; N/A  ; N/A      ; N/A     ; N/A                 ;
; Design-wide TNS  ; 0.0   ; 0.0  ; 0.0      ; 0.0     ; 0.0                 ;
+------------------+-------+------+----------+---------+---------------------+


+----------------------------------------------------------------+
; Propagation Delay                                              ;
+------------+-------------------+-------+-------+-------+-------+
; Input Port ; Output Port       ; RR    ; RF    ; FR    ; FF    ;
+------------+-------------------+-------+-------+-------+-------+
; switch[0]  ; sevensegement1[0] ; 6.868 ;       ;       ; 7.263 ;
; switch[0]  ; sevensegement1[1] ; 6.868 ;       ;       ; 7.263 ;
; switch[0]  ; sevensegement1[2] ; 6.649 ;       ;       ; 7.052 ;
; switch[0]  ; sevensegement1[3] ; 6.853 ;       ;       ; 7.246 ;
; switch[0]  ; sevensegement1[4] ; 6.853 ;       ;       ; 7.246 ;
; switch[0]  ; sevensegement1[5] ; 7.120 ;       ;       ; 7.526 ;
; switch[0]  ; sevensegement2[0] ;       ; 7.312 ; 7.830 ;       ;
; switch[0]  ; sevensegement2[3] ;       ; 7.329 ; 7.844 ;       ;
; switch[0]  ; sevensegement2[4] ;       ; 7.359 ; 7.874 ;       ;
; switch[0]  ; sevensegement2[5] ;       ; 7.116 ; 7.637 ;       ;
; switch[0]  ; sevensegement2[6] ;       ; 7.298 ; 7.821 ;       ;
; switch[0]  ; sevensegement3[1] ; 7.151 ;       ;       ; 7.574 ;
; switch[0]  ; sevensegement3[2] ; 7.437 ;       ;       ; 7.846 ;
; switch[0]  ; sevensegement3[3] ; 7.437 ;       ;       ; 7.846 ;
; switch[0]  ; sevensegement3[4] ; 7.174 ;       ;       ; 7.596 ;
; switch[0]  ; sevensegement3[6] ; 7.152 ;       ;       ; 7.573 ;
; switch[1]  ; sevensegement1[0] ;       ; 6.671 ; 7.181 ;       ;
; switch[1]  ; sevensegement1[1] ;       ; 6.671 ; 7.181 ;       ;
; switch[1]  ; sevensegement1[2] ;       ; 6.460 ; 6.962 ;       ;
; switch[1]  ; sevensegement1[3] ;       ; 6.654 ; 7.166 ;       ;
; switch[1]  ; sevensegement1[4] ;       ; 6.654 ; 7.166 ;       ;
; switch[1]  ; sevensegement1[5] ;       ; 6.934 ; 7.433 ;       ;
; switch[1]  ; sevensegement2[0] ; 7.264 ;       ;       ; 7.622 ;
; switch[1]  ; sevensegement2[3] ; 7.278 ;       ;       ; 7.639 ;
; switch[1]  ; sevensegement2[4] ; 7.308 ;       ;       ; 7.669 ;
; switch[1]  ; sevensegement2[5] ; 7.071 ;       ;       ; 7.426 ;
; switch[1]  ; sevensegement2[6] ; 7.255 ;       ;       ; 7.608 ;
; switch[1]  ; sevensegement3[1] ; 7.026 ;       ;       ; 7.409 ;
; switch[1]  ; sevensegement3[2] ; 7.312 ;       ;       ; 7.681 ;
; switch[1]  ; sevensegement3[3] ; 7.312 ;       ;       ; 7.681 ;
; switch[1]  ; sevensegement3[4] ; 7.049 ;       ;       ; 7.431 ;
; switch[1]  ; sevensegement3[6] ; 7.027 ;       ;       ; 7.408 ;
+------------+-------------------+-------+-------+-------+-------+


+----------------------------------------------------------------+
; Minimum Propagation Delay                                      ;
+------------+-------------------+-------+-------+-------+-------+
; Input Port ; Output Port       ; RR    ; RF    ; FR    ; FF    ;
+------------+-------------------+-------+-------+-------+-------+
; switch[0]  ; sevensegement1[0] ; 3.940 ;       ;       ; 4.557 ;
; switch[0]  ; sevensegement1[1] ; 3.940 ;       ;       ; 4.557 ;
; switch[0]  ; sevensegement1[2] ; 3.817 ;       ;       ; 4.426 ;
; switch[0]  ; sevensegement1[3] ; 3.932 ;       ;       ; 4.547 ;
; switch[0]  ; sevensegement1[4] ; 3.932 ;       ;       ; 4.547 ;
; switch[0]  ; sevensegement1[5] ; 4.054 ;       ;       ; 4.686 ;
; switch[0]  ; sevensegement2[0] ;       ; 4.259 ; 4.787 ;       ;
; switch[0]  ; sevensegement2[3] ;       ; 4.269 ; 4.795 ;       ;
; switch[0]  ; sevensegement2[4] ;       ; 4.299 ; 4.825 ;       ;
; switch[0]  ; sevensegement2[5] ;       ; 4.167 ; 4.715 ;       ;
; switch[0]  ; sevensegement2[6] ;       ; 4.252 ; 4.794 ;       ;
; switch[0]  ; sevensegement3[1] ; 4.091 ;       ;       ; 4.731 ;
; switch[0]  ; sevensegement3[2] ; 4.249 ;       ;       ; 4.906 ;
; switch[0]  ; sevensegement3[3] ; 4.249 ;       ;       ; 4.906 ;
; switch[0]  ; sevensegement3[4] ; 4.114 ;       ;       ; 4.753 ;
; switch[0]  ; sevensegement3[6] ; 4.092 ;       ;       ; 4.731 ;
; switch[1]  ; sevensegement1[0] ;       ; 3.871 ; 4.451 ;       ;
; switch[1]  ; sevensegement1[1] ;       ; 3.871 ; 4.451 ;       ;
; switch[1]  ; sevensegement1[2] ;       ; 3.740 ; 4.328 ;       ;
; switch[1]  ; sevensegement1[3] ;       ; 3.861 ; 4.443 ;       ;
; switch[1]  ; sevensegement1[4] ;       ; 3.861 ; 4.443 ;       ;
; switch[1]  ; sevensegement1[5] ;       ; 4.000 ; 4.565 ;       ;
; switch[1]  ; sevensegement2[0] ; 4.114 ;       ;       ; 4.770 ;
; switch[1]  ; sevensegement2[3] ; 4.122 ;       ;       ; 4.780 ;
; switch[1]  ; sevensegement2[4] ; 4.152 ;       ;       ; 4.810 ;
; switch[1]  ; sevensegement2[5] ; 4.042 ;       ;       ; 4.678 ;
; switch[1]  ; sevensegement2[6] ; 4.121 ;       ;       ; 4.763 ;
; switch[1]  ; sevensegement3[1] ; 4.001 ;       ;       ; 4.640 ;
; switch[1]  ; sevensegement3[2] ; 4.159 ;       ;       ; 4.815 ;
; switch[1]  ; sevensegement3[3] ; 4.159 ;       ;       ; 4.815 ;
; switch[1]  ; sevensegement3[4] ; 4.024 ;       ;       ; 4.662 ;
; switch[1]  ; sevensegement3[6] ; 4.002 ;       ;       ; 4.640 ;
+------------+-------------------+-------+-------+-------+-------+


+----------------------------------------------------------------------------------------------------------------------------------------------------------------------------------------------------------------------------------------------------------------------------------------------------------------------------------------------------------------------------------------------------------------------+
; Board Trace Model Assignments                                                                                                                                                                                                                                                                                                                                                                                        ;
+-------------------+--------------+-------------------+-------------------------+-------------------------+---------------+---------------------+----------------+------------------+--------+------------------+------------------------+------------------------+--------------+---------------+-----------------+-------+---------------------+--------------------+---------------+-----------------+-------------+
; Pin               ; I/O Standard ; Near Tline Length ; Near Tline L per Length ; Near Tline C per Length ; Near Series R ; Near Differential R ; Near Pull-up R ; Near Pull-down R ; Near C ; Far Tline Length ; Far Tline L per Length ; Far Tline C per Length ; Far Series R ; Far Pull-up R ; Far Pull-down R ; Far C ; Termination Voltage ; Far Differential R ; EBD File Name ; EBD Signal Name ; EBD Far-end ;
+-------------------+--------------+-------------------+-------------------------+-------------------------+---------------+---------------------+----------------+------------------+--------+------------------+------------------------+------------------------+--------------+---------------+-----------------+-------+---------------------+--------------------+---------------+-----------------+-------------+
; sevensegement0[6] ; 2.5 V        ; 0 in              ; 0 H/in                  ; 0 F/in                  ; short         ; -                   ; open           ; open             ; open   ; 0 in             ; 0 H/in                 ; 0 F/in                 ; short        ; open          ; open            ; open  ; 0 V                 ; -                  ; n/a           ; n/a             ; n/a         ;
; sevensegement0[5] ; 2.5 V        ; 0 in              ; 0 H/in                  ; 0 F/in                  ; short         ; -                   ; open           ; open             ; open   ; 0 in             ; 0 H/in                 ; 0 F/in                 ; short        ; open          ; open            ; open  ; 0 V                 ; -                  ; n/a           ; n/a             ; n/a         ;
; sevensegement0[4] ; 2.5 V        ; 0 in              ; 0 H/in                  ; 0 F/in                  ; short         ; -                   ; open           ; open             ; open   ; 0 in             ; 0 H/in                 ; 0 F/in                 ; short        ; open          ; open            ; open  ; 0 V                 ; -                  ; n/a           ; n/a             ; n/a         ;
; sevensegement0[3] ; 2.5 V        ; 0 in              ; 0 H/in                  ; 0 F/in                  ; short         ; -                   ; open           ; open             ; open   ; 0 in             ; 0 H/in                 ; 0 F/in                 ; short        ; open          ; open            ; open  ; 0 V                 ; -                  ; n/a           ; n/a             ; n/a         ;
; sevensegement0[2] ; 2.5 V        ; 0 in              ; 0 H/in                  ; 0 F/in                  ; short         ; -                   ; open           ; open             ; open   ; 0 in             ; 0 H/in                 ; 0 F/in                 ; short        ; open          ; open            ; open  ; 0 V                 ; -                  ; n/a           ; n/a             ; n/a         ;
; sevensegement0[1] ; 2.5 V        ; 0 in              ; 0 H/in                  ; 0 F/in                  ; short         ; -                   ; open           ; open             ; open   ; 0 in             ; 0 H/in                 ; 0 F/in                 ; short        ; open          ; open            ; open  ; 0 V                 ; -                  ; n/a           ; n/a             ; n/a         ;
; sevensegement0[0] ; 2.5 V        ; 0 in              ; 0 H/in                  ; 0 F/in                  ; short         ; -                   ; open           ; open             ; open   ; 0 in             ; 0 H/in                 ; 0 F/in                 ; short        ; open          ; open            ; open  ; 0 V                 ; -                  ; n/a           ; n/a             ; n/a         ;
; sevensegement1[6] ; 2.5 V        ; 0 in              ; 0 H/in                  ; 0 F/in                  ; short         ; -                   ; open           ; open             ; open   ; 0 in             ; 0 H/in                 ; 0 F/in                 ; short        ; open          ; open            ; open  ; 0 V                 ; -                  ; n/a           ; n/a             ; n/a         ;
; sevensegement1[5] ; 2.5 V        ; 0 in              ; 0 H/in                  ; 0 F/in                  ; short         ; -                   ; open           ; open             ; open   ; 0 in             ; 0 H/in                 ; 0 F/in                 ; short        ; open          ; open            ; open  ; 0 V                 ; -                  ; n/a           ; n/a             ; n/a         ;
; sevensegement1[4] ; 2.5 V        ; 0 in              ; 0 H/in                  ; 0 F/in                  ; short         ; -                   ; open           ; open             ; open   ; 0 in             ; 0 H/in                 ; 0 F/in                 ; short        ; open          ; open            ; open  ; 0 V                 ; -                  ; n/a           ; n/a             ; n/a         ;
; sevensegement1[3] ; 2.5 V        ; 0 in              ; 0 H/in                  ; 0 F/in                  ; short         ; -                   ; open           ; open             ; open   ; 0 in             ; 0 H/in                 ; 0 F/in                 ; short        ; open          ; open            ; open  ; 0 V                 ; -                  ; n/a           ; n/a             ; n/a         ;
; sevensegement1[2] ; 2.5 V        ; 0 in              ; 0 H/in                  ; 0 F/in                  ; short         ; -                   ; open           ; open             ; open   ; 0 in             ; 0 H/in                 ; 0 F/in                 ; short        ; open          ; open            ; open  ; 0 V                 ; -                  ; n/a           ; n/a             ; n/a         ;
; sevensegement1[1] ; 2.5 V        ; 0 in              ; 0 H/in                  ; 0 F/in                  ; short         ; -                   ; open           ; open             ; open   ; 0 in             ; 0 H/in                 ; 0 F/in                 ; short        ; open          ; open            ; open  ; 0 V                 ; -                  ; n/a           ; n/a             ; n/a         ;
; sevensegement1[0] ; 2.5 V        ; 0 in              ; 0 H/in                  ; 0 F/in                  ; short         ; -                   ; open           ; open             ; open   ; 0 in             ; 0 H/in                 ; 0 F/in                 ; short        ; open          ; open            ; open  ; 0 V                 ; -                  ; n/a           ; n/a             ; n/a         ;
; sevensegement2[6] ; 2.5 V        ; 0 in              ; 0 H/in                  ; 0 F/in                  ; short         ; -                   ; open           ; open             ; open   ; 0 in             ; 0 H/in                 ; 0 F/in                 ; short        ; open          ; open            ; open  ; 0 V                 ; -                  ; n/a           ; n/a             ; n/a         ;
; sevensegement2[5] ; 2.5 V        ; 0 in              ; 0 H/in                  ; 0 F/in                  ; short         ; -                   ; open           ; open             ; open   ; 0 in             ; 0 H/in                 ; 0 F/in                 ; short        ; open          ; open            ; open  ; 0 V                 ; -                  ; n/a           ; n/a             ; n/a         ;
; sevensegement2[4] ; 2.5 V        ; 0 in              ; 0 H/in                  ; 0 F/in                  ; short         ; -                   ; open           ; open             ; open   ; 0 in             ; 0 H/in                 ; 0 F/in                 ; short        ; open          ; open            ; open  ; 0 V                 ; -                  ; n/a           ; n/a             ; n/a         ;
; sevensegement2[3] ; 2.5 V        ; 0 in              ; 0 H/in                  ; 0 F/in                  ; short         ; -                   ; open           ; open             ; open   ; 0 in             ; 0 H/in                 ; 0 F/in                 ; short        ; open          ; open            ; open  ; 0 V                 ; -                  ; n/a           ; n/a             ; n/a         ;
; sevensegement2[2] ; 2.5 V        ; 0 in              ; 0 H/in                  ; 0 F/in                  ; short         ; -                   ; open           ; open             ; open   ; 0 in             ; 0 H/in                 ; 0 F/in                 ; short        ; open          ; open            ; open  ; 0 V                 ; -                  ; n/a           ; n/a             ; n/a         ;
; sevensegement2[1] ; 2.5 V        ; 0 in              ; 0 H/in                  ; 0 F/in                  ; short         ; -                   ; open           ; open             ; open   ; 0 in             ; 0 H/in                 ; 0 F/in                 ; short        ; open          ; open            ; open  ; 0 V                 ; -                  ; n/a           ; n/a             ; n/a         ;
; sevensegement2[0] ; 2.5 V        ; 0 in              ; 0 H/in                  ; 0 F/in                  ; short         ; -                   ; open           ; open             ; open   ; 0 in             ; 0 H/in                 ; 0 F/in                 ; short        ; open          ; open            ; open  ; 0 V                 ; -                  ; n/a           ; n/a             ; n/a         ;
; sevensegement3[6] ; 2.5 V        ; 0 in              ; 0 H/in                  ; 0 F/in                  ; short         ; -                   ; open           ; open             ; open   ; 0 in             ; 0 H/in                 ; 0 F/in                 ; short        ; open          ; open            ; open  ; 0 V                 ; -                  ; n/a           ; n/a             ; n/a         ;
; sevensegement3[5] ; 2.5 V        ; 0 in              ; 0 H/in                  ; 0 F/in                  ; short         ; -                   ; open           ; open             ; open   ; 0 in             ; 0 H/in                 ; 0 F/in                 ; short        ; open          ; open            ; open  ; 0 V                 ; -                  ; n/a           ; n/a             ; n/a         ;
; sevensegement3[4] ; 2.5 V        ; 0 in              ; 0 H/in                  ; 0 F/in                  ; short         ; -                   ; open           ; open             ; open   ; 0 in             ; 0 H/in                 ; 0 F/in                 ; short        ; open          ; open            ; open  ; 0 V                 ; -                  ; n/a           ; n/a             ; n/a         ;
; sevensegement3[3] ; 2.5 V        ; 0 in              ; 0 H/in                  ; 0 F/in                  ; short         ; -                   ; open           ; open             ; open   ; 0 in             ; 0 H/in                 ; 0 F/in                 ; short        ; open          ; open            ; open  ; 0 V                 ; -                  ; n/a           ; n/a             ; n/a         ;
; sevensegement3[2] ; 2.5 V        ; 0 in              ; 0 H/in                  ; 0 F/in                  ; short         ; -                   ; open           ; open             ; open   ; 0 in             ; 0 H/in                 ; 0 F/in                 ; short        ; open          ; open            ; open  ; 0 V                 ; -                  ; n/a           ; n/a             ; n/a         ;
; sevensegement3[1] ; 2.5 V        ; 0 in              ; 0 H/in                  ; 0 F/in                  ; short         ; -                   ; open           ; open             ; open   ; 0 in             ; 0 H/in                 ; 0 F/in                 ; short        ; open          ; open            ; open  ; 0 V                 ; -                  ; n/a           ; n/a             ; n/a         ;
; sevensegement3[0] ; 2.5 V        ; 0 in              ; 0 H/in                  ; 0 F/in                  ; short         ; -                   ; open           ; open             ; open   ; 0 in             ; 0 H/in                 ; 0 F/in                 ; short        ; open          ; open            ; open  ; 0 V                 ; -                  ; n/a           ; n/a             ; n/a         ;
; ~ALTERA_DCLK~     ; 2.5 V        ; 0 in              ; 0 H/in                  ; 0 F/in                  ; short         ; -                   ; open           ; open             ; open   ; 0 in             ; 0 H/in                 ; 0 F/in                 ; short        ; open          ; open            ; open  ; 0 V                 ; -                  ; n/a           ; n/a             ; n/a         ;
; ~ALTERA_nCEO~     ; 2.5 V        ; 0 in              ; 0 H/in                  ; 0 F/in                  ; short         ; -                   ; open           ; open             ; open   ; 0 in             ; 0 H/in                 ; 0 F/in                 ; short        ; open          ; open            ; open  ; 0 V                 ; -                  ; n/a           ; n/a             ; n/a         ;
+-------------------+--------------+-------------------+-------------------------+-------------------------+---------------+---------------------+----------------+------------------+--------+------------------+------------------------+------------------------+--------------+---------------+-----------------+-------+---------------------+--------------------+---------------+-----------------+-------------+


+----------------------------------------------------------------------------+
; Input Transition Times                                                     ;
+-------------------------+--------------+-----------------+-----------------+
; Pin                     ; I/O Standard ; 10-90 Rise Time ; 90-10 Fall Time ;
+-------------------------+--------------+-----------------+-----------------+
; switch[0]               ; 2.5 V        ; 2000 ps         ; 2000 ps         ;
; switch[1]               ; 2.5 V        ; 2000 ps         ; 2000 ps         ;
; ~ALTERA_ASDO_DATA1~     ; 2.5 V        ; 2000 ps         ; 2000 ps         ;
; ~ALTERA_FLASH_nCE_nCSO~ ; 2.5 V        ; 2000 ps         ; 2000 ps         ;
; ~ALTERA_DATA0~          ; 2.5 V        ; 2000 ps         ; 2000 ps         ;
+-------------------------+--------------+-----------------+-----------------+


+------------------------------------------------------------------------------------------------------------------------------------------------------------------------------------------------------------------------------------------------------------------------------------------------------------------------------------------------------------------------------------------------------------------------------------------------------------------------------------------------------------------------------------------------------------------------------------------------------------------------------------------------------------------------------------------------+
; Slow Corner Signal Integrity Metrics                                                                                                                                                                                                                                                                                                                                                                                                                                                                                                                                                                                                                                                           ;
+-------------------+--------------+---------------------+---------------------+------------------------------+------------------------------+---------------------+---------------------+--------------------------------------+--------------------------------------+-----------------------------+-----------------------------+----------------------------+----------------------------+-----------------------------+-----------------------------+--------------------+--------------------+-------------------------------------+-------------------------------------+----------------------------+----------------------------+---------------------------+---------------------------+
; Pin               ; I/O Standard ; Board Delay on Rise ; Board Delay on Fall ; Steady State Voh at FPGA Pin ; Steady State Vol at FPGA Pin ; Voh Max at FPGA Pin ; Vol Min at FPGA Pin ; Ringback Voltage on Rise at FPGA Pin ; Ringback Voltage on Fall at FPGA Pin ; 10-90 Rise Time at FPGA Pin ; 90-10 Fall Time at FPGA Pin ; Monotonic Rise at FPGA Pin ; Monotonic Fall at FPGA Pin ; Steady State Voh at Far-end ; Steady State Vol at Far-end ; Voh Max at Far-end ; Vol Min at Far-end ; Ringback Voltage on Rise at Far-end ; Ringback Voltage on Fall at Far-end ; 10-90 Rise Time at Far-end ; 90-10 Fall Time at Far-end ; Monotonic Rise at Far-end ; Monotonic Fall at Far-end ;
+-------------------+--------------+---------------------+---------------------+------------------------------+------------------------------+---------------------+---------------------+--------------------------------------+--------------------------------------+-----------------------------+-----------------------------+----------------------------+----------------------------+-----------------------------+-----------------------------+--------------------+--------------------+-------------------------------------+-------------------------------------+----------------------------+----------------------------+---------------------------+---------------------------+
; sevensegement0[6] ; 2.5 V        ; 0 s                 ; 0 s                 ; 2.32 V                       ; 1.08e-06 V                   ; 2.36 V              ; -0.0113 V           ; 0.122 V                              ; 0.022 V                              ; 4.5e-10 s                   ; 4.45e-10 s                  ; Yes                        ; Yes                        ; 2.32 V                      ; 1.08e-06 V                  ; 2.36 V             ; -0.0113 V          ; 0.122 V                             ; 0.022 V                             ; 4.5e-10 s                  ; 4.45e-10 s                 ; Yes                       ; Yes                       ;
; sevensegement0[5] ; 2.5 V        ; 0 s                 ; 0 s                 ; 2.32 V                       ; 1.08e-06 V                   ; 2.36 V              ; -0.0113 V           ; 0.122 V                              ; 0.022 V                              ; 4.5e-10 s                   ; 4.45e-10 s                  ; Yes                        ; Yes                        ; 2.32 V                      ; 1.08e-06 V                  ; 2.36 V             ; -0.0113 V          ; 0.122 V                             ; 0.022 V                             ; 4.5e-10 s                  ; 4.45e-10 s                 ; Yes                       ; Yes                       ;
; sevensegement0[4] ; 2.5 V        ; 0 s                 ; 0 s                 ; 2.32 V                       ; 1.08e-06 V                   ; 2.36 V              ; -0.0113 V           ; 0.122 V                              ; 0.022 V                              ; 4.5e-10 s                   ; 4.45e-10 s                  ; Yes                        ; Yes                        ; 2.32 V                      ; 1.08e-06 V                  ; 2.36 V             ; -0.0113 V          ; 0.122 V                             ; 0.022 V                             ; 4.5e-10 s                  ; 4.45e-10 s                 ; Yes                       ; Yes                       ;
; sevensegement0[3] ; 2.5 V        ; 0 s                 ; 0 s                 ; 2.32 V                       ; 1.08e-06 V                   ; 2.36 V              ; -0.0113 V           ; 0.122 V                              ; 0.022 V                              ; 4.5e-10 s                   ; 4.45e-10 s                  ; Yes                        ; Yes                        ; 2.32 V                      ; 1.08e-06 V                  ; 2.36 V             ; -0.0113 V          ; 0.122 V                             ; 0.022 V                             ; 4.5e-10 s                  ; 4.45e-10 s                 ; Yes                       ; Yes                       ;
; sevensegement0[2] ; 2.5 V        ; 0 s                 ; 0 s                 ; 2.32 V                       ; 1.08e-06 V                   ; 2.36 V              ; -0.0113 V           ; 0.122 V                              ; 0.022 V                              ; 4.5e-10 s                   ; 4.45e-10 s                  ; Yes                        ; Yes                        ; 2.32 V                      ; 1.08e-06 V                  ; 2.36 V             ; -0.0113 V          ; 0.122 V                             ; 0.022 V                             ; 4.5e-10 s                  ; 4.45e-10 s                 ; Yes                       ; Yes                       ;
; sevensegement0[1] ; 2.5 V        ; 0 s                 ; 0 s                 ; 2.32 V                       ; 1.08e-06 V                   ; 2.36 V              ; -0.0113 V           ; 0.122 V                              ; 0.022 V                              ; 4.5e-10 s                   ; 4.45e-10 s                  ; Yes                        ; Yes                        ; 2.32 V                      ; 1.08e-06 V                  ; 2.36 V             ; -0.0113 V          ; 0.122 V                             ; 0.022 V                             ; 4.5e-10 s                  ; 4.45e-10 s                 ; Yes                       ; Yes                       ;
; sevensegement0[0] ; 2.5 V        ; 0 s                 ; 0 s                 ; 2.32 V                       ; 1.08e-06 V                   ; 2.36 V              ; -0.0113 V           ; 0.122 V                              ; 0.022 V                              ; 4.5e-10 s                   ; 4.45e-10 s                  ; Yes                        ; Yes                        ; 2.32 V                      ; 1.08e-06 V                  ; 2.36 V             ; -0.0113 V          ; 0.122 V                             ; 0.022 V                             ; 4.5e-10 s                  ; 4.45e-10 s                 ; Yes                       ; Yes                       ;
; sevensegement1[6] ; 2.5 V        ; 0 s                 ; 0 s                 ; 2.32 V                       ; 1.08e-06 V                   ; 2.36 V              ; -0.0113 V           ; 0.122 V                              ; 0.022 V                              ; 4.5e-10 s                   ; 4.45e-10 s                  ; Yes                        ; Yes                        ; 2.32 V                      ; 1.08e-06 V                  ; 2.36 V             ; -0.0113 V          ; 0.122 V                             ; 0.022 V                             ; 4.5e-10 s                  ; 4.45e-10 s                 ; Yes                       ; Yes                       ;
; sevensegement1[5] ; 2.5 V        ; 0 s                 ; 0 s                 ; 2.32 V                       ; 1.08e-06 V                   ; 2.36 V              ; -0.0113 V           ; 0.122 V                              ; 0.022 V                              ; 4.5e-10 s                   ; 4.45e-10 s                  ; Yes                        ; Yes                        ; 2.32 V                      ; 1.08e-06 V                  ; 2.36 V             ; -0.0113 V          ; 0.122 V                             ; 0.022 V                             ; 4.5e-10 s                  ; 4.45e-10 s                 ; Yes                       ; Yes                       ;
; sevensegement1[4] ; 2.5 V        ; 0 s                 ; 0 s                 ; 2.32 V                       ; 1.08e-06 V                   ; 2.36 V              ; -0.0113 V           ; 0.122 V                              ; 0.022 V                              ; 4.5e-10 s                   ; 4.45e-10 s                  ; Yes                        ; Yes                        ; 2.32 V                      ; 1.08e-06 V                  ; 2.36 V             ; -0.0113 V          ; 0.122 V                             ; 0.022 V                             ; 4.5e-10 s                  ; 4.45e-10 s                 ; Yes                       ; Yes                       ;
; sevensegement1[3] ; 2.5 V        ; 0 s                 ; 0 s                 ; 2.32 V                       ; 1.08e-06 V                   ; 2.36 V              ; -0.0113 V           ; 0.122 V                              ; 0.022 V                              ; 4.5e-10 s                   ; 4.45e-10 s                  ; Yes                        ; Yes                        ; 2.32 V                      ; 1.08e-06 V                  ; 2.36 V             ; -0.0113 V          ; 0.122 V                             ; 0.022 V                             ; 4.5e-10 s                  ; 4.45e-10 s                 ; Yes                       ; Yes                       ;
; sevensegement1[2] ; 2.5 V        ; 0 s                 ; 0 s                 ; 2.32 V                       ; 1.08e-06 V                   ; 2.36 V              ; -0.0113 V           ; 0.122 V                              ; 0.022 V                              ; 4.5e-10 s                   ; 4.45e-10 s                  ; Yes                        ; Yes                        ; 2.32 V                      ; 1.08e-06 V                  ; 2.36 V             ; -0.0113 V          ; 0.122 V                             ; 0.022 V                             ; 4.5e-10 s                  ; 4.45e-10 s                 ; Yes                       ; Yes                       ;
; sevensegement1[1] ; 2.5 V        ; 0 s                 ; 0 s                 ; 2.32 V                       ; 1.08e-06 V                   ; 2.36 V              ; -0.0113 V           ; 0.122 V                              ; 0.022 V                              ; 4.5e-10 s                   ; 4.45e-10 s                  ; Yes                        ; Yes                        ; 2.32 V                      ; 1.08e-06 V                  ; 2.36 V             ; -0.0113 V          ; 0.122 V                             ; 0.022 V                             ; 4.5e-10 s                  ; 4.45e-10 s                 ; Yes                       ; Yes                       ;
; sevensegement1[0] ; 2.5 V        ; 0 s                 ; 0 s                 ; 2.32 V                       ; 1.08e-06 V                   ; 2.36 V              ; -0.0113 V           ; 0.122 V                              ; 0.022 V                              ; 4.5e-10 s                   ; 4.45e-10 s                  ; Yes                        ; Yes                        ; 2.32 V                      ; 1.08e-06 V                  ; 2.36 V             ; -0.0113 V          ; 0.122 V                             ; 0.022 V                             ; 4.5e-10 s                  ; 4.45e-10 s                 ; Yes                       ; Yes                       ;
; sevensegement2[6] ; 2.5 V        ; 0 s                 ; 0 s                 ; 2.32 V                       ; 1.08e-06 V                   ; 2.36 V              ; -0.0113 V           ; 0.122 V                              ; 0.022 V                              ; 4.5e-10 s                   ; 4.45e-10 s                  ; Yes                        ; Yes                        ; 2.32 V                      ; 1.08e-06 V                  ; 2.36 V             ; -0.0113 V          ; 0.122 V                             ; 0.022 V                             ; 4.5e-10 s                  ; 4.45e-10 s                 ; Yes                       ; Yes                       ;
; sevensegement2[5] ; 2.5 V        ; 0 s                 ; 0 s                 ; 2.32 V                       ; 1.08e-06 V                   ; 2.36 V              ; -0.0113 V           ; 0.122 V                              ; 0.022 V                              ; 4.5e-10 s                   ; 4.45e-10 s                  ; Yes                        ; Yes                        ; 2.32 V                      ; 1.08e-06 V                  ; 2.36 V             ; -0.0113 V          ; 0.122 V                             ; 0.022 V                             ; 4.5e-10 s                  ; 4.45e-10 s                 ; Yes                       ; Yes                       ;
; sevensegement2[4] ; 2.5 V        ; 0 s                 ; 0 s                 ; 2.32 V                       ; 1.08e-06 V                   ; 2.36 V              ; -0.0113 V           ; 0.122 V                              ; 0.022 V                              ; 4.5e-10 s                   ; 4.45e-10 s                  ; Yes                        ; Yes                        ; 2.32 V                      ; 1.08e-06 V                  ; 2.36 V             ; -0.0113 V          ; 0.122 V                             ; 0.022 V                             ; 4.5e-10 s                  ; 4.45e-10 s                 ; Yes                       ; Yes                       ;
; sevensegement2[3] ; 2.5 V        ; 0 s                 ; 0 s                 ; 2.32 V                       ; 1.08e-06 V                   ; 2.36 V              ; -0.0113 V           ; 0.122 V                              ; 0.022 V                              ; 4.5e-10 s                   ; 4.45e-10 s                  ; Yes                        ; Yes                        ; 2.32 V                      ; 1.08e-06 V                  ; 2.36 V             ; -0.0113 V          ; 0.122 V                             ; 0.022 V                             ; 4.5e-10 s                  ; 4.45e-10 s                 ; Yes                       ; Yes                       ;
; sevensegement2[2] ; 2.5 V        ; 0 s                 ; 0 s                 ; 2.32 V                       ; 1.08e-06 V                   ; 2.36 V              ; -0.0113 V           ; 0.122 V                              ; 0.022 V                              ; 4.5e-10 s                   ; 4.45e-10 s                  ; Yes                        ; Yes                        ; 2.32 V                      ; 1.08e-06 V                  ; 2.36 V             ; -0.0113 V          ; 0.122 V                             ; 0.022 V                             ; 4.5e-10 s                  ; 4.45e-10 s                 ; Yes                       ; Yes                       ;
; sevensegement2[1] ; 2.5 V        ; 0 s                 ; 0 s                 ; 2.32 V                       ; 1.08e-06 V                   ; 2.36 V              ; -0.0113 V           ; 0.122 V                              ; 0.022 V                              ; 4.5e-10 s                   ; 4.45e-10 s                  ; Yes                        ; Yes                        ; 2.32 V                      ; 1.08e-06 V                  ; 2.36 V             ; -0.0113 V          ; 0.122 V                             ; 0.022 V                             ; 4.5e-10 s                  ; 4.45e-10 s                 ; Yes                       ; Yes                       ;
; sevensegement2[0] ; 2.5 V        ; 0 s                 ; 0 s                 ; 2.32 V                       ; 1.08e-06 V                   ; 2.36 V              ; -0.0113 V           ; 0.122 V                              ; 0.022 V                              ; 4.5e-10 s                   ; 4.45e-10 s                  ; Yes                        ; Yes                        ; 2.32 V                      ; 1.08e-06 V                  ; 2.36 V             ; -0.0113 V          ; 0.122 V                             ; 0.022 V                             ; 4.5e-10 s                  ; 4.45e-10 s                 ; Yes                       ; Yes                       ;
; sevensegement3[6] ; 2.5 V        ; 0 s                 ; 0 s                 ; 2.32 V                       ; 1.08e-06 V                   ; 2.36 V              ; -0.0113 V           ; 0.122 V                              ; 0.022 V                              ; 4.5e-10 s                   ; 4.45e-10 s                  ; Yes                        ; Yes                        ; 2.32 V                      ; 1.08e-06 V                  ; 2.36 V             ; -0.0113 V          ; 0.122 V                             ; 0.022 V                             ; 4.5e-10 s                  ; 4.45e-10 s                 ; Yes                       ; Yes                       ;
; sevensegement3[5] ; 2.5 V        ; 0 s                 ; 0 s                 ; 2.32 V                       ; 1.08e-06 V                   ; 2.36 V              ; -0.0113 V           ; 0.122 V                              ; 0.022 V                              ; 4.5e-10 s                   ; 4.45e-10 s                  ; Yes                        ; Yes                        ; 2.32 V                      ; 1.08e-06 V                  ; 2.36 V             ; -0.0113 V          ; 0.122 V                             ; 0.022 V                             ; 4.5e-10 s                  ; 4.45e-10 s                 ; Yes                       ; Yes                       ;
; sevensegement3[4] ; 2.5 V        ; 0 s                 ; 0 s                 ; 2.32 V                       ; 1.08e-06 V                   ; 2.36 V              ; -0.0113 V           ; 0.122 V                              ; 0.022 V                              ; 4.5e-10 s                   ; 4.45e-10 s                  ; Yes                        ; Yes                        ; 2.32 V                      ; 1.08e-06 V                  ; 2.36 V             ; -0.0113 V          ; 0.122 V                             ; 0.022 V                             ; 4.5e-10 s                  ; 4.45e-10 s                 ; Yes                       ; Yes                       ;
; sevensegement3[3] ; 2.5 V        ; 0 s                 ; 0 s                 ; 2.32 V                       ; 1.08e-06 V                   ; 2.36 V              ; -0.0113 V           ; 0.122 V                              ; 0.022 V                              ; 4.5e-10 s                   ; 4.45e-10 s                  ; Yes                        ; Yes                        ; 2.32 V                      ; 1.08e-06 V                  ; 2.36 V             ; -0.0113 V          ; 0.122 V                             ; 0.022 V                             ; 4.5e-10 s                  ; 4.45e-10 s                 ; Yes                       ; Yes                       ;
; sevensegement3[2] ; 2.5 V        ; 0 s                 ; 0 s                 ; 2.32 V                       ; 1.08e-06 V                   ; 2.36 V              ; -0.0113 V           ; 0.122 V                              ; 0.022 V                              ; 4.5e-10 s                   ; 4.45e-10 s                  ; Yes                        ; Yes                        ; 2.32 V                      ; 1.08e-06 V                  ; 2.36 V             ; -0.0113 V          ; 0.122 V                             ; 0.022 V                             ; 4.5e-10 s                  ; 4.45e-10 s                 ; Yes                       ; Yes                       ;
; sevensegement3[1] ; 2.5 V        ; 0 s                 ; 0 s                 ; 2.32 V                       ; 1.08e-06 V                   ; 2.36 V              ; -0.0113 V           ; 0.122 V                              ; 0.022 V                              ; 4.5e-10 s                   ; 4.45e-10 s                  ; Yes                        ; Yes                        ; 2.32 V                      ; 1.08e-06 V                  ; 2.36 V             ; -0.0113 V          ; 0.122 V                             ; 0.022 V                             ; 4.5e-10 s                  ; 4.45e-10 s                 ; Yes                       ; Yes                       ;
; sevensegement3[0] ; 2.5 V        ; 0 s                 ; 0 s                 ; 2.32 V                       ; 1.08e-06 V                   ; 2.36 V              ; -0.0113 V           ; 0.122 V                              ; 0.022 V                              ; 4.5e-10 s                   ; 4.45e-10 s                  ; Yes                        ; Yes                        ; 2.32 V                      ; 1.08e-06 V                  ; 2.36 V             ; -0.0113 V          ; 0.122 V                             ; 0.022 V                             ; 4.5e-10 s                  ; 4.45e-10 s                 ; Yes                       ; Yes                       ;
; ~ALTERA_DCLK~     ; 2.5 V        ; 0 s                 ; 0 s                 ; 2.32 V                       ; 5.68e-07 V                   ; 2.35 V              ; -0.0132 V           ; 0.2 V                                ; 0.027 V                              ; 5.26e-10 s                  ; 4.81e-10 s                  ; Yes                        ; Yes                        ; 2.32 V                      ; 5.68e-07 V                  ; 2.35 V             ; -0.0132 V          ; 0.2 V                               ; 0.027 V                             ; 5.26e-10 s                 ; 4.81e-10 s                 ; Yes                       ; Yes                       ;
; ~ALTERA_nCEO~     ; 2.5 V        ; 0 s                 ; 0 s                 ; 2.32 V                       ; 9.36e-07 V                   ; 2.35 V              ; -0.00444 V          ; 0.18 V                               ; 0.019 V                              ; 7.23e-10 s                  ; 9.82e-10 s                  ; Yes                        ; Yes                        ; 2.32 V                      ; 9.36e-07 V                  ; 2.35 V             ; -0.00444 V         ; 0.18 V                              ; 0.019 V                             ; 7.23e-10 s                 ; 9.82e-10 s                 ; Yes                       ; Yes                       ;
+-------------------+--------------+---------------------+---------------------+------------------------------+------------------------------+---------------------+---------------------+--------------------------------------+--------------------------------------+-----------------------------+-----------------------------+----------------------------+----------------------------+-----------------------------+-----------------------------+--------------------+--------------------+-------------------------------------+-------------------------------------+----------------------------+----------------------------+---------------------------+---------------------------+


+------------------------------------------------------------------------------------------------------------------------------------------------------------------------------------------------------------------------------------------------------------------------------------------------------------------------------------------------------------------------------------------------------------------------------------------------------------------------------------------------------------------------------------------------------------------------------------------------------------------------------------------------------------------------------------------------+
; Fast Corner Signal Integrity Metrics                                                                                                                                                                                                                                                                                                                                                                                                                                                                                                                                                                                                                                                           ;
+-------------------+--------------+---------------------+---------------------+------------------------------+------------------------------+---------------------+---------------------+--------------------------------------+--------------------------------------+-----------------------------+-----------------------------+----------------------------+----------------------------+-----------------------------+-----------------------------+--------------------+--------------------+-------------------------------------+-------------------------------------+----------------------------+----------------------------+---------------------------+---------------------------+
; Pin               ; I/O Standard ; Board Delay on Rise ; Board Delay on Fall ; Steady State Voh at FPGA Pin ; Steady State Vol at FPGA Pin ; Voh Max at FPGA Pin ; Vol Min at FPGA Pin ; Ringback Voltage on Rise at FPGA Pin ; Ringback Voltage on Fall at FPGA Pin ; 10-90 Rise Time at FPGA Pin ; 90-10 Fall Time at FPGA Pin ; Monotonic Rise at FPGA Pin ; Monotonic Fall at FPGA Pin ; Steady State Voh at Far-end ; Steady State Vol at Far-end ; Voh Max at Far-end ; Vol Min at Far-end ; Ringback Voltage on Rise at Far-end ; Ringback Voltage on Fall at Far-end ; 10-90 Rise Time at Far-end ; 90-10 Fall Time at Far-end ; Monotonic Rise at Far-end ; Monotonic Fall at Far-end ;
+-------------------+--------------+---------------------+---------------------+------------------------------+------------------------------+---------------------+---------------------+--------------------------------------+--------------------------------------+-----------------------------+-----------------------------+----------------------------+----------------------------+-----------------------------+-----------------------------+--------------------+--------------------+-------------------------------------+-------------------------------------+----------------------------+----------------------------+---------------------------+---------------------------+
; sevensegement0[6] ; 2.5 V        ; 0 s                 ; 0 s                 ; 2.62 V                       ; 4.11e-08 V                   ; 2.73 V              ; -0.0566 V           ; 0.191 V                              ; 0.12 V                               ; 2.69e-10 s                  ; 2.76e-10 s                  ; Yes                        ; Yes                        ; 2.62 V                      ; 4.11e-08 V                  ; 2.73 V             ; -0.0566 V          ; 0.191 V                             ; 0.12 V                              ; 2.69e-10 s                 ; 2.76e-10 s                 ; Yes                       ; Yes                       ;
; sevensegement0[5] ; 2.5 V        ; 0 s                 ; 0 s                 ; 2.62 V                       ; 4.11e-08 V                   ; 2.73 V              ; -0.0566 V           ; 0.191 V                              ; 0.12 V                               ; 2.69e-10 s                  ; 2.76e-10 s                  ; Yes                        ; Yes                        ; 2.62 V                      ; 4.11e-08 V                  ; 2.73 V             ; -0.0566 V          ; 0.191 V                             ; 0.12 V                              ; 2.69e-10 s                 ; 2.76e-10 s                 ; Yes                       ; Yes                       ;
; sevensegement0[4] ; 2.5 V        ; 0 s                 ; 0 s                 ; 2.62 V                       ; 4.11e-08 V                   ; 2.73 V              ; -0.0566 V           ; 0.191 V                              ; 0.12 V                               ; 2.69e-10 s                  ; 2.76e-10 s                  ; Yes                        ; Yes                        ; 2.62 V                      ; 4.11e-08 V                  ; 2.73 V             ; -0.0566 V          ; 0.191 V                             ; 0.12 V                              ; 2.69e-10 s                 ; 2.76e-10 s                 ; Yes                       ; Yes                       ;
; sevensegement0[3] ; 2.5 V        ; 0 s                 ; 0 s                 ; 2.62 V                       ; 4.11e-08 V                   ; 2.73 V              ; -0.0566 V           ; 0.191 V                              ; 0.12 V                               ; 2.69e-10 s                  ; 2.76e-10 s                  ; Yes                        ; Yes                        ; 2.62 V                      ; 4.11e-08 V                  ; 2.73 V             ; -0.0566 V          ; 0.191 V                             ; 0.12 V                              ; 2.69e-10 s                 ; 2.76e-10 s                 ; Yes                       ; Yes                       ;
; sevensegement0[2] ; 2.5 V        ; 0 s                 ; 0 s                 ; 2.62 V                       ; 4.11e-08 V                   ; 2.73 V              ; -0.0566 V           ; 0.191 V                              ; 0.12 V                               ; 2.69e-10 s                  ; 2.76e-10 s                  ; Yes                        ; Yes                        ; 2.62 V                      ; 4.11e-08 V                  ; 2.73 V             ; -0.0566 V          ; 0.191 V                             ; 0.12 V                              ; 2.69e-10 s                 ; 2.76e-10 s                 ; Yes                       ; Yes                       ;
; sevensegement0[1] ; 2.5 V        ; 0 s                 ; 0 s                 ; 2.62 V                       ; 4.11e-08 V                   ; 2.73 V              ; -0.0566 V           ; 0.191 V                              ; 0.12 V                               ; 2.69e-10 s                  ; 2.76e-10 s                  ; Yes                        ; Yes                        ; 2.62 V                      ; 4.11e-08 V                  ; 2.73 V             ; -0.0566 V          ; 0.191 V                             ; 0.12 V                              ; 2.69e-10 s                 ; 2.76e-10 s                 ; Yes                       ; Yes                       ;
; sevensegement0[0] ; 2.5 V        ; 0 s                 ; 0 s                 ; 2.62 V                       ; 4.11e-08 V                   ; 2.73 V              ; -0.0566 V           ; 0.191 V                              ; 0.12 V                               ; 2.69e-10 s                  ; 2.76e-10 s                  ; Yes                        ; Yes                        ; 2.62 V                      ; 4.11e-08 V                  ; 2.73 V             ; -0.0566 V          ; 0.191 V                             ; 0.12 V                              ; 2.69e-10 s                 ; 2.76e-10 s                 ; Yes                       ; Yes                       ;
; sevensegement1[6] ; 2.5 V        ; 0 s                 ; 0 s                 ; 2.62 V                       ; 4.11e-08 V                   ; 2.73 V              ; -0.0566 V           ; 0.191 V                              ; 0.12 V                               ; 2.69e-10 s                  ; 2.76e-10 s                  ; Yes                        ; Yes                        ; 2.62 V                      ; 4.11e-08 V                  ; 2.73 V             ; -0.0566 V          ; 0.191 V                             ; 0.12 V                              ; 2.69e-10 s                 ; 2.76e-10 s                 ; Yes                       ; Yes                       ;
; sevensegement1[5] ; 2.5 V        ; 0 s                 ; 0 s                 ; 2.62 V                       ; 4.11e-08 V                   ; 2.73 V              ; -0.0566 V           ; 0.191 V                              ; 0.12 V                               ; 2.69e-10 s                  ; 2.76e-10 s                  ; Yes                        ; Yes                        ; 2.62 V                      ; 4.11e-08 V                  ; 2.73 V             ; -0.0566 V          ; 0.191 V                             ; 0.12 V                              ; 2.69e-10 s                 ; 2.76e-10 s                 ; Yes                       ; Yes                       ;
; sevensegement1[4] ; 2.5 V        ; 0 s                 ; 0 s                 ; 2.62 V                       ; 4.11e-08 V                   ; 2.73 V              ; -0.0566 V           ; 0.191 V                              ; 0.12 V                               ; 2.69e-10 s                  ; 2.76e-10 s                  ; Yes                        ; Yes                        ; 2.62 V                      ; 4.11e-08 V                  ; 2.73 V             ; -0.0566 V          ; 0.191 V                             ; 0.12 V                              ; 2.69e-10 s                 ; 2.76e-10 s                 ; Yes                       ; Yes                       ;
; sevensegement1[3] ; 2.5 V        ; 0 s                 ; 0 s                 ; 2.62 V                       ; 4.11e-08 V                   ; 2.73 V              ; -0.0566 V           ; 0.191 V                              ; 0.12 V                               ; 2.69e-10 s                  ; 2.76e-10 s                  ; Yes                        ; Yes                        ; 2.62 V                      ; 4.11e-08 V                  ; 2.73 V             ; -0.0566 V          ; 0.191 V                             ; 0.12 V                              ; 2.69e-10 s                 ; 2.76e-10 s                 ; Yes                       ; Yes                       ;
; sevensegement1[2] ; 2.5 V        ; 0 s                 ; 0 s                 ; 2.62 V                       ; 4.11e-08 V                   ; 2.73 V              ; -0.0566 V           ; 0.191 V                              ; 0.12 V                               ; 2.69e-10 s                  ; 2.76e-10 s                  ; Yes                        ; Yes                        ; 2.62 V                      ; 4.11e-08 V                  ; 2.73 V             ; -0.0566 V          ; 0.191 V                             ; 0.12 V                              ; 2.69e-10 s                 ; 2.76e-10 s                 ; Yes                       ; Yes                       ;
; sevensegement1[1] ; 2.5 V        ; 0 s                 ; 0 s                 ; 2.62 V                       ; 4.11e-08 V                   ; 2.73 V              ; -0.0566 V           ; 0.191 V                              ; 0.12 V                               ; 2.69e-10 s                  ; 2.76e-10 s                  ; Yes                        ; Yes                        ; 2.62 V                      ; 4.11e-08 V                  ; 2.73 V             ; -0.0566 V          ; 0.191 V                             ; 0.12 V                              ; 2.69e-10 s                 ; 2.76e-10 s                 ; Yes                       ; Yes                       ;
; sevensegement1[0] ; 2.5 V        ; 0 s                 ; 0 s                 ; 2.62 V                       ; 4.11e-08 V                   ; 2.73 V              ; -0.0566 V           ; 0.191 V                              ; 0.12 V                               ; 2.69e-10 s                  ; 2.76e-10 s                  ; Yes                        ; Yes                        ; 2.62 V                      ; 4.11e-08 V                  ; 2.73 V             ; -0.0566 V          ; 0.191 V                             ; 0.12 V                              ; 2.69e-10 s                 ; 2.76e-10 s                 ; Yes                       ; Yes                       ;
; sevensegement2[6] ; 2.5 V        ; 0 s                 ; 0 s                 ; 2.62 V                       ; 4.11e-08 V                   ; 2.73 V              ; -0.0566 V           ; 0.191 V                              ; 0.12 V                               ; 2.69e-10 s                  ; 2.76e-10 s                  ; Yes                        ; Yes                        ; 2.62 V                      ; 4.11e-08 V                  ; 2.73 V             ; -0.0566 V          ; 0.191 V                             ; 0.12 V                              ; 2.69e-10 s                 ; 2.76e-10 s                 ; Yes                       ; Yes                       ;
; sevensegement2[5] ; 2.5 V        ; 0 s                 ; 0 s                 ; 2.62 V                       ; 4.11e-08 V                   ; 2.73 V              ; -0.0566 V           ; 0.191 V                              ; 0.12 V                               ; 2.69e-10 s                  ; 2.76e-10 s                  ; Yes                        ; Yes                        ; 2.62 V                      ; 4.11e-08 V                  ; 2.73 V             ; -0.0566 V          ; 0.191 V                             ; 0.12 V                              ; 2.69e-10 s                 ; 2.76e-10 s                 ; Yes                       ; Yes                       ;
; sevensegement2[4] ; 2.5 V        ; 0 s                 ; 0 s                 ; 2.62 V                       ; 4.11e-08 V                   ; 2.73 V              ; -0.0566 V           ; 0.191 V                              ; 0.12 V                               ; 2.69e-10 s                  ; 2.76e-10 s                  ; Yes                        ; Yes                        ; 2.62 V                      ; 4.11e-08 V                  ; 2.73 V             ; -0.0566 V          ; 0.191 V                             ; 0.12 V                              ; 2.69e-10 s                 ; 2.76e-10 s                 ; Yes                       ; Yes                       ;
; sevensegement2[3] ; 2.5 V        ; 0 s                 ; 0 s                 ; 2.62 V                       ; 4.11e-08 V                   ; 2.73 V              ; -0.0566 V           ; 0.191 V                              ; 0.12 V                               ; 2.69e-10 s                  ; 2.76e-10 s                  ; Yes                        ; Yes                        ; 2.62 V                      ; 4.11e-08 V                  ; 2.73 V             ; -0.0566 V          ; 0.191 V                             ; 0.12 V                              ; 2.69e-10 s                 ; 2.76e-10 s                 ; Yes                       ; Yes                       ;
; sevensegement2[2] ; 2.5 V        ; 0 s                 ; 0 s                 ; 2.62 V                       ; 4.11e-08 V                   ; 2.73 V              ; -0.0566 V           ; 0.191 V                              ; 0.12 V                               ; 2.69e-10 s                  ; 2.76e-10 s                  ; Yes                        ; Yes                        ; 2.62 V                      ; 4.11e-08 V                  ; 2.73 V             ; -0.0566 V          ; 0.191 V                             ; 0.12 V                              ; 2.69e-10 s                 ; 2.76e-10 s                 ; Yes                       ; Yes                       ;
; sevensegement2[1] ; 2.5 V        ; 0 s                 ; 0 s                 ; 2.62 V                       ; 4.11e-08 V                   ; 2.73 V              ; -0.0566 V           ; 0.191 V                              ; 0.12 V                               ; 2.69e-10 s                  ; 2.76e-10 s                  ; Yes                        ; Yes                        ; 2.62 V                      ; 4.11e-08 V                  ; 2.73 V             ; -0.0566 V          ; 0.191 V                             ; 0.12 V                              ; 2.69e-10 s                 ; 2.76e-10 s                 ; Yes                       ; Yes                       ;
; sevensegement2[0] ; 2.5 V        ; 0 s                 ; 0 s                 ; 2.62 V                       ; 4.11e-08 V                   ; 2.73 V              ; -0.0566 V           ; 0.191 V                              ; 0.12 V                               ; 2.69e-10 s                  ; 2.76e-10 s                  ; Yes                        ; Yes                        ; 2.62 V                      ; 4.11e-08 V                  ; 2.73 V             ; -0.0566 V          ; 0.191 V                             ; 0.12 V                              ; 2.69e-10 s                 ; 2.76e-10 s                 ; Yes                       ; Yes                       ;
; sevensegement3[6] ; 2.5 V        ; 0 s                 ; 0 s                 ; 2.62 V                       ; 4.11e-08 V                   ; 2.73 V              ; -0.0566 V           ; 0.191 V                              ; 0.12 V                               ; 2.69e-10 s                  ; 2.76e-10 s                  ; Yes                        ; Yes                        ; 2.62 V                      ; 4.11e-08 V                  ; 2.73 V             ; -0.0566 V          ; 0.191 V                             ; 0.12 V                              ; 2.69e-10 s                 ; 2.76e-10 s                 ; Yes                       ; Yes                       ;
; sevensegement3[5] ; 2.5 V        ; 0 s                 ; 0 s                 ; 2.62 V                       ; 4.11e-08 V                   ; 2.73 V              ; -0.0566 V           ; 0.191 V                              ; 0.12 V                               ; 2.69e-10 s                  ; 2.76e-10 s                  ; Yes                        ; Yes                        ; 2.62 V                      ; 4.11e-08 V                  ; 2.73 V             ; -0.0566 V          ; 0.191 V                             ; 0.12 V                              ; 2.69e-10 s                 ; 2.76e-10 s                 ; Yes                       ; Yes                       ;
; sevensegement3[4] ; 2.5 V        ; 0 s                 ; 0 s                 ; 2.62 V                       ; 4.11e-08 V                   ; 2.73 V              ; -0.0566 V           ; 0.191 V                              ; 0.12 V                               ; 2.69e-10 s                  ; 2.76e-10 s                  ; Yes                        ; Yes                        ; 2.62 V                      ; 4.11e-08 V                  ; 2.73 V             ; -0.0566 V          ; 0.191 V                             ; 0.12 V                              ; 2.69e-10 s                 ; 2.76e-10 s                 ; Yes                       ; Yes                       ;
; sevensegement3[3] ; 2.5 V        ; 0 s                 ; 0 s                 ; 2.62 V                       ; 4.11e-08 V                   ; 2.73 V              ; -0.0566 V           ; 0.191 V                              ; 0.12 V                               ; 2.69e-10 s                  ; 2.76e-10 s                  ; Yes                        ; Yes                        ; 2.62 V                      ; 4.11e-08 V                  ; 2.73 V             ; -0.0566 V          ; 0.191 V                             ; 0.12 V                              ; 2.69e-10 s                 ; 2.76e-10 s                 ; Yes                       ; Yes                       ;
; sevensegement3[2] ; 2.5 V        ; 0 s                 ; 0 s                 ; 2.62 V                       ; 4.11e-08 V                   ; 2.73 V              ; -0.0566 V           ; 0.191 V                              ; 0.12 V                               ; 2.69e-10 s                  ; 2.76e-10 s                  ; Yes                        ; Yes                        ; 2.62 V                      ; 4.11e-08 V                  ; 2.73 V             ; -0.0566 V          ; 0.191 V                             ; 0.12 V                              ; 2.69e-10 s                 ; 2.76e-10 s                 ; Yes                       ; Yes                       ;
; sevensegement3[1] ; 2.5 V        ; 0 s                 ; 0 s                 ; 2.62 V                       ; 4.11e-08 V                   ; 2.73 V              ; -0.0566 V           ; 0.191 V                              ; 0.12 V                               ; 2.69e-10 s                  ; 2.76e-10 s                  ; Yes                        ; Yes                        ; 2.62 V                      ; 4.11e-08 V                  ; 2.73 V             ; -0.0566 V          ; 0.191 V                             ; 0.12 V                              ; 2.69e-10 s                 ; 2.76e-10 s                 ; Yes                       ; Yes                       ;
; sevensegement3[0] ; 2.5 V        ; 0 s                 ; 0 s                 ; 2.62 V                       ; 4.11e-08 V                   ; 2.73 V              ; -0.0566 V           ; 0.191 V                              ; 0.12 V                               ; 2.69e-10 s                  ; 2.76e-10 s                  ; Yes                        ; Yes                        ; 2.62 V                      ; 4.11e-08 V                  ; 2.73 V             ; -0.0566 V          ; 0.191 V                             ; 0.12 V                              ; 2.69e-10 s                 ; 2.76e-10 s                 ; Yes                       ; Yes                       ;
; ~ALTERA_DCLK~     ; 2.5 V        ; 0 s                 ; 0 s                 ; 2.62 V                       ; 2.22e-08 V                   ; 2.72 V              ; -0.0747 V           ; 0.28 V                               ; 0.169 V                              ; 3.1e-10 s                   ; 3.01e-10 s                  ; No                         ; Yes                        ; 2.62 V                      ; 2.22e-08 V                  ; 2.72 V             ; -0.0747 V          ; 0.28 V                              ; 0.169 V                             ; 3.1e-10 s                  ; 3.01e-10 s                 ; No                        ; Yes                       ;
; ~ALTERA_nCEO~     ; 2.5 V        ; 0 s                 ; 0 s                 ; 2.62 V                       ; 3.53e-08 V                   ; 2.7 V               ; -0.0212 V           ; 0.204 V                              ; 0.049 V                              ; 4.85e-10 s                  ; 6.73e-10 s                  ; No                         ; Yes                        ; 2.62 V                      ; 3.53e-08 V                  ; 2.7 V              ; -0.0212 V          ; 0.204 V                             ; 0.049 V                             ; 4.85e-10 s                 ; 6.73e-10 s                 ; No                        ; Yes                       ;
+-------------------+--------------+---------------------+---------------------+------------------------------+------------------------------+---------------------+---------------------+--------------------------------------+--------------------------------------+-----------------------------+-----------------------------+----------------------------+----------------------------+-----------------------------+-----------------------------+--------------------+--------------------+-------------------------------------+-------------------------------------+----------------------------+----------------------------+---------------------------+---------------------------+


-------------------
; Clock Transfers ;
-------------------
Nothing to report.


---------------
; Report TCCS ;
---------------
No dedicated SERDES Transmitter circuitry present in device or used in design


---------------
; Report RSKM ;
---------------
No non-DPA dedicated SERDES Receiver circuitry present in device or used in design


+------------------------------------------------+
; Unconstrained Paths                            ;
+---------------------------------+-------+------+
; Property                        ; Setup ; Hold ;
+---------------------------------+-------+------+
; Illegal Clocks                  ; 0     ; 0    ;
; Unconstrained Clocks            ; 0     ; 0    ;
; Unconstrained Input Ports       ; 2     ; 2    ;
; Unconstrained Input Port Paths  ; 32    ; 32   ;
; Unconstrained Output Ports      ; 16    ; 16   ;
; Unconstrained Output Port Paths ; 32    ; 32   ;
+---------------------------------+-------+------+


+------------------------------------+
; TimeQuest Timing Analyzer Messages ;
+------------------------------------+
Info: *******************************************************************
Info: Running Quartus II 64-Bit TimeQuest Timing Analyzer
    Info: Version 13.1.0 Build 162 10/23/2013 SJ Web Edition
    Info: Processing started: Wed Mar 06 19:07:17 2024
Info: Command: quartus_sta Lab3_2 -c Lab3_2
Info: qsta_default_script.tcl version: #1
Info (11104): Parallel Compilation has detected 8 hyper-threaded processors. However, the extra hyper-threaded processors will not be used by default. Parallel Compilation will use 4 of the 4 physical processors detected instead.
Info (21077): Core supply voltage is 1.2V
Info (21077): Low junction temperature is 0 degrees C
Info (21077): High junction temperature is 85 degrees C
Critical Warning (332012): Synopsys Design Constraints File file not found: 'Lab3_2.sdc'. A Synopsys Design Constraints File is required by the TimeQuest Timing Analyzer to get proper timing constraints. Without it, the Compiler will not properly optimize the design.
Info (332142): No user constrained base clocks found in the design. Calling "derive_clocks -period 1.0"
Info (332096): The command derive_clocks did not find any clocks to derive.  No clocks were created or changed.
Warning (332068): No clocks defined in design.
Info (332143): No user constrained clock uncertainty found in the design. Calling "derive_clock_uncertainty"
Info (332154): The derive_clock_uncertainty command did not apply clock uncertainty to any clock-to-clock transfers.
Info: Found TIMEQUEST_REPORT_SCRIPT_INCLUDE_DEFAULT_ANALYSIS = ON
Info (332159): No clocks to report
Info: Analyzing Slow 1200mV 85C Model
Info (332140): No fmax paths to report
Info (332140): No Setup paths to report
Info (332140): No Hold paths to report
Info (332140): No Recovery paths to report
Info (332140): No Removal paths to report
Info (332140): No Minimum Pulse Width paths to report
Info: Analyzing Slow 1200mV 0C Model
Info (334003): Started post-fitting delay annotation
Info (334004): Delay annotation completed successfully
Info (332142): No user constrained base clocks found in the design. Calling "derive_clocks -period 1.0"
Info (332096): The command derive_clocks did not find any clocks to derive.  No clocks were created or changed.
Warning (332068): No clocks defined in design.
Info (332154): The derive_clock_uncertainty command did not apply clock uncertainty to any clock-to-clock transfers.
Info (332140): No fmax paths to report
Info (332140): No Setup paths to report
Info (332140): No Hold paths to report
Info (332140): No Recovery paths to report
Info (332140): No Removal paths to report
Info (332140): No Minimum Pulse Width paths to report
Info: Analyzing Fast 1200mV 0C Model
Info (332142): No user constrained base clocks found in the design. Calling "derive_clocks -period 1.0"
Info (332096): The command derive_clocks did not find any clocks to derive.  No clocks were created or changed.
Warning (332068): No clocks defined in design.
Info (332154): The derive_clock_uncertainty command did not apply clock uncertainty to any clock-to-clock transfers.
Info (332140): No Setup paths to report
Info (332140): No Hold paths to report
Info (332140): No Recovery paths to report
Info (332140): No Removal paths to report
Info (332140): No Minimum Pulse Width paths to report
Info (332102): Design is not fully constrained for setup requirements
Info (332102): Design is not fully constrained for hold requirements
Info: Quartus II 64-Bit TimeQuest Timing Analyzer was successful. 0 errors, 4 warnings
    Info: Peak virtual memory: 4674 megabytes
    Info: Processing ended: Wed Mar 06 19:07:19 2024
    Info: Elapsed time: 00:00:02
    Info: Total CPU time (on all processors): 00:00:01


