Analysis & Synthesis report for counter
Wed Apr 17 19:28:30 2024
Quartus II 64-Bit Version 13.1.0 Build 162 10/23/2013 SJ Web Edition


---------------------
; Table of Contents ;
---------------------
  1. Legal Notice
  2. Analysis & Synthesis Summary
  3. Analysis & Synthesis Settings
  4. Parallel Compilation
  5. Analysis & Synthesis Source Files Read
  6. Analysis & Synthesis Resource Usage Summary
  7. Analysis & Synthesis Resource Utilization by Entity
  8. General Register Statistics
  9. Multiplexer Restructuring Statistics (Restructuring Performed)
 10. Parameter Settings for Inferred Entity Instance: lpm_divide:Mod0
 11. Parameter Settings for Inferred Entity Instance: lpm_divide:Div0
 12. Elapsed Time Per Partition
 13. Analysis & Synthesis Messages



----------------
; Legal Notice ;
----------------
Copyright (C) 1991-2013 Altera Corporation
Your use of Altera Corporation's design tools, logic functions 
and other software and tools, and its AMPP partner logic 
functions, and any output files from any of the foregoing 
(including device programming or simulation files), and any 
associated documentation or information are expressly subject 
to the terms and conditions of the Altera Program License 
Subscription Agreement, Altera MegaCore Function License 
Agreement, or other applicable license agreement, including, 
without limitation, that your use is for the sole purpose of 
programming logic devices manufactured by Altera and sold by 
Altera or its authorized distributors.  Please refer to the 
applicable agreement for further details.



+---------------------------------------------------------------------------------+
; Analysis & Synthesis Summary                                                    ;
+------------------------------------+--------------------------------------------+
; Analysis & Synthesis Status        ; Successful - Wed Apr 17 19:28:30 2024      ;
; Quartus II 64-Bit Version          ; 13.1.0 Build 162 10/23/2013 SJ Web Edition ;
; Revision Name                      ; counter                                    ;
; Top-level Entity Name              ; counter                                    ;
; Family                             ; Cyclone III                                ;
; Total logic elements               ; 310                                        ;
;     Total combinational functions  ; 310                                        ;
;     Dedicated logic registers      ; 32                                         ;
; Total registers                    ; 32                                         ;
; Total pins                         ; 18                                         ;
; Total virtual pins                 ; 0                                          ;
; Total memory bits                  ; 0                                          ;
; Embedded Multiplier 9-bit elements ; 0                                          ;
; Total PLLs                         ; 0                                          ;
+------------------------------------+--------------------------------------------+


+----------------------------------------------------------------------------------------------------------------------+
; Analysis & Synthesis Settings                                                                                        ;
+----------------------------------------------------------------------------+--------------------+--------------------+
; Option                                                                     ; Setting            ; Default Value      ;
+----------------------------------------------------------------------------+--------------------+--------------------+
; Top-level entity name                                                      ; counter            ; counter            ;
; Family name                                                                ; Cyclone III        ; Cyclone IV GX      ;
; Use smart compilation                                                      ; Off                ; Off                ;
; Enable parallel Assembler and TimeQuest Timing Analyzer during compilation ; On                 ; On                 ;
; Enable compact report table                                                ; Off                ; Off                ;
; Restructure Multiplexers                                                   ; Auto               ; Auto               ;
; Create Debugging Nodes for IP Cores                                        ; Off                ; Off                ;
; Preserve fewer node names                                                  ; On                 ; On                 ;
; Disable OpenCore Plus hardware evaluation                                  ; Off                ; Off                ;
; Verilog Version                                                            ; Verilog_2001       ; Verilog_2001       ;
; VHDL Version                                                               ; VHDL_1993          ; VHDL_1993          ;
; State Machine Processing                                                   ; Auto               ; Auto               ;
; Safe State Machine                                                         ; Off                ; Off                ;
; Extract Verilog State Machines                                             ; On                 ; On                 ;
; Extract VHDL State Machines                                                ; On                 ; On                 ;
; Ignore Verilog initial constructs                                          ; Off                ; Off                ;
; Iteration limit for constant Verilog loops                                 ; 5000               ; 5000               ;
; Iteration limit for non-constant Verilog loops                             ; 250                ; 250                ;
; Add Pass-Through Logic to Inferred RAMs                                    ; On                 ; On                 ;
; Infer RAMs from Raw Logic                                                  ; On                 ; On                 ;
; Parallel Synthesis                                                         ; On                 ; On                 ;
; DSP Block Balancing                                                        ; Auto               ; Auto               ;
; NOT Gate Push-Back                                                         ; On                 ; On                 ;
; Power-Up Don't Care                                                        ; On                 ; On                 ;
; Remove Redundant Logic Cells                                               ; Off                ; Off                ;
; Remove Duplicate Registers                                                 ; On                 ; On                 ;
; Ignore CARRY Buffers                                                       ; Off                ; Off                ;
; Ignore CASCADE Buffers                                                     ; Off                ; Off                ;
; Ignore GLOBAL Buffers                                                      ; Off                ; Off                ;
; Ignore ROW GLOBAL Buffers                                                  ; Off                ; Off                ;
; Ignore LCELL Buffers                                                       ; Off                ; Off                ;
; Ignore SOFT Buffers                                                        ; On                 ; On                 ;
; Limit AHDL Integers to 32 Bits                                             ; Off                ; Off                ;
; Optimization Technique                                                     ; Balanced           ; Balanced           ;
; Carry Chain Length                                                         ; 70                 ; 70                 ;
; Auto Carry Chains                                                          ; On                 ; On                 ;
; Auto Open-Drain Pins                                                       ; On                 ; On                 ;
; Perform WYSIWYG Primitive Resynthesis                                      ; Off                ; Off                ;
; Auto ROM Replacement                                                       ; On                 ; On                 ;
; Auto RAM Replacement                                                       ; On                 ; On                 ;
; Auto DSP Block Replacement                                                 ; On                 ; On                 ;
; Auto Shift Register Replacement                                            ; Auto               ; Auto               ;
; Allow Shift Register Merging across Hierarchies                            ; Auto               ; Auto               ;
; Auto Clock Enable Replacement                                              ; On                 ; On                 ;
; Strict RAM Replacement                                                     ; Off                ; Off                ;
; Allow Synchronous Control Signals                                          ; On                 ; On                 ;
; Force Use of Synchronous Clear Signals                                     ; Off                ; Off                ;
; Auto RAM Block Balancing                                                   ; On                 ; On                 ;
; Auto RAM to Logic Cell Conversion                                          ; Off                ; Off                ;
; Auto Resource Sharing                                                      ; Off                ; Off                ;
; Allow Any RAM Size For Recognition                                         ; Off                ; Off                ;
; Allow Any ROM Size For Recognition                                         ; Off                ; Off                ;
; Allow Any Shift Register Size For Recognition                              ; Off                ; Off                ;
; Use LogicLock Constraints during Resource Balancing                        ; On                 ; On                 ;
; Ignore translate_off and synthesis_off directives                          ; Off                ; Off                ;
; Timing-Driven Synthesis                                                    ; On                 ; On                 ;
; Report Parameter Settings                                                  ; On                 ; On                 ;
; Report Source Assignments                                                  ; On                 ; On                 ;
; Report Connectivity Checks                                                 ; On                 ; On                 ;
; Ignore Maximum Fan-Out Assignments                                         ; Off                ; Off                ;
; Synchronization Register Chain Length                                      ; 2                  ; 2                  ;
; PowerPlay Power Optimization                                               ; Normal compilation ; Normal compilation ;
; HDL message level                                                          ; Level2             ; Level2             ;
; Suppress Register Optimization Related Messages                            ; Off                ; Off                ;
; Number of Removed Registers Reported in Synthesis Report                   ; 5000               ; 5000               ;
; Number of Swept Nodes Reported in Synthesis Report                         ; 5000               ; 5000               ;
; Number of Inverted Registers Reported in Synthesis Report                  ; 100                ; 100                ;
; Clock MUX Protection                                                       ; On                 ; On                 ;
; Auto Gated Clock Conversion                                                ; Off                ; Off                ;
; Block Design Naming                                                        ; Auto               ; Auto               ;
; SDC constraint protection                                                  ; Off                ; Off                ;
; Synthesis Effort                                                           ; Auto               ; Auto               ;
; Shift Register Replacement - Allow Asynchronous Clear Signal               ; On                 ; On                 ;
; Pre-Mapping Resynthesis Optimization                                       ; Off                ; Off                ;
; Analysis & Synthesis Message Level                                         ; Medium             ; Medium             ;
; Disable Register Merging Across Hierarchies                                ; Auto               ; Auto               ;
; Resource Aware Inference For Block RAM                                     ; On                 ; On                 ;
; Synthesis Seed                                                             ; 1                  ; 1                  ;
+----------------------------------------------------------------------------+--------------------+--------------------+


+------------------------------------------+
; Parallel Compilation                     ;
+----------------------------+-------------+
; Processors                 ; Number      ;
+----------------------------+-------------+
; Number detected on machine ; 8           ;
; Maximum allowed            ; 4           ;
;                            ;             ;
; Average used               ; 1.00        ;
; Maximum used               ; 1           ;
;                            ;             ;
; Usage by Processor         ; % Time Used ;
;     Processor 1            ; 100.0%      ;
;     Processors 2-8         ;   0.0%      ;
+----------------------------+-------------+


+----------------------------------------------------------------------------------------------------------------------------------------------------------------------------+
; Analysis & Synthesis Source Files Read                                                                                                                                     ;
+----------------------------------+-----------------+------------------------------+------------------------------------------------------------------------------+---------+
; File Name with User-Entered Path ; Used in Netlist ; File Type                    ; File Name with Absolute Path                                                 ; Library ;
+----------------------------------+-----------------+------------------------------+------------------------------------------------------------------------------+---------+
; counter.vhd                      ; yes             ; User VHDL File               ; D:/Users/USER/Desktop/code/Digital_Systems/midpartice/counter.vhd            ;         ;
; lpm_divide.tdf                   ; yes             ; Megafunction                 ; c:/altera/13.1/quartus/libraries/megafunctions/lpm_divide.tdf                ;         ;
; abs_divider.inc                  ; yes             ; Megafunction                 ; c:/altera/13.1/quartus/libraries/megafunctions/abs_divider.inc               ;         ;
; sign_div_unsign.inc              ; yes             ; Megafunction                 ; c:/altera/13.1/quartus/libraries/megafunctions/sign_div_unsign.inc           ;         ;
; aglobal131.inc                   ; yes             ; Megafunction                 ; c:/altera/13.1/quartus/libraries/megafunctions/aglobal131.inc                ;         ;
; db/lpm_divide_9mo.tdf            ; yes             ; Auto-Generated Megafunction  ; D:/Users/USER/Desktop/code/Digital_Systems/midpartice/db/lpm_divide_9mo.tdf  ;         ;
; db/abs_divider_aag.tdf           ; yes             ; Auto-Generated Megafunction  ; D:/Users/USER/Desktop/code/Digital_Systems/midpartice/db/abs_divider_aag.tdf ;         ;
; db/alt_u_div_93f.tdf             ; yes             ; Auto-Generated Megafunction  ; D:/Users/USER/Desktop/code/Digital_Systems/midpartice/db/alt_u_div_93f.tdf   ;         ;
; db/add_sub_unc.tdf               ; yes             ; Auto-Generated Megafunction  ; D:/Users/USER/Desktop/code/Digital_Systems/midpartice/db/add_sub_unc.tdf     ;         ;
; db/add_sub_vnc.tdf               ; yes             ; Auto-Generated Megafunction  ; D:/Users/USER/Desktop/code/Digital_Systems/midpartice/db/add_sub_vnc.tdf     ;         ;
; db/lpm_abs_st9.tdf               ; yes             ; Auto-Generated Megafunction  ; D:/Users/USER/Desktop/code/Digital_Systems/midpartice/db/lpm_abs_st9.tdf     ;         ;
; db/lpm_divide_3uo.tdf            ; yes             ; Auto-Generated Megafunction  ; D:/Users/USER/Desktop/code/Digital_Systems/midpartice/db/lpm_divide_3uo.tdf  ;         ;
; db/abs_divider_7ag.tdf           ; yes             ; Auto-Generated Megafunction  ; D:/Users/USER/Desktop/code/Digital_Systems/midpartice/db/abs_divider_7ag.tdf ;         ;
; db/alt_u_div_33f.tdf             ; yes             ; Auto-Generated Megafunction  ; D:/Users/USER/Desktop/code/Digital_Systems/midpartice/db/alt_u_div_33f.tdf   ;         ;
; db/lpm_abs_pt9.tdf               ; yes             ; Auto-Generated Megafunction  ; D:/Users/USER/Desktop/code/Digital_Systems/midpartice/db/lpm_abs_pt9.tdf     ;         ;
+----------------------------------+-----------------+------------------------------+------------------------------------------------------------------------------+---------+


+-------------------------------------------------------+
; Analysis & Synthesis Resource Usage Summary           ;
+---------------------------------------------+---------+
; Resource                                    ; Usage   ;
+---------------------------------------------+---------+
; Estimated Total logic elements              ; 310     ;
;                                             ;         ;
; Total combinational functions               ; 310     ;
; Logic element usage by number of LUT inputs ;         ;
;     -- 4 input functions                    ; 102     ;
;     -- 3 input functions                    ; 75      ;
;     -- <=2 input functions                  ; 133     ;
;                                             ;         ;
; Logic elements by mode                      ;         ;
;     -- normal mode                          ; 200     ;
;     -- arithmetic mode                      ; 110     ;
;                                             ;         ;
; Total registers                             ; 32      ;
;     -- Dedicated logic registers            ; 32      ;
;     -- I/O registers                        ; 0       ;
;                                             ;         ;
; I/O pins                                    ; 18      ;
; Embedded Multiplier 9-bit elements          ; 0       ;
; Maximum fan-out node                        ; temp[7] ;
; Maximum fan-out                             ; 47      ;
; Total fan-out                               ; 1005    ;
; Average fan-out                             ; 2.66    ;
+---------------------------------------------+---------+


+--------------------------------------------------------------------------------------------------------------------------------------------------------------------------------------------------------------------------------------------------------------------------+
; Analysis & Synthesis Resource Utilization by Entity                                                                                                                                                                                                                      ;
+---------------------------------------+-------------------+--------------+-------------+--------------+---------+-----------+------+--------------+-------------------------------------------------------------------------------------------------------+--------------+
; Compilation Hierarchy Node            ; LC Combinationals ; LC Registers ; Memory Bits ; DSP Elements ; DSP 9x9 ; DSP 18x18 ; Pins ; Virtual Pins ; Full Hierarchy Name                                                                                   ; Library Name ;
+---------------------------------------+-------------------+--------------+-------------+--------------+---------+-----------+------+--------------+-------------------------------------------------------------------------------------------------------+--------------+
; |counter                              ; 310 (50)          ; 32 (8)       ; 0           ; 0            ; 0       ; 0         ; 18   ; 0            ; |counter                                                                                              ; work         ;
;    |CLK_DIV:myclock|                  ; 30 (30)           ; 24 (24)      ; 0           ; 0            ; 0       ; 0         ; 0    ; 0            ; |counter|CLK_DIV:myclock                                                                              ; work         ;
;    |Intto7seg:digit1display|          ; 21 (21)           ; 0 (0)        ; 0           ; 0            ; 0       ; 0         ; 0    ; 0            ; |counter|Intto7seg:digit1display                                                                      ; work         ;
;    |Intto7seg:digit2display|          ; 19 (19)           ; 0 (0)        ; 0           ; 0            ; 0       ; 0         ; 0    ; 0            ; |counter|Intto7seg:digit2display                                                                      ; work         ;
;    |lpm_divide:Div0|                  ; 77 (0)            ; 0 (0)        ; 0           ; 0            ; 0       ; 0         ; 0    ; 0            ; |counter|lpm_divide:Div0                                                                              ; work         ;
;       |lpm_divide_3uo:auto_generated| ; 77 (0)            ; 0 (0)        ; 0           ; 0            ; 0       ; 0         ; 0    ; 0            ; |counter|lpm_divide:Div0|lpm_divide_3uo:auto_generated                                                ; work         ;
;          |abs_divider_7ag:divider|    ; 77 (12)           ; 0 (0)        ; 0           ; 0            ; 0       ; 0         ; 0    ; 0            ; |counter|lpm_divide:Div0|lpm_divide_3uo:auto_generated|abs_divider_7ag:divider                        ; work         ;
;             |alt_u_div_33f:divider|   ; 65 (65)           ; 0 (0)        ; 0           ; 0            ; 0       ; 0         ; 0    ; 0            ; |counter|lpm_divide:Div0|lpm_divide_3uo:auto_generated|abs_divider_7ag:divider|alt_u_div_33f:divider  ; work         ;
;    |lpm_divide:Mod0|                  ; 113 (0)           ; 0 (0)        ; 0           ; 0            ; 0       ; 0         ; 0    ; 0            ; |counter|lpm_divide:Mod0                                                                              ; work         ;
;       |lpm_divide_9mo:auto_generated| ; 113 (0)           ; 0 (0)        ; 0           ; 0            ; 0       ; 0         ; 0    ; 0            ; |counter|lpm_divide:Mod0|lpm_divide_9mo:auto_generated                                                ; work         ;
;          |abs_divider_aag:divider|    ; 113 (16)          ; 0 (0)        ; 0           ; 0            ; 0       ; 0         ; 0    ; 0            ; |counter|lpm_divide:Mod0|lpm_divide_9mo:auto_generated|abs_divider_aag:divider                        ; work         ;
;             |alt_u_div_93f:divider|   ; 90 (90)           ; 0 (0)        ; 0           ; 0            ; 0       ; 0         ; 0    ; 0            ; |counter|lpm_divide:Mod0|lpm_divide_9mo:auto_generated|abs_divider_aag:divider|alt_u_div_93f:divider  ; work         ;
;             |lpm_abs_st9:my_abs_num|  ; 7 (7)             ; 0 (0)        ; 0           ; 0            ; 0       ; 0         ; 0    ; 0            ; |counter|lpm_divide:Mod0|lpm_divide_9mo:auto_generated|abs_divider_aag:divider|lpm_abs_st9:my_abs_num ; work         ;
+---------------------------------------+-------------------+--------------+-------------+--------------+---------+-----------+------+--------------+-------------------------------------------------------------------------------------------------------+--------------+
Note: For table entries with two numbers listed, the numbers in parentheses indicate the number of resources of the given type used by the specific entity alone. The numbers listed outside of parentheses indicate the total resources of the given type used by the specific entity and all of its sub-entities in the hierarchy.


+------------------------------------------------------+
; General Register Statistics                          ;
+----------------------------------------------+-------+
; Statistic                                    ; Value ;
+----------------------------------------------+-------+
; Total registers                              ; 32    ;
; Number of registers using Synchronous Clear  ; 23    ;
; Number of registers using Synchronous Load   ; 0     ;
; Number of registers using Asynchronous Clear ; 8     ;
; Number of registers using Asynchronous Load  ; 0     ;
; Number of registers using Clock Enable       ; 8     ;
; Number of registers using Preset             ; 0     ;
+----------------------------------------------+-------+


+------------------------------------------------------------------------------------------------------------------------------------------+
; Multiplexer Restructuring Statistics (Restructuring Performed)                                                                           ;
+--------------------+-----------+---------------+----------------------+------------------------+------------+----------------------------+
; Multiplexer Inputs ; Bus Width ; Baseline Area ; Area if Restructured ; Saving if Restructured ; Registered ; Example Multiplexer Output ;
+--------------------+-----------+---------------+----------------------+------------------------+------------+----------------------------+
; 4:1                ; 8 bits    ; 16 LEs        ; 16 LEs               ; 0 LEs                  ; Yes        ; |counter|temp[7]           ;
+--------------------+-----------+---------------+----------------------+------------------------+------------+----------------------------+


+------------------------------------------------------------------+
; Parameter Settings for Inferred Entity Instance: lpm_divide:Mod0 ;
+------------------------+----------------+------------------------+
; Parameter Name         ; Value          ; Type                   ;
+------------------------+----------------+------------------------+
; LPM_WIDTHN             ; 8              ; Untyped                ;
; LPM_WIDTHD             ; 8              ; Untyped                ;
; LPM_NREPRESENTATION    ; SIGNED         ; Untyped                ;
; LPM_DREPRESENTATION    ; SIGNED         ; Untyped                ;
; LPM_PIPELINE           ; 0              ; Untyped                ;
; LPM_REMAINDERPOSITIVE  ; FALSE          ; Untyped                ;
; MAXIMIZE_SPEED         ; 5              ; Untyped                ;
; CBXI_PARAMETER         ; lpm_divide_9mo ; Untyped                ;
; CARRY_CHAIN            ; MANUAL         ; Untyped                ;
; OPTIMIZE_FOR_SPEED     ; 5              ; Untyped                ;
; AUTO_CARRY_CHAINS      ; ON             ; AUTO_CARRY             ;
; IGNORE_CARRY_BUFFERS   ; OFF            ; IGNORE_CARRY           ;
; AUTO_CASCADE_CHAINS    ; ON             ; AUTO_CASCADE           ;
; IGNORE_CASCADE_BUFFERS ; OFF            ; IGNORE_CASCADE         ;
+------------------------+----------------+------------------------+
Note: In order to hide this table in the UI and the text report file, please set the "Show Parameter Settings in Synthesis Report" option in "Analysis and Synthesis Settings -> More Settings" to "Off".


+------------------------------------------------------------------+
; Parameter Settings for Inferred Entity Instance: lpm_divide:Div0 ;
+------------------------+----------------+------------------------+
; Parameter Name         ; Value          ; Type                   ;
+------------------------+----------------+------------------------+
; LPM_WIDTHN             ; 8              ; Untyped                ;
; LPM_WIDTHD             ; 5              ; Untyped                ;
; LPM_NREPRESENTATION    ; SIGNED         ; Untyped                ;
; LPM_DREPRESENTATION    ; SIGNED         ; Untyped                ;
; LPM_PIPELINE           ; 0              ; Untyped                ;
; LPM_REMAINDERPOSITIVE  ; FALSE          ; Untyped                ;
; MAXIMIZE_SPEED         ; 5              ; Untyped                ;
; CBXI_PARAMETER         ; lpm_divide_3uo ; Untyped                ;
; CARRY_CHAIN            ; MANUAL         ; Untyped                ;
; OPTIMIZE_FOR_SPEED     ; 5              ; Untyped                ;
; AUTO_CARRY_CHAINS      ; ON             ; AUTO_CARRY             ;
; IGNORE_CARRY_BUFFERS   ; OFF            ; IGNORE_CARRY           ;
; AUTO_CASCADE_CHAINS    ; ON             ; AUTO_CASCADE           ;
; IGNORE_CASCADE_BUFFERS ; OFF            ; IGNORE_CASCADE         ;
+------------------------+----------------+------------------------+
Note: In order to hide this table in the UI and the text report file, please set the "Show Parameter Settings in Synthesis Report" option in "Analysis and Synthesis Settings -> More Settings" to "Off".


+-------------------------------+
; Elapsed Time Per Partition    ;
+----------------+--------------+
; Partition Name ; Elapsed Time ;
+----------------+--------------+
; Top            ; 00:00:01     ;
+----------------+--------------+


+-------------------------------+
; Analysis & Synthesis Messages ;
+-------------------------------+
Info: *******************************************************************
Info: Running Quartus II 64-Bit Analysis & Synthesis
    Info: Version 13.1.0 Build 162 10/23/2013 SJ Web Edition
    Info: Processing started: Wed Apr 17 19:28:28 2024
Info: Command: quartus_map --read_settings_files=on --write_settings_files=off counter -c counter
Info (11104): Parallel Compilation has detected 8 hyper-threaded processors. However, the extra hyper-threaded processors will not be used by default. Parallel Compilation will use 4 of the 4 physical processors detected instead.
Info (12021): Found 6 design units, including 3 entities, in source file counter.vhd
    Info (12022): Found design unit 1: counter-behavor
    Info (12022): Found design unit 2: CLK_DIV-arch
    Info (12022): Found design unit 3: Intto7seg-Behavor
    Info (12023): Found entity 1: counter
    Info (12023): Found entity 2: CLK_DIV
    Info (12023): Found entity 3: Intto7seg
Info (12127): Elaborating entity "counter" for the top level hierarchy
Warning (10492): VHDL Process Statement warning at counter.vhd(38): signal "SW" is read inside the Process Statement but isn't in the Process Statement's sensitivity list
Warning (10492): VHDL Process Statement warning at counter.vhd(51): signal "reset" is read inside the Process Statement but isn't in the Process Statement's sensitivity list
Info (12128): Elaborating entity "CLK_DIV" for hierarchy "CLK_DIV:myclock"
Info (12128): Elaborating entity "Intto7seg" for hierarchy "Intto7seg:digit1display"
Info (278001): Inferred 2 megafunctions from design logic
    Info (278004): Inferred divider/modulo megafunction ("lpm_divide") from the following logic: "Mod0"
    Info (278004): Inferred divider/modulo megafunction ("lpm_divide") from the following logic: "Div0"
Info (12130): Elaborated megafunction instantiation "lpm_divide:Mod0"
Info (12133): Instantiated megafunction "lpm_divide:Mod0" with the following parameter:
    Info (12134): Parameter "LPM_WIDTHN" = "8"
    Info (12134): Parameter "LPM_WIDTHD" = "8"
    Info (12134): Parameter "LPM_NREPRESENTATION" = "SIGNED"
    Info (12134): Parameter "LPM_DREPRESENTATION" = "SIGNED"
    Info (12134): Parameter "LPM_HINT" = "LPM_REMAINDERPOSITIVE=FALSE"
Info (12021): Found 1 design units, including 1 entities, in source file db/lpm_divide_9mo.tdf
    Info (12023): Found entity 1: lpm_divide_9mo
Info (12021): Found 1 design units, including 1 entities, in source file db/abs_divider_aag.tdf
    Info (12023): Found entity 1: abs_divider_aag
Info (12021): Found 1 design units, including 1 entities, in source file db/alt_u_div_93f.tdf
    Info (12023): Found entity 1: alt_u_div_93f
Info (12021): Found 1 design units, including 1 entities, in source file db/add_sub_unc.tdf
    Info (12023): Found entity 1: add_sub_unc
Info (12021): Found 1 design units, including 1 entities, in source file db/add_sub_vnc.tdf
    Info (12023): Found entity 1: add_sub_vnc
Info (12021): Found 1 design units, including 1 entities, in source file db/lpm_abs_st9.tdf
    Info (12023): Found entity 1: lpm_abs_st9
Info (12130): Elaborated megafunction instantiation "lpm_divide:Div0"
Info (12133): Instantiated megafunction "lpm_divide:Div0" with the following parameter:
    Info (12134): Parameter "LPM_WIDTHN" = "8"
    Info (12134): Parameter "LPM_WIDTHD" = "5"
    Info (12134): Parameter "LPM_NREPRESENTATION" = "SIGNED"
    Info (12134): Parameter "LPM_DREPRESENTATION" = "SIGNED"
    Info (12134): Parameter "LPM_HINT" = "LPM_REMAINDERPOSITIVE=FALSE"
Info (12021): Found 1 design units, including 1 entities, in source file db/lpm_divide_3uo.tdf
    Info (12023): Found entity 1: lpm_divide_3uo
Info (12021): Found 1 design units, including 1 entities, in source file db/abs_divider_7ag.tdf
    Info (12023): Found entity 1: abs_divider_7ag
Info (12021): Found 1 design units, including 1 entities, in source file db/alt_u_div_33f.tdf
    Info (12023): Found entity 1: alt_u_div_33f
Info (12021): Found 1 design units, including 1 entities, in source file db/lpm_abs_pt9.tdf
    Info (12023): Found entity 1: lpm_abs_pt9
Info (13014): Ignored 14 buffer(s)
    Info (13016): Ignored 14 CARRY_SUM buffer(s)
Critical Warning (18061): Ignored Power-Up Level option on the following registers
    Critical Warning (18010): Register temp[7] will power up to Low
    Critical Warning (18010): Register temp[0] will power up to Low
    Critical Warning (18010): Register temp[1] will power up to Low
    Critical Warning (18010): Register temp[2] will power up to Low
    Critical Warning (18010): Register temp[3] will power up to Low
    Critical Warning (18010): Register temp[4] will power up to Low
    Critical Warning (18010): Register temp[5] will power up to Low
    Critical Warning (18010): Register temp[6] will power up to Low
Info (286030): Timing-Driven Synthesis is running
Info (16010): Generating hard_block partition "hard_block:auto_generated_inst"
    Info (16011): Adding 0 node(s), including 0 DDIO, 0 PLL, 0 transceiver and 0 LCELL
Info (21057): Implemented 328 device resources after synthesis - the final resource count might be different
    Info (21058): Implemented 4 input pins
    Info (21059): Implemented 14 output pins
    Info (21061): Implemented 310 logic cells
Info: Quartus II 64-Bit Analysis & Synthesis was successful. 0 errors, 11 warnings
    Info: Peak virtual memory: 4672 megabytes
    Info: Processing ended: Wed Apr 17 19:28:30 2024
    Info: Elapsed time: 00:00:02
    Info: Total CPU time (on all processors): 00:00:02


