Analysis & Synthesis report for Lab10_2
Sat May 11 10:52:10 2024
Quartus II 64-Bit Version 13.1.0 Build 162 10/23/2013 SJ Web Edition


---------------------
; Table of Contents ;
---------------------
  1. Legal Notice
  2. Analysis & Synthesis Summary
  3. Analysis & Synthesis Settings
  4. Parallel Compilation
  5. Analysis & Synthesis Source Files Read
  6. Analysis & Synthesis Resource Usage Summary
  7. Analysis & Synthesis Resource Utilization by Entity
  8. Registers Removed During Synthesis
  9. General Register Statistics
 10. Inverted Register Statistics
 11. Multiplexer Restructuring Statistics (Restructuring Performed)
 12. Elapsed Time Per Partition
 13. Analysis & Synthesis Messages



----------------
; Legal Notice ;
----------------
Copyright (C) 1991-2013 Altera Corporation
Your use of Altera Corporation's design tools, logic functions 
and other software and tools, and its AMPP partner logic 
functions, and any output files from any of the foregoing 
(including device programming or simulation files), and any 
associated documentation or information are expressly subject 
to the terms and conditions of the Altera Program License 
Subscription Agreement, Altera MegaCore Function License 
Agreement, or other applicable license agreement, including, 
without limitation, that your use is for the sole purpose of 
programming logic devices manufactured by Altera and sold by 
Altera or its authorized distributors.  Please refer to the 
applicable agreement for further details.



+---------------------------------------------------------------------------------+
; Analysis & Synthesis Summary                                                    ;
+------------------------------------+--------------------------------------------+
; Analysis & Synthesis Status        ; Successful - Sat May 11 10:52:10 2024      ;
; Quartus II 64-Bit Version          ; 13.1.0 Build 162 10/23/2013 SJ Web Edition ;
; Revision Name                      ; Lab10_2                                    ;
; Top-level Entity Name              ; Lab10_2                                    ;
; Family                             ; Cyclone III                                ;
; Total logic elements               ; 295                                        ;
;     Total combinational functions  ; 295                                        ;
;     Dedicated logic registers      ; 160                                        ;
; Total registers                    ; 160                                        ;
; Total pins                         ; 29                                         ;
; Total virtual pins                 ; 0                                          ;
; Total memory bits                  ; 0                                          ;
; Embedded Multiplier 9-bit elements ; 0                                          ;
; Total PLLs                         ; 0                                          ;
+------------------------------------+--------------------------------------------+


+----------------------------------------------------------------------------------------------------------------------+
; Analysis & Synthesis Settings                                                                                        ;
+----------------------------------------------------------------------------+--------------------+--------------------+
; Option                                                                     ; Setting            ; Default Value      ;
+----------------------------------------------------------------------------+--------------------+--------------------+
; Device                                                                     ; EP3C16F484C6       ;                    ;
; Top-level entity name                                                      ; Lab10_2            ; Lab10_2            ;
; Family name                                                                ; Cyclone III        ; Cyclone IV GX      ;
; Use smart compilation                                                      ; Off                ; Off                ;
; Enable parallel Assembler and TimeQuest Timing Analyzer during compilation ; On                 ; On                 ;
; Enable compact report table                                                ; Off                ; Off                ;
; Restructure Multiplexers                                                   ; Auto               ; Auto               ;
; Create Debugging Nodes for IP Cores                                        ; Off                ; Off                ;
; Preserve fewer node names                                                  ; On                 ; On                 ;
; Disable OpenCore Plus hardware evaluation                                  ; Off                ; Off                ;
; Verilog Version                                                            ; Verilog_2001       ; Verilog_2001       ;
; VHDL Version                                                               ; VHDL_1993          ; VHDL_1993          ;
; State Machine Processing                                                   ; Auto               ; Auto               ;
; Safe State Machine                                                         ; Off                ; Off                ;
; Extract Verilog State Machines                                             ; On                 ; On                 ;
; Extract VHDL State Machines                                                ; On                 ; On                 ;
; Ignore Verilog initial constructs                                          ; Off                ; Off                ;
; Iteration limit for constant Verilog loops                                 ; 5000               ; 5000               ;
; Iteration limit for non-constant Verilog loops                             ; 250                ; 250                ;
; Add Pass-Through Logic to Inferred RAMs                                    ; On                 ; On                 ;
; Infer RAMs from Raw Logic                                                  ; On                 ; On                 ;
; Parallel Synthesis                                                         ; On                 ; On                 ;
; DSP Block Balancing                                                        ; Auto               ; Auto               ;
; NOT Gate Push-Back                                                         ; On                 ; On                 ;
; Power-Up Don't Care                                                        ; On                 ; On                 ;
; Remove Redundant Logic Cells                                               ; Off                ; Off                ;
; Remove Duplicate Registers                                                 ; On                 ; On                 ;
; Ignore CARRY Buffers                                                       ; Off                ; Off                ;
; Ignore CASCADE Buffers                                                     ; Off                ; Off                ;
; Ignore GLOBAL Buffers                                                      ; Off                ; Off                ;
; Ignore ROW GLOBAL Buffers                                                  ; Off                ; Off                ;
; Ignore LCELL Buffers                                                       ; Off                ; Off                ;
; Ignore SOFT Buffers                                                        ; On                 ; On                 ;
; Limit AHDL Integers to 32 Bits                                             ; Off                ; Off                ;
; Optimization Technique                                                     ; Balanced           ; Balanced           ;
; Carry Chain Length                                                         ; 70                 ; 70                 ;
; Auto Carry Chains                                                          ; On                 ; On                 ;
; Auto Open-Drain Pins                                                       ; On                 ; On                 ;
; Perform WYSIWYG Primitive Resynthesis                                      ; Off                ; Off                ;
; Auto ROM Replacement                                                       ; On                 ; On                 ;
; Auto RAM Replacement                                                       ; On                 ; On                 ;
; Auto DSP Block Replacement                                                 ; On                 ; On                 ;
; Auto Shift Register Replacement                                            ; Auto               ; Auto               ;
; Allow Shift Register Merging across Hierarchies                            ; Auto               ; Auto               ;
; Auto Clock Enable Replacement                                              ; On                 ; On                 ;
; Strict RAM Replacement                                                     ; Off                ; Off                ;
; Allow Synchronous Control Signals                                          ; On                 ; On                 ;
; Force Use of Synchronous Clear Signals                                     ; Off                ; Off                ;
; Auto RAM Block Balancing                                                   ; On                 ; On                 ;
; Auto RAM to Logic Cell Conversion                                          ; Off                ; Off                ;
; Auto Resource Sharing                                                      ; Off                ; Off                ;
; Allow Any RAM Size For Recognition                                         ; Off                ; Off                ;
; Allow Any ROM Size For Recognition                                         ; Off                ; Off                ;
; Allow Any Shift Register Size For Recognition                              ; Off                ; Off                ;
; Use LogicLock Constraints during Resource Balancing                        ; On                 ; On                 ;
; Ignore translate_off and synthesis_off directives                          ; Off                ; Off                ;
; Timing-Driven Synthesis                                                    ; On                 ; On                 ;
; Report Parameter Settings                                                  ; On                 ; On                 ;
; Report Source Assignments                                                  ; On                 ; On                 ;
; Report Connectivity Checks                                                 ; On                 ; On                 ;
; Ignore Maximum Fan-Out Assignments                                         ; Off                ; Off                ;
; Synchronization Register Chain Length                                      ; 2                  ; 2                  ;
; PowerPlay Power Optimization                                               ; Normal compilation ; Normal compilation ;
; HDL message level                                                          ; Level2             ; Level2             ;
; Suppress Register Optimization Related Messages                            ; Off                ; Off                ;
; Number of Removed Registers Reported in Synthesis Report                   ; 5000               ; 5000               ;
; Number of Swept Nodes Reported in Synthesis Report                         ; 5000               ; 5000               ;
; Number of Inverted Registers Reported in Synthesis Report                  ; 100                ; 100                ;
; Clock MUX Protection                                                       ; On                 ; On                 ;
; Auto Gated Clock Conversion                                                ; Off                ; Off                ;
; Block Design Naming                                                        ; Auto               ; Auto               ;
; SDC constraint protection                                                  ; Off                ; Off                ;
; Synthesis Effort                                                           ; Auto               ; Auto               ;
; Shift Register Replacement - Allow Asynchronous Clear Signal               ; On                 ; On                 ;
; Pre-Mapping Resynthesis Optimization                                       ; Off                ; Off                ;
; Analysis & Synthesis Message Level                                         ; Medium             ; Medium             ;
; Disable Register Merging Across Hierarchies                                ; Auto               ; Auto               ;
; Resource Aware Inference For Block RAM                                     ; On                 ; On                 ;
; Synthesis Seed                                                             ; 1                  ; 1                  ;
+----------------------------------------------------------------------------+--------------------+--------------------+


+------------------------------------------+
; Parallel Compilation                     ;
+----------------------------+-------------+
; Processors                 ; Number      ;
+----------------------------+-------------+
; Number detected on machine ; 8           ;
; Maximum allowed            ; 4           ;
;                            ;             ;
; Average used               ; 1.00        ;
; Maximum used               ; 1           ;
;                            ;             ;
; Usage by Processor         ; % Time Used ;
;     Processor 1            ; 100.0%      ;
;     Processors 2-8         ;   0.0%      ;
+----------------------------+-------------+


+-----------------------------------------------------------------------------------------------------------------------------------------------+
; Analysis & Synthesis Source Files Read                                                                                                        ;
+----------------------------------+-----------------+-----------------+--------------------------------------------------------------+---------+
; File Name with User-Entered Path ; Used in Netlist ; File Type       ; File Name with Absolute Path                                 ; Library ;
+----------------------------------+-----------------+-----------------+--------------------------------------------------------------+---------+
; Lab10_2.vhd                      ; yes             ; User VHDL File  ; D:/Users/USER/Desktop/code/Digital_Systems/Lab10/Lab10_2.vhd ;         ;
+----------------------------------+-----------------+-----------------+--------------------------------------------------------------+---------+


+-----------------------------------------------------------------------+
; Analysis & Synthesis Resource Usage Summary                           ;
+---------------------------------------------+-------------------------+
; Resource                                    ; Usage                   ;
+---------------------------------------------+-------------------------+
; Estimated Total logic elements              ; 295                     ;
;                                             ;                         ;
; Total combinational functions               ; 295                     ;
; Logic element usage by number of LUT inputs ;                         ;
;     -- 4 input functions                    ; 210                     ;
;     -- 3 input functions                    ; 19                      ;
;     -- <=2 input functions                  ; 66                      ;
;                                             ;                         ;
; Logic elements by mode                      ;                         ;
;     -- normal mode                          ; 246                     ;
;     -- arithmetic mode                      ; 49                      ;
;                                             ;                         ;
; Total registers                             ; 160                     ;
;     -- Dedicated logic registers            ; 160                     ;
;     -- I/O registers                        ; 0                       ;
;                                             ;                         ;
; I/O pins                                    ; 29                      ;
; Embedded Multiplier 9-bit elements          ; 0                       ;
; Maximum fan-out node                        ; CLK_DIV:CLK_U1|CLK_out2 ;
; Maximum fan-out                             ; 102                     ;
; Total fan-out                               ; 1545                    ;
; Average fan-out                             ; 3.01                    ;
+---------------------------------------------+-------------------------+


+---------------------------------------------------------------------------------------------------------------------------------------------------------------------------------+
; Analysis & Synthesis Resource Utilization by Entity                                                                                                                             ;
+----------------------------+-------------------+--------------+-------------+--------------+---------+-----------+------+--------------+-------------------------+--------------+
; Compilation Hierarchy Node ; LC Combinationals ; LC Registers ; Memory Bits ; DSP Elements ; DSP 9x9 ; DSP 18x18 ; Pins ; Virtual Pins ; Full Hierarchy Name     ; Library Name ;
+----------------------------+-------------------+--------------+-------------+--------------+---------+-----------+------+--------------+-------------------------+--------------+
; |Lab10_2                   ; 295 (234)         ; 160 (115)    ; 0           ; 0            ; 0       ; 0         ; 29   ; 0            ; |Lab10_2                ; work         ;
;    |CLK_DIV:CLK_U1|        ; 61 (61)           ; 45 (45)      ; 0           ; 0            ; 0       ; 0         ; 0    ; 0            ; |Lab10_2|CLK_DIV:CLK_U1 ; work         ;
+----------------------------+-------------------+--------------+-------------+--------------+---------+-----------+------+--------------+-------------------------+--------------+
Note: For table entries with two numbers listed, the numbers in parentheses indicate the number of resources of the given type used by the specific entity alone. The numbers listed outside of parentheses indicate the total resources of the given type used by the specific entity and all of its sub-entities in the hierarchy.


+---------------------------------------------------------------------------------+
; Registers Removed During Synthesis                                              ;
+----------------------------------------+----------------------------------------+
; Register name                          ; Reason for Removal                     ;
+----------------------------------------+----------------------------------------+
; LCM_RW                                 ; Stuck at GND due to stuck port data_in ;
; LINE1[0][7]                            ; Merged with LINE1[0][3]                ;
; LINE1[10][3]                           ; Merged with LINE1[0][3]                ;
; LINE1[10][7]                           ; Merged with LINE1[0][3]                ;
; LINE1[11][3]                           ; Merged with LINE1[0][3]                ;
; LINE1[11][7]                           ; Merged with LINE1[0][3]                ;
; LINE1[12][3]                           ; Merged with LINE1[0][3]                ;
; LINE1[12][7]                           ; Merged with LINE1[0][3]                ;
; LINE1[13][3]                           ; Merged with LINE1[0][3]                ;
; LINE1[13][7]                           ; Merged with LINE1[0][3]                ;
; LINE1[14][3]                           ; Merged with LINE1[0][3]                ;
; LINE1[14][7]                           ; Merged with LINE1[0][3]                ;
; LINE1[15][3]                           ; Merged with LINE1[0][3]                ;
; LINE1[15][7]                           ; Merged with LINE1[0][3]                ;
; LINE1[1][3]                            ; Merged with LINE1[0][3]                ;
; LINE1[1][7]                            ; Merged with LINE1[0][3]                ;
; LINE1[2][3]                            ; Merged with LINE1[0][3]                ;
; LINE1[2][7]                            ; Merged with LINE1[0][3]                ;
; LINE1[3][3]                            ; Merged with LINE1[0][3]                ;
; LINE1[3][7]                            ; Merged with LINE1[0][3]                ;
; LINE1[4][3]                            ; Merged with LINE1[0][3]                ;
; LINE1[4][7]                            ; Merged with LINE1[0][3]                ;
; LINE1[5][3]                            ; Merged with LINE1[0][3]                ;
; LINE1[5][7]                            ; Merged with LINE1[0][3]                ;
; LINE1[6][3]                            ; Merged with LINE1[0][3]                ;
; LINE1[6][7]                            ; Merged with LINE1[0][3]                ;
; LINE1[7][3]                            ; Merged with LINE1[0][3]                ;
; LINE1[7][7]                            ; Merged with LINE1[0][3]                ;
; LINE1[8][3]                            ; Merged with LINE1[0][3]                ;
; LINE1[8][7]                            ; Merged with LINE1[0][3]                ;
; LINE1[9][3]                            ; Merged with LINE1[0][3]                ;
; LINE1[9][7]                            ; Merged with LINE1[0][3]                ;
; LINE1[0][3]                            ; Stuck at GND due to stuck port data_in ;
; Total Number of Removed Registers = 33 ;                                        ;
+----------------------------------------+----------------------------------------+


+------------------------------------------------------+
; General Register Statistics                          ;
+----------------------------------------------+-------+
; Statistic                                    ; Value ;
+----------------------------------------------+-------+
; Total registers                              ; 160   ;
; Number of registers using Synchronous Clear  ; 43    ;
; Number of registers using Synchronous Load   ; 5     ;
; Number of registers using Asynchronous Clear ; 106   ;
; Number of registers using Asynchronous Load  ; 0     ;
; Number of registers using Clock Enable       ; 5     ;
; Number of registers using Preset             ; 0     ;
+----------------------------------------------+-------+


+---------------------------------------------------+
; Inverted Register Statistics                      ;
+-----------------------------------------+---------+
; Inverted Register                       ; Fan out ;
+-----------------------------------------+---------+
; LINE1[1][5]                             ; 3       ;
; LINE1[2][5]                             ; 3       ;
; LINE1[3][5]                             ; 3       ;
; LINE1[4][5]                             ; 3       ;
; LINE1[5][5]                             ; 3       ;
; LINE1[6][5]                             ; 3       ;
; LINE1[7][5]                             ; 3       ;
; LINE1[8][5]                             ; 3       ;
; LINE1[9][5]                             ; 3       ;
; LINE1[10][5]                            ; 3       ;
; LINE1[11][5]                            ; 3       ;
; LINE1[12][5]                            ; 3       ;
; LINE1[13][5]                            ; 3       ;
; LINE1[14][5]                            ; 3       ;
; LINE1[15][5]                            ; 3       ;
; Total number of inverted registers = 15 ;         ;
+-----------------------------------------+---------+


+------------------------------------------------------------------------------------------------------------------------------------------+
; Multiplexer Restructuring Statistics (Restructuring Performed)                                                                           ;
+--------------------+-----------+---------------+----------------------+------------------------+------------+----------------------------+
; Multiplexer Inputs ; Bus Width ; Baseline Area ; Area if Restructured ; Saving if Restructured ; Registered ; Example Multiplexer Output ;
+--------------------+-----------+---------------+----------------------+------------------------+------------+----------------------------+
; 25:1               ; 2 bits    ; 32 LEs        ; 32 LEs               ; 0 LEs                  ; Yes        ; |Lab10_2|LCM_DB[5]         ;
+--------------------+-----------+---------------+----------------------+------------------------+------------+----------------------------+


+-------------------------------+
; Elapsed Time Per Partition    ;
+----------------+--------------+
; Partition Name ; Elapsed Time ;
+----------------+--------------+
; Top            ; 00:00:00     ;
+----------------+--------------+


+-------------------------------+
; Analysis & Synthesis Messages ;
+-------------------------------+
Info: *******************************************************************
Info: Running Quartus II 64-Bit Analysis & Synthesis
    Info: Version 13.1.0 Build 162 10/23/2013 SJ Web Edition
    Info: Processing started: Sat May 11 10:52:08 2024
Info: Command: quartus_map --read_settings_files=on --write_settings_files=off Lab10_2 -c Lab10_2
Info (11104): Parallel Compilation has detected 8 hyper-threaded processors. However, the extra hyper-threaded processors will not be used by default. Parallel Compilation will use 4 of the 4 physical processors detected instead.
Info (12021): Found 4 design units, including 2 entities, in source file lab10_2.vhd
    Info (12022): Found design unit 1: Lab10_2-arch
    Info (12022): Found design unit 2: CLK_DIV-arch
    Info (12023): Found entity 1: Lab10_2
    Info (12023): Found entity 2: CLK_DIV
Info (12127): Elaborating entity "Lab10_2" for the top level hierarchy
Warning (10873): Using initial value X (don't care) for net "GPIO_0[20]" at Lab10_2.vhd(9)
Warning (10873): Using initial value X (don't care) for net "GPIO_0[18]" at Lab10_2.vhd(9)
Warning (10873): Using initial value X (don't care) for net "GPIO_0[16]" at Lab10_2.vhd(9)
Warning (10873): Using initial value X (don't care) for net "GPIO_0[12..9]" at Lab10_2.vhd(9)
Warning (10873): Using initial value X (don't care) for net "GPIO_1[20]" at Lab10_2.vhd(10)
Warning (10873): Using initial value X (don't care) for net "GPIO_1[18]" at Lab10_2.vhd(10)
Warning (10873): Using initial value X (don't care) for net "GPIO_1[16]" at Lab10_2.vhd(10)
Warning (10873): Using initial value X (don't care) for net "GPIO_1[12]" at Lab10_2.vhd(10)
Warning (10873): Using initial value X (don't care) for net "GPIO_1[10]" at Lab10_2.vhd(10)
Info (12128): Elaborating entity "CLK_DIV" for hierarchy "CLK_DIV:CLK_U1"
Warning (10492): VHDL Process Statement warning at Lab10_2.vhd(186): signal "CLK_out" is read inside the Process Statement but isn't in the Process Statement's sensitivity list
Warning (10492): VHDL Process Statement warning at Lab10_2.vhd(187): signal "CLK_out2" is read inside the Process Statement but isn't in the Process Statement's sensitivity list
Info (13000): Registers with preset signals will power-up high
Info (13003): DEV_CLRn pin will set, and not reset, register with preset signal due to NOT Gate Push-Back
Warning (13004): Presettable and clearable registers converted to equivalent circuits with latches. Registers power-up to an undefined state, and DEVCLRn places the registers in an undefined state.
    Warning (13310): Register "LINE1[5][0]" is converted into an equivalent circuit using register "LINE1[5][0]~_emulated" and latch "LINE1[5][0]~1"
    Warning (13310): Register "LINE1[4][0]" is converted into an equivalent circuit using register "LINE1[4][0]~_emulated" and latch "LINE1[5][0]~1"
    Warning (13310): Register "LINE1[3][0]" is converted into an equivalent circuit using register "LINE1[3][0]~_emulated" and latch "LINE1[5][0]~1"
    Warning (13310): Register "LINE1[2][0]" is converted into an equivalent circuit using register "LINE1[2][0]~_emulated" and latch "LINE1[5][0]~1"
    Warning (13310): Register "LINE1[1][0]" is converted into an equivalent circuit using register "LINE1[1][0]~_emulated" and latch "LINE1[5][0]~1"
    Warning (13310): Register "LINE1[6][1]" is converted into an equivalent circuit using register "LINE1[6][1]~_emulated" and latch "LINE1[5][0]~1"
    Warning (13310): Register "LINE1[5][1]" is converted into an equivalent circuit using register "LINE1[5][1]~_emulated" and latch "LINE1[5][0]~1"
    Warning (13310): Register "LINE1[4][1]" is converted into an equivalent circuit using register "LINE1[4][1]~_emulated" and latch "LINE1[5][0]~1"
    Warning (13310): Register "LINE1[3][1]" is converted into an equivalent circuit using register "LINE1[3][1]~_emulated" and latch "LINE1[5][0]~1"
    Warning (13310): Register "LINE1[7][2]" is converted into an equivalent circuit using register "LINE1[7][2]~_emulated" and latch "LINE1[5][0]~1"
    Warning (13310): Register "LINE1[0][2]" is converted into an equivalent circuit using register "LINE1[0][2]~_emulated" and latch "LINE1[5][0]~1"
    Warning (13310): Register "LINE1[7][4]" is converted into an equivalent circuit using register "LINE1[7][4]~_emulated" and latch "LINE1[5][0]~1"
    Warning (13310): Register "LINE1[6][4]" is converted into an equivalent circuit using register "LINE1[6][4]~_emulated" and latch "LINE1[5][0]~1"
    Warning (13310): Register "LINE1[5][4]" is converted into an equivalent circuit using register "LINE1[5][4]~_emulated" and latch "LINE1[5][0]~1"
    Warning (13310): Register "LINE1[4][4]" is converted into an equivalent circuit using register "LINE1[4][4]~_emulated" and latch "LINE1[5][0]~1"
    Warning (13310): Register "LINE1[3][4]" is converted into an equivalent circuit using register "LINE1[3][4]~_emulated" and latch "LINE1[5][0]~1"
    Warning (13310): Register "LINE1[2][4]" is converted into an equivalent circuit using register "LINE1[2][4]~_emulated" and latch "LINE1[5][0]~1"
    Warning (13310): Register "LINE1[1][4]" is converted into an equivalent circuit using register "LINE1[1][4]~_emulated" and latch "LINE1[5][0]~1"
    Warning (13310): Register "LINE1[0][5]" is converted into an equivalent circuit using register "LINE1[0][5]~_emulated" and latch "LINE1[0][5]~39"
    Warning (13310): Register "LINE1[0][6]" is converted into an equivalent circuit using register "LINE1[0][6]~_emulated" and latch "LINE1[5][0]~1"
Warning (13024): Output pins are stuck at VCC or GND
    Warning (13410): Pin "GPIO_0[9]" is stuck at GND
    Warning (13410): Pin "GPIO_0[10]" is stuck at GND
    Warning (13410): Pin "GPIO_0[11]" is stuck at GND
    Warning (13410): Pin "GPIO_0[12]" is stuck at GND
    Warning (13410): Pin "GPIO_0[13]" is stuck at GND
    Warning (13410): Pin "GPIO_0[15]" is stuck at GND
    Warning (13410): Pin "GPIO_0[16]" is stuck at GND
    Warning (13410): Pin "GPIO_0[18]" is stuck at GND
    Warning (13410): Pin "GPIO_0[20]" is stuck at GND
    Warning (13410): Pin "GPIO_1[10]" is stuck at GND
    Warning (13410): Pin "GPIO_1[12]" is stuck at GND
    Warning (13410): Pin "GPIO_1[16]" is stuck at GND
    Warning (13410): Pin "GPIO_1[18]" is stuck at GND
    Warning (13410): Pin "GPIO_1[19]" is stuck at VCC
    Warning (13410): Pin "GPIO_1[20]" is stuck at GND
    Warning (13410): Pin "GPIO_1[21]" is stuck at GND
Info (286030): Timing-Driven Synthesis is running
Info (16010): Generating hard_block partition "hard_block:auto_generated_inst"
    Info (16011): Adding 0 node(s), including 0 DDIO, 0 PLL, 0 transceiver and 0 LCELL
Info (21057): Implemented 324 device resources after synthesis - the final resource count might be different
    Info (21058): Implemented 3 input pins
    Info (21059): Implemented 26 output pins
    Info (21061): Implemented 295 logic cells
Info: Quartus II 64-Bit Analysis & Synthesis was successful. 0 errors, 49 warnings
    Info: Peak virtual memory: 4693 megabytes
    Info: Processing ended: Sat May 11 10:52:10 2024
    Info: Elapsed time: 00:00:02
    Info: Total CPU time (on all processors): 00:00:01


