Analysis & Synthesis report for paritice3
Thu Jun 13 11:29:08 2024
Quartus II 64-Bit Version 13.1.0 Build 162 10/23/2013 SJ Web Edition


---------------------
; Table of Contents ;
---------------------
  1. Legal Notice
  2. Analysis & Synthesis Summary
  3. Analysis & Synthesis Settings
  4. Parallel Compilation
  5. Analysis & Synthesis Source Files Read
  6. Analysis & Synthesis Resource Usage Summary
  7. Analysis & Synthesis Resource Utilization by Entity
  8. User-Specified and Inferred Latches
  9. General Register Statistics
 10. Parameter Settings for Inferred Entity Instance: Vbar_display:Vbar_display1|lpm_divide:Div1
 11. Parameter Settings for Inferred Entity Instance: Vbar_display:Vbar_display1|lpm_divide:Div2
 12. Parameter Settings for Inferred Entity Instance: Vbar_display:Vbar_display1|lpm_divide:Div4
 13. Parameter Settings for Inferred Entity Instance: Vbar_display:Vbar_display1|lpm_divide:Div0
 14. Parameter Settings for Inferred Entity Instance: Vbar_display:Vbar_display1|lpm_mult:Mult0
 15. Parameter Settings for Inferred Entity Instance: Vbar_display:Vbar_display1|lpm_divide:Div3
 16. Parameter Settings for Inferred Entity Instance: Vbar_display:Vbar_display1|lpm_mult:Mult1
 17. lpm_mult Parameter Settings by Entity Instance
 18. Port Connectivity Checks: "VGA_sync:VGA_sync1"
 19. Elapsed Time Per Partition
 20. Analysis & Synthesis Messages



----------------
; Legal Notice ;
----------------
Copyright (C) 1991-2013 Altera Corporation
Your use of Altera Corporation's design tools, logic functions 
and other software and tools, and its AMPP partner logic 
functions, and any output files from any of the foregoing 
(including device programming or simulation files), and any 
associated documentation or information are expressly subject 
to the terms and conditions of the Altera Program License 
Subscription Agreement, Altera MegaCore Function License 
Agreement, or other applicable license agreement, including, 
without limitation, that your use is for the sole purpose of 
programming logic devices manufactured by Altera and sold by 
Altera or its authorized distributors.  Please refer to the 
applicable agreement for further details.



+---------------------------------------------------------------------------------+
; Analysis & Synthesis Summary                                                    ;
+------------------------------------+--------------------------------------------+
; Analysis & Synthesis Status        ; Successful - Thu Jun 13 11:29:08 2024      ;
; Quartus II 64-Bit Version          ; 13.1.0 Build 162 10/23/2013 SJ Web Edition ;
; Revision Name                      ; paritice3                                  ;
; Top-level Entity Name              ; paritice3                                  ;
; Family                             ; Cyclone III                                ;
; Total logic elements               ; 2,148                                      ;
;     Total combinational functions  ; 2,148                                      ;
;     Dedicated logic registers      ; 21                                         ;
; Total registers                    ; 21                                         ;
; Total pins                         ; 21                                         ;
; Total virtual pins                 ; 0                                          ;
; Total memory bits                  ; 0                                          ;
; Embedded Multiplier 9-bit elements ; 0                                          ;
; Total PLLs                         ; 0                                          ;
+------------------------------------+--------------------------------------------+


+----------------------------------------------------------------------------------------------------------------------+
; Analysis & Synthesis Settings                                                                                        ;
+----------------------------------------------------------------------------+--------------------+--------------------+
; Option                                                                     ; Setting            ; Default Value      ;
+----------------------------------------------------------------------------+--------------------+--------------------+
; Device                                                                     ; EP3C16F484C6       ;                    ;
; Top-level entity name                                                      ; paritice3          ; paritice3          ;
; Family name                                                                ; Cyclone III        ; Cyclone IV GX      ;
; Use smart compilation                                                      ; Off                ; Off                ;
; Enable parallel Assembler and TimeQuest Timing Analyzer during compilation ; On                 ; On                 ;
; Enable compact report table                                                ; Off                ; Off                ;
; Restructure Multiplexers                                                   ; Auto               ; Auto               ;
; Create Debugging Nodes for IP Cores                                        ; Off                ; Off                ;
; Preserve fewer node names                                                  ; On                 ; On                 ;
; Disable OpenCore Plus hardware evaluation                                  ; Off                ; Off                ;
; Verilog Version                                                            ; Verilog_2001       ; Verilog_2001       ;
; VHDL Version                                                               ; VHDL_1993          ; VHDL_1993          ;
; State Machine Processing                                                   ; Auto               ; Auto               ;
; Safe State Machine                                                         ; Off                ; Off                ;
; Extract Verilog State Machines                                             ; On                 ; On                 ;
; Extract VHDL State Machines                                                ; On                 ; On                 ;
; Ignore Verilog initial constructs                                          ; Off                ; Off                ;
; Iteration limit for constant Verilog loops                                 ; 5000               ; 5000               ;
; Iteration limit for non-constant Verilog loops                             ; 250                ; 250                ;
; Add Pass-Through Logic to Inferred RAMs                                    ; On                 ; On                 ;
; Infer RAMs from Raw Logic                                                  ; On                 ; On                 ;
; Parallel Synthesis                                                         ; On                 ; On                 ;
; DSP Block Balancing                                                        ; Auto               ; Auto               ;
; NOT Gate Push-Back                                                         ; On                 ; On                 ;
; Power-Up Don't Care                                                        ; On                 ; On                 ;
; Remove Redundant Logic Cells                                               ; Off                ; Off                ;
; Remove Duplicate Registers                                                 ; On                 ; On                 ;
; Ignore CARRY Buffers                                                       ; Off                ; Off                ;
; Ignore CASCADE Buffers                                                     ; Off                ; Off                ;
; Ignore GLOBAL Buffers                                                      ; Off                ; Off                ;
; Ignore ROW GLOBAL Buffers                                                  ; Off                ; Off                ;
; Ignore LCELL Buffers                                                       ; Off                ; Off                ;
; Ignore SOFT Buffers                                                        ; On                 ; On                 ;
; Limit AHDL Integers to 32 Bits                                             ; Off                ; Off                ;
; Optimization Technique                                                     ; Balanced           ; Balanced           ;
; Carry Chain Length                                                         ; 70                 ; 70                 ;
; Auto Carry Chains                                                          ; On                 ; On                 ;
; Auto Open-Drain Pins                                                       ; On                 ; On                 ;
; Perform WYSIWYG Primitive Resynthesis                                      ; Off                ; Off                ;
; Auto ROM Replacement                                                       ; On                 ; On                 ;
; Auto RAM Replacement                                                       ; On                 ; On                 ;
; Auto DSP Block Replacement                                                 ; On                 ; On                 ;
; Auto Shift Register Replacement                                            ; Auto               ; Auto               ;
; Allow Shift Register Merging across Hierarchies                            ; Auto               ; Auto               ;
; Auto Clock Enable Replacement                                              ; On                 ; On                 ;
; Strict RAM Replacement                                                     ; Off                ; Off                ;
; Allow Synchronous Control Signals                                          ; On                 ; On                 ;
; Force Use of Synchronous Clear Signals                                     ; Off                ; Off                ;
; Auto RAM Block Balancing                                                   ; On                 ; On                 ;
; Auto RAM to Logic Cell Conversion                                          ; Off                ; Off                ;
; Auto Resource Sharing                                                      ; Off                ; Off                ;
; Allow Any RAM Size For Recognition                                         ; Off                ; Off                ;
; Allow Any ROM Size For Recognition                                         ; Off                ; Off                ;
; Allow Any Shift Register Size For Recognition                              ; Off                ; Off                ;
; Use LogicLock Constraints during Resource Balancing                        ; On                 ; On                 ;
; Ignore translate_off and synthesis_off directives                          ; Off                ; Off                ;
; Timing-Driven Synthesis                                                    ; On                 ; On                 ;
; Report Parameter Settings                                                  ; On                 ; On                 ;
; Report Source Assignments                                                  ; On                 ; On                 ;
; Report Connectivity Checks                                                 ; On                 ; On                 ;
; Ignore Maximum Fan-Out Assignments                                         ; Off                ; Off                ;
; Synchronization Register Chain Length                                      ; 2                  ; 2                  ;
; PowerPlay Power Optimization                                               ; Normal compilation ; Normal compilation ;
; HDL message level                                                          ; Level2             ; Level2             ;
; Suppress Register Optimization Related Messages                            ; Off                ; Off                ;
; Number of Removed Registers Reported in Synthesis Report                   ; 5000               ; 5000               ;
; Number of Swept Nodes Reported in Synthesis Report                         ; 5000               ; 5000               ;
; Number of Inverted Registers Reported in Synthesis Report                  ; 100                ; 100                ;
; Clock MUX Protection                                                       ; On                 ; On                 ;
; Auto Gated Clock Conversion                                                ; Off                ; Off                ;
; Block Design Naming                                                        ; Auto               ; Auto               ;
; SDC constraint protection                                                  ; Off                ; Off                ;
; Synthesis Effort                                                           ; Auto               ; Auto               ;
; Shift Register Replacement - Allow Asynchronous Clear Signal               ; On                 ; On                 ;
; Pre-Mapping Resynthesis Optimization                                       ; Off                ; Off                ;
; Analysis & Synthesis Message Level                                         ; Medium             ; Medium             ;
; Disable Register Merging Across Hierarchies                                ; Auto               ; Auto               ;
; Resource Aware Inference For Block RAM                                     ; On                 ; On                 ;
; Synthesis Seed                                                             ; 1                  ; 1                  ;
+----------------------------------------------------------------------------+--------------------+--------------------+


+------------------------------------------+
; Parallel Compilation                     ;
+----------------------------+-------------+
; Processors                 ; Number      ;
+----------------------------+-------------+
; Number detected on machine ; 8           ;
; Maximum allowed            ; 4           ;
;                            ;             ;
; Average used               ; 1.00        ;
; Maximum used               ; 4           ;
;                            ;             ;
; Usage by Processor         ; % Time Used ;
;     Processor 1            ; 100.0%      ;
;     Processors 2-4         ; < 0.1%      ;
;     Processors 5-8         ;   0.0%      ;
+----------------------------+-------------+


+--------------------------------------------------------------------------------------------------------------------------------------------------------------------------------+
; Analysis & Synthesis Source Files Read                                                                                                                                         ;
+----------------------------------+-----------------+------------------------------+----------------------------------------------------------------------------------+---------+
; File Name with User-Entered Path ; Used in Netlist ; File Type                    ; File Name with Absolute Path                                                     ; Library ;
+----------------------------------+-----------------+------------------------------+----------------------------------------------------------------------------------+---------+
; paritice3.vhd                    ; yes             ; User VHDL File               ; D:/Users/USER/Desktop/code/Digital_Systems/finpartice/paritice3.vhd              ;         ;
; vga_sync.vhd                     ; yes             ; Auto-Found VHDL File         ; D:/Users/USER/Desktop/code/Digital_Systems/finpartice/vga_sync.vhd               ;         ;
; vbar_display.vhd                 ; yes             ; Auto-Found VHDL File         ; D:/Users/USER/Desktop/code/Digital_Systems/finpartice/vbar_display.vhd           ;         ;
; lpm_divide.tdf                   ; yes             ; Megafunction                 ; c:/altera/13.1/quartus/libraries/megafunctions/lpm_divide.tdf                    ;         ;
; abs_divider.inc                  ; yes             ; Megafunction                 ; c:/altera/13.1/quartus/libraries/megafunctions/abs_divider.inc                   ;         ;
; sign_div_unsign.inc              ; yes             ; Megafunction                 ; c:/altera/13.1/quartus/libraries/megafunctions/sign_div_unsign.inc               ;         ;
; aglobal131.inc                   ; yes             ; Megafunction                 ; c:/altera/13.1/quartus/libraries/megafunctions/aglobal131.inc                    ;         ;
; db/lpm_divide_hhm.tdf            ; yes             ; Auto-Generated Megafunction  ; D:/Users/USER/Desktop/code/Digital_Systems/finpartice/db/lpm_divide_hhm.tdf      ;         ;
; db/sign_div_unsign_ilh.tdf       ; yes             ; Auto-Generated Megafunction  ; D:/Users/USER/Desktop/code/Digital_Systems/finpartice/db/sign_div_unsign_ilh.tdf ;         ;
; db/alt_u_div_f5f.tdf             ; yes             ; Auto-Generated Megafunction  ; D:/Users/USER/Desktop/code/Digital_Systems/finpartice/db/alt_u_div_f5f.tdf       ;         ;
; db/add_sub_unc.tdf               ; yes             ; Auto-Generated Megafunction  ; D:/Users/USER/Desktop/code/Digital_Systems/finpartice/db/add_sub_unc.tdf         ;         ;
; db/add_sub_vnc.tdf               ; yes             ; Auto-Generated Megafunction  ; D:/Users/USER/Desktop/code/Digital_Systems/finpartice/db/add_sub_vnc.tdf         ;         ;
; db/lpm_divide_cvo.tdf            ; yes             ; Auto-Generated Megafunction  ; D:/Users/USER/Desktop/code/Digital_Systems/finpartice/db/lpm_divide_cvo.tdf      ;         ;
; db/abs_divider_gbg.tdf           ; yes             ; Auto-Generated Megafunction  ; D:/Users/USER/Desktop/code/Digital_Systems/finpartice/db/abs_divider_gbg.tdf     ;         ;
; db/alt_u_div_l5f.tdf             ; yes             ; Auto-Generated Megafunction  ; D:/Users/USER/Desktop/code/Digital_Systems/finpartice/db/alt_u_div_l5f.tdf       ;         ;
; db/lpm_abs_nt9.tdf               ; yes             ; Auto-Generated Megafunction  ; D:/Users/USER/Desktop/code/Digital_Systems/finpartice/db/lpm_abs_nt9.tdf         ;         ;
; db/lpm_abs_7v9.tdf               ; yes             ; Auto-Generated Megafunction  ; D:/Users/USER/Desktop/code/Digital_Systems/finpartice/db/lpm_abs_7v9.tdf         ;         ;
; lpm_mult.tdf                     ; yes             ; Megafunction                 ; c:/altera/13.1/quartus/libraries/megafunctions/lpm_mult.tdf                      ;         ;
; lpm_add_sub.inc                  ; yes             ; Megafunction                 ; c:/altera/13.1/quartus/libraries/megafunctions/lpm_add_sub.inc                   ;         ;
; multcore.inc                     ; yes             ; Megafunction                 ; c:/altera/13.1/quartus/libraries/megafunctions/multcore.inc                      ;         ;
; bypassff.inc                     ; yes             ; Megafunction                 ; c:/altera/13.1/quartus/libraries/megafunctions/bypassff.inc                      ;         ;
; altshift.inc                     ; yes             ; Megafunction                 ; c:/altera/13.1/quartus/libraries/megafunctions/altshift.inc                      ;         ;
; multcore.tdf                     ; yes             ; Megafunction                 ; c:/altera/13.1/quartus/libraries/megafunctions/multcore.tdf                      ;         ;
; csa_add.inc                      ; yes             ; Megafunction                 ; c:/altera/13.1/quartus/libraries/megafunctions/csa_add.inc                       ;         ;
; mpar_add.inc                     ; yes             ; Megafunction                 ; c:/altera/13.1/quartus/libraries/megafunctions/mpar_add.inc                      ;         ;
; muleabz.inc                      ; yes             ; Megafunction                 ; c:/altera/13.1/quartus/libraries/megafunctions/muleabz.inc                       ;         ;
; mul_lfrg.inc                     ; yes             ; Megafunction                 ; c:/altera/13.1/quartus/libraries/megafunctions/mul_lfrg.inc                      ;         ;
; mul_boothc.inc                   ; yes             ; Megafunction                 ; c:/altera/13.1/quartus/libraries/megafunctions/mul_boothc.inc                    ;         ;
; alt_ded_mult.inc                 ; yes             ; Megafunction                 ; c:/altera/13.1/quartus/libraries/megafunctions/alt_ded_mult.inc                  ;         ;
; alt_ded_mult_y.inc               ; yes             ; Megafunction                 ; c:/altera/13.1/quartus/libraries/megafunctions/alt_ded_mult_y.inc                ;         ;
; dffpipe.inc                      ; yes             ; Megafunction                 ; c:/altera/13.1/quartus/libraries/megafunctions/dffpipe.inc                       ;         ;
; mpar_add.tdf                     ; yes             ; Megafunction                 ; c:/altera/13.1/quartus/libraries/megafunctions/mpar_add.tdf                      ;         ;
; lpm_add_sub.tdf                  ; yes             ; Megafunction                 ; c:/altera/13.1/quartus/libraries/megafunctions/lpm_add_sub.tdf                   ;         ;
; addcore.inc                      ; yes             ; Megafunction                 ; c:/altera/13.1/quartus/libraries/megafunctions/addcore.inc                       ;         ;
; look_add.inc                     ; yes             ; Megafunction                 ; c:/altera/13.1/quartus/libraries/megafunctions/look_add.inc                      ;         ;
; alt_stratix_add_sub.inc          ; yes             ; Megafunction                 ; c:/altera/13.1/quartus/libraries/megafunctions/alt_stratix_add_sub.inc           ;         ;
; db/add_sub_bfh.tdf               ; yes             ; Auto-Generated Megafunction  ; D:/Users/USER/Desktop/code/Digital_Systems/finpartice/db/add_sub_bfh.tdf         ;         ;
; db/add_sub_ffh.tdf               ; yes             ; Auto-Generated Megafunction  ; D:/Users/USER/Desktop/code/Digital_Systems/finpartice/db/add_sub_ffh.tdf         ;         ;
; altshift.tdf                     ; yes             ; Megafunction                 ; c:/altera/13.1/quartus/libraries/megafunctions/altshift.tdf                      ;         ;
; db/add_sub_98h.tdf               ; yes             ; Auto-Generated Megafunction  ; D:/Users/USER/Desktop/code/Digital_Systems/finpartice/db/add_sub_98h.tdf         ;         ;
; db/add_sub_7jh.tdf               ; yes             ; Auto-Generated Megafunction  ; D:/Users/USER/Desktop/code/Digital_Systems/finpartice/db/add_sub_7jh.tdf         ;         ;
+----------------------------------+-----------------+------------------------------+----------------------------------------------------------------------------------+---------+


+----------------------------------------------------------------------------------+
; Analysis & Synthesis Resource Usage Summary                                      ;
+---------------------------------------------+------------------------------------+
; Resource                                    ; Usage                              ;
+---------------------------------------------+------------------------------------+
; Estimated Total logic elements              ; 2,148                              ;
;                                             ;                                    ;
; Total combinational functions               ; 2148                               ;
; Logic element usage by number of LUT inputs ;                                    ;
;     -- 4 input functions                    ; 1303                               ;
;     -- 3 input functions                    ; 428                                ;
;     -- <=2 input functions                  ; 417                                ;
;                                             ;                                    ;
; Logic elements by mode                      ;                                    ;
;     -- normal mode                          ; 1825                               ;
;     -- arithmetic mode                      ; 323                                ;
;                                             ;                                    ;
; Total registers                             ; 21                                 ;
;     -- Dedicated logic registers            ; 21                                 ;
;     -- I/O registers                        ; 0                                  ;
;                                             ;                                    ;
; I/O pins                                    ; 21                                 ;
; Embedded Multiplier 9-bit elements          ; 0                                  ;
; Maximum fan-out node                        ; Vbar_display:Vbar_display1|Add5~10 ;
; Maximum fan-out                             ; 117                                ;
; Total fan-out                               ; 7299                               ;
; Average fan-out                             ; 3.30                               ;
+---------------------------------------------+------------------------------------+


+---------------------------------------------------------------------------------------------------------------------------------------------------------------------------------------------------------------------------------------------------------------------------------------------------------------------------------------------+
; Analysis & Synthesis Resource Utilization by Entity                                                                                                                                                                                                                                                                                         ;
+---------------------------------------------------+-------------------+--------------+-------------+--------------+---------+-----------+------+--------------+--------------------------------------------------------------------------------------------------------------------------------------------------------------+--------------+
; Compilation Hierarchy Node                        ; LC Combinationals ; LC Registers ; Memory Bits ; DSP Elements ; DSP 9x9 ; DSP 18x18 ; Pins ; Virtual Pins ; Full Hierarchy Name                                                                                                                                          ; Library Name ;
+---------------------------------------------------+-------------------+--------------+-------------+--------------+---------+-----------+------+--------------+--------------------------------------------------------------------------------------------------------------------------------------------------------------+--------------+
; |paritice3                                        ; 2148 (0)          ; 21 (0)       ; 0           ; 0            ; 0       ; 0         ; 21   ; 0            ; |paritice3                                                                                                                                                   ; work         ;
;    |CLK_DIV:clock_div1|                           ; 1 (1)             ; 1 (1)        ; 0           ; 0            ; 0       ; 0         ; 0    ; 0            ; |paritice3|CLK_DIV:clock_div1                                                                                                                                ; work         ;
;    |VGA_sync:VGA_sync1|                           ; 47 (47)           ; 20 (20)      ; 0           ; 0            ; 0       ; 0         ; 0    ; 0            ; |paritice3|VGA_sync:VGA_sync1                                                                                                                                ; work         ;
;    |Vbar_display:Vbar_display1|                   ; 2100 (1497)       ; 0 (0)        ; 0           ; 0            ; 0       ; 0         ; 0    ; 0            ; |paritice3|Vbar_display:Vbar_display1                                                                                                                        ; work         ;
;       |lpm_divide:Div0|                           ; 61 (0)            ; 0 (0)        ; 0           ; 0            ; 0       ; 0         ; 0    ; 0            ; |paritice3|Vbar_display:Vbar_display1|lpm_divide:Div0                                                                                                        ; work         ;
;          |lpm_divide_hhm:auto_generated|          ; 61 (0)            ; 0 (0)        ; 0           ; 0            ; 0       ; 0         ; 0    ; 0            ; |paritice3|Vbar_display:Vbar_display1|lpm_divide:Div0|lpm_divide_hhm:auto_generated                                                                          ; work         ;
;             |sign_div_unsign_ilh:divider|         ; 61 (0)            ; 0 (0)        ; 0           ; 0            ; 0       ; 0         ; 0    ; 0            ; |paritice3|Vbar_display:Vbar_display1|lpm_divide:Div0|lpm_divide_hhm:auto_generated|sign_div_unsign_ilh:divider                                              ; work         ;
;                |alt_u_div_f5f:divider|            ; 61 (60)           ; 0 (0)        ; 0           ; 0            ; 0       ; 0         ; 0    ; 0            ; |paritice3|Vbar_display:Vbar_display1|lpm_divide:Div0|lpm_divide_hhm:auto_generated|sign_div_unsign_ilh:divider|alt_u_div_f5f:divider                        ; work         ;
;                   |add_sub_vnc:add_sub_1|         ; 1 (1)             ; 0 (0)        ; 0           ; 0            ; 0       ; 0         ; 0    ; 0            ; |paritice3|Vbar_display:Vbar_display1|lpm_divide:Div0|lpm_divide_hhm:auto_generated|sign_div_unsign_ilh:divider|alt_u_div_f5f:divider|add_sub_vnc:add_sub_1  ; work         ;
;       |lpm_divide:Div1|                           ; 60 (0)            ; 0 (0)        ; 0           ; 0            ; 0       ; 0         ; 0    ; 0            ; |paritice3|Vbar_display:Vbar_display1|lpm_divide:Div1                                                                                                        ; work         ;
;          |lpm_divide_hhm:auto_generated|          ; 60 (0)            ; 0 (0)        ; 0           ; 0            ; 0       ; 0         ; 0    ; 0            ; |paritice3|Vbar_display:Vbar_display1|lpm_divide:Div1|lpm_divide_hhm:auto_generated                                                                          ; work         ;
;             |sign_div_unsign_ilh:divider|         ; 60 (0)            ; 0 (0)        ; 0           ; 0            ; 0       ; 0         ; 0    ; 0            ; |paritice3|Vbar_display:Vbar_display1|lpm_divide:Div1|lpm_divide_hhm:auto_generated|sign_div_unsign_ilh:divider                                              ; work         ;
;                |alt_u_div_f5f:divider|            ; 60 (60)           ; 0 (0)        ; 0           ; 0            ; 0       ; 0         ; 0    ; 0            ; |paritice3|Vbar_display:Vbar_display1|lpm_divide:Div1|lpm_divide_hhm:auto_generated|sign_div_unsign_ilh:divider|alt_u_div_f5f:divider                        ; work         ;
;       |lpm_divide:Div2|                           ; 140 (0)           ; 0 (0)        ; 0           ; 0            ; 0       ; 0         ; 0    ; 0            ; |paritice3|Vbar_display:Vbar_display1|lpm_divide:Div2                                                                                                        ; work         ;
;          |lpm_divide_cvo:auto_generated|          ; 140 (0)           ; 0 (0)        ; 0           ; 0            ; 0       ; 0         ; 0    ; 0            ; |paritice3|Vbar_display:Vbar_display1|lpm_divide:Div2|lpm_divide_cvo:auto_generated                                                                          ; work         ;
;             |abs_divider_gbg:divider|             ; 140 (24)          ; 0 (0)        ; 0           ; 0            ; 0       ; 0         ; 0    ; 0            ; |paritice3|Vbar_display:Vbar_display1|lpm_divide:Div2|lpm_divide_cvo:auto_generated|abs_divider_gbg:divider                                                  ; work         ;
;                |alt_u_div_l5f:divider|            ; 99 (99)           ; 0 (0)        ; 0           ; 0            ; 0       ; 0         ; 0    ; 0            ; |paritice3|Vbar_display:Vbar_display1|lpm_divide:Div2|lpm_divide_cvo:auto_generated|abs_divider_gbg:divider|alt_u_div_l5f:divider                            ; work         ;
;                |lpm_abs_7v9:my_abs_num|           ; 17 (17)           ; 0 (0)        ; 0           ; 0            ; 0       ; 0         ; 0    ; 0            ; |paritice3|Vbar_display:Vbar_display1|lpm_divide:Div2|lpm_divide_cvo:auto_generated|abs_divider_gbg:divider|lpm_abs_7v9:my_abs_num                           ; work         ;
;       |lpm_divide:Div3|                           ; 139 (0)           ; 0 (0)        ; 0           ; 0            ; 0       ; 0         ; 0    ; 0            ; |paritice3|Vbar_display:Vbar_display1|lpm_divide:Div3                                                                                                        ; work         ;
;          |lpm_divide_cvo:auto_generated|          ; 139 (0)           ; 0 (0)        ; 0           ; 0            ; 0       ; 0         ; 0    ; 0            ; |paritice3|Vbar_display:Vbar_display1|lpm_divide:Div3|lpm_divide_cvo:auto_generated                                                                          ; work         ;
;             |abs_divider_gbg:divider|             ; 139 (22)          ; 0 (0)        ; 0           ; 0            ; 0       ; 0         ; 0    ; 0            ; |paritice3|Vbar_display:Vbar_display1|lpm_divide:Div3|lpm_divide_cvo:auto_generated|abs_divider_gbg:divider                                                  ; work         ;
;                |alt_u_div_l5f:divider|            ; 99 (99)           ; 0 (0)        ; 0           ; 0            ; 0       ; 0         ; 0    ; 0            ; |paritice3|Vbar_display:Vbar_display1|lpm_divide:Div3|lpm_divide_cvo:auto_generated|abs_divider_gbg:divider|alt_u_div_l5f:divider                            ; work         ;
;                |lpm_abs_7v9:my_abs_num|           ; 18 (18)           ; 0 (0)        ; 0           ; 0            ; 0       ; 0         ; 0    ; 0            ; |paritice3|Vbar_display:Vbar_display1|lpm_divide:Div3|lpm_divide_cvo:auto_generated|abs_divider_gbg:divider|lpm_abs_7v9:my_abs_num                           ; work         ;
;       |lpm_divide:Div4|                           ; 140 (0)           ; 0 (0)        ; 0           ; 0            ; 0       ; 0         ; 0    ; 0            ; |paritice3|Vbar_display:Vbar_display1|lpm_divide:Div4                                                                                                        ; work         ;
;          |lpm_divide_cvo:auto_generated|          ; 140 (0)           ; 0 (0)        ; 0           ; 0            ; 0       ; 0         ; 0    ; 0            ; |paritice3|Vbar_display:Vbar_display1|lpm_divide:Div4|lpm_divide_cvo:auto_generated                                                                          ; work         ;
;             |abs_divider_gbg:divider|             ; 140 (24)          ; 0 (0)        ; 0           ; 0            ; 0       ; 0         ; 0    ; 0            ; |paritice3|Vbar_display:Vbar_display1|lpm_divide:Div4|lpm_divide_cvo:auto_generated|abs_divider_gbg:divider                                                  ; work         ;
;                |alt_u_div_l5f:divider|            ; 99 (99)           ; 0 (0)        ; 0           ; 0            ; 0       ; 0         ; 0    ; 0            ; |paritice3|Vbar_display:Vbar_display1|lpm_divide:Div4|lpm_divide_cvo:auto_generated|abs_divider_gbg:divider|alt_u_div_l5f:divider                            ; work         ;
;                |lpm_abs_7v9:my_abs_num|           ; 17 (17)           ; 0 (0)        ; 0           ; 0            ; 0       ; 0         ; 0    ; 0            ; |paritice3|Vbar_display:Vbar_display1|lpm_divide:Div4|lpm_divide_cvo:auto_generated|abs_divider_gbg:divider|lpm_abs_7v9:my_abs_num                           ; work         ;
;       |lpm_mult:Mult0|                            ; 28 (0)            ; 0 (0)        ; 0           ; 0            ; 0       ; 0         ; 0    ; 0            ; |paritice3|Vbar_display:Vbar_display1|lpm_mult:Mult0                                                                                                         ; work         ;
;          |multcore:mult_core|                     ; 28 (16)           ; 0 (0)        ; 0           ; 0            ; 0       ; 0         ; 0    ; 0            ; |paritice3|Vbar_display:Vbar_display1|lpm_mult:Mult0|multcore:mult_core                                                                                      ; work         ;
;             |mpar_add:padder|                     ; 12 (0)            ; 0 (0)        ; 0           ; 0            ; 0       ; 0         ; 0    ; 0            ; |paritice3|Vbar_display:Vbar_display1|lpm_mult:Mult0|multcore:mult_core|mpar_add:padder                                                                      ; work         ;
;                |lpm_add_sub:adder[0]|             ; 8 (0)             ; 0 (0)        ; 0           ; 0            ; 0       ; 0         ; 0    ; 0            ; |paritice3|Vbar_display:Vbar_display1|lpm_mult:Mult0|multcore:mult_core|mpar_add:padder|lpm_add_sub:adder[0]                                                 ; work         ;
;                   |add_sub_bfh:auto_generated|    ; 8 (8)             ; 0 (0)        ; 0           ; 0            ; 0       ; 0         ; 0    ; 0            ; |paritice3|Vbar_display:Vbar_display1|lpm_mult:Mult0|multcore:mult_core|mpar_add:padder|lpm_add_sub:adder[0]|add_sub_bfh:auto_generated                      ; work         ;
;                |mpar_add:sub_par_add|             ; 4 (0)             ; 0 (0)        ; 0           ; 0            ; 0       ; 0         ; 0    ; 0            ; |paritice3|Vbar_display:Vbar_display1|lpm_mult:Mult0|multcore:mult_core|mpar_add:padder|mpar_add:sub_par_add                                                 ; work         ;
;                   |lpm_add_sub:adder[0]|          ; 4 (0)             ; 0 (0)        ; 0           ; 0            ; 0       ; 0         ; 0    ; 0            ; |paritice3|Vbar_display:Vbar_display1|lpm_mult:Mult0|multcore:mult_core|mpar_add:padder|mpar_add:sub_par_add|lpm_add_sub:adder[0]                            ; work         ;
;                      |add_sub_ffh:auto_generated| ; 4 (4)             ; 0 (0)        ; 0           ; 0            ; 0       ; 0         ; 0    ; 0            ; |paritice3|Vbar_display:Vbar_display1|lpm_mult:Mult0|multcore:mult_core|mpar_add:padder|mpar_add:sub_par_add|lpm_add_sub:adder[0]|add_sub_ffh:auto_generated ; work         ;
;       |lpm_mult:Mult1|                            ; 35 (0)            ; 0 (0)        ; 0           ; 0            ; 0       ; 0         ; 0    ; 0            ; |paritice3|Vbar_display:Vbar_display1|lpm_mult:Mult1                                                                                                         ; work         ;
;          |multcore:mult_core|                     ; 35 (23)           ; 0 (0)        ; 0           ; 0            ; 0       ; 0         ; 0    ; 0            ; |paritice3|Vbar_display:Vbar_display1|lpm_mult:Mult1|multcore:mult_core                                                                                      ; work         ;
;             |mpar_add:padder|                     ; 12 (0)            ; 0 (0)        ; 0           ; 0            ; 0       ; 0         ; 0    ; 0            ; |paritice3|Vbar_display:Vbar_display1|lpm_mult:Mult1|multcore:mult_core|mpar_add:padder                                                                      ; work         ;
;                |lpm_add_sub:adder[0]|             ; 8 (0)             ; 0 (0)        ; 0           ; 0            ; 0       ; 0         ; 0    ; 0            ; |paritice3|Vbar_display:Vbar_display1|lpm_mult:Mult1|multcore:mult_core|mpar_add:padder|lpm_add_sub:adder[0]                                                 ; work         ;
;                   |add_sub_98h:auto_generated|    ; 8 (8)             ; 0 (0)        ; 0           ; 0            ; 0       ; 0         ; 0    ; 0            ; |paritice3|Vbar_display:Vbar_display1|lpm_mult:Mult1|multcore:mult_core|mpar_add:padder|lpm_add_sub:adder[0]|add_sub_98h:auto_generated                      ; work         ;
;                |mpar_add:sub_par_add|             ; 4 (0)             ; 0 (0)        ; 0           ; 0            ; 0       ; 0         ; 0    ; 0            ; |paritice3|Vbar_display:Vbar_display1|lpm_mult:Mult1|multcore:mult_core|mpar_add:padder|mpar_add:sub_par_add                                                 ; work         ;
;                   |lpm_add_sub:adder[0]|          ; 4 (0)             ; 0 (0)        ; 0           ; 0            ; 0       ; 0         ; 0    ; 0            ; |paritice3|Vbar_display:Vbar_display1|lpm_mult:Mult1|multcore:mult_core|mpar_add:padder|mpar_add:sub_par_add|lpm_add_sub:adder[0]                            ; work         ;
;                      |add_sub_7jh:auto_generated| ; 4 (4)             ; 0 (0)        ; 0           ; 0            ; 0       ; 0         ; 0    ; 0            ; |paritice3|Vbar_display:Vbar_display1|lpm_mult:Mult1|multcore:mult_core|mpar_add:padder|mpar_add:sub_par_add|lpm_add_sub:adder[0]|add_sub_7jh:auto_generated ; work         ;
+---------------------------------------------------+-------------------+--------------+-------------+--------------+---------+-----------+------+--------------+--------------------------------------------------------------------------------------------------------------------------------------------------------------+--------------+
Note: For table entries with two numbers listed, the numbers in parentheses indicate the number of resources of the given type used by the specific entity alone. The numbers listed outside of parentheses indicate the total resources of the given type used by the specific entity and all of its sub-entities in the hierarchy.


+-------------------------------------------------------------------------------------------------------------------+
; User-Specified and Inferred Latches                                                                               ;
+-----------------------------------------------------+------------------------------------+------------------------+
; Latch Name                                          ; Latch Enable Signal                ; Free of Timing Hazards ;
+-----------------------------------------------------+------------------------------------+------------------------+
; Vbar_display:Vbar_display1|Rout[0]                  ; Vbar_display:Vbar_display1|Rout[3] ; yes                    ;
; Vbar_display:Vbar_display1|Rout[1]                  ; Vbar_display:Vbar_display1|Rout[3] ; yes                    ;
; Vbar_display:Vbar_display1|Rout[2]                  ; Vbar_display:Vbar_display1|Rout[3] ; yes                    ;
; Vbar_display:Vbar_display1|Rout[3]                  ; Vbar_display:Vbar_display1|Rout[3] ; yes                    ;
; Vbar_display:Vbar_display1|Gout[0]                  ; Vbar_display:Vbar_display1|Rout[3] ; yes                    ;
; Vbar_display:Vbar_display1|Gout[1]                  ; Vbar_display:Vbar_display1|Rout[3] ; yes                    ;
; Vbar_display:Vbar_display1|Gout[2]                  ; Vbar_display:Vbar_display1|Rout[3] ; yes                    ;
; Vbar_display:Vbar_display1|Gout[3]                  ; Vbar_display:Vbar_display1|Rout[3] ; yes                    ;
; Vbar_display:Vbar_display1|Bout[0]                  ; Vbar_display:Vbar_display1|Rout[3] ; yes                    ;
; Vbar_display:Vbar_display1|Bout[1]                  ; Vbar_display:Vbar_display1|Rout[3] ; yes                    ;
; Vbar_display:Vbar_display1|Bout[2]                  ; Vbar_display:Vbar_display1|Rout[3] ; yes                    ;
; Vbar_display:Vbar_display1|Bout[3]                  ; Vbar_display:Vbar_display1|Rout[3] ; yes                    ;
; Number of user-specified and inferred latches = 12  ;                                    ;                        ;
+-----------------------------------------------------+------------------------------------+------------------------+
Note: All latches listed above may not be present at the end of synthesis due to various synthesis optimizations.


+------------------------------------------------------+
; General Register Statistics                          ;
+----------------------------------------------+-------+
; Statistic                                    ; Value ;
+----------------------------------------------+-------+
; Total registers                              ; 21    ;
; Number of registers using Synchronous Clear  ; 0     ;
; Number of registers using Synchronous Load   ; 0     ;
; Number of registers using Asynchronous Clear ; 0     ;
; Number of registers using Asynchronous Load  ; 0     ;
; Number of registers using Clock Enable       ; 10    ;
; Number of registers using Preset             ; 0     ;
+----------------------------------------------+-------+


+---------------------------------------------------------------------------------------------+
; Parameter Settings for Inferred Entity Instance: Vbar_display:Vbar_display1|lpm_divide:Div1 ;
+------------------------+----------------+---------------------------------------------------+
; Parameter Name         ; Value          ; Type                                              ;
+------------------------+----------------+---------------------------------------------------+
; LPM_WIDTHN             ; 10             ; Untyped                                           ;
; LPM_WIDTHD             ; 2              ; Untyped                                           ;
; LPM_NREPRESENTATION    ; UNSIGNED       ; Untyped                                           ;
; LPM_DREPRESENTATION    ; UNSIGNED       ; Untyped                                           ;
; LPM_PIPELINE           ; 0              ; Untyped                                           ;
; LPM_REMAINDERPOSITIVE  ; TRUE           ; Untyped                                           ;
; MAXIMIZE_SPEED         ; 5              ; Untyped                                           ;
; CBXI_PARAMETER         ; lpm_divide_hhm ; Untyped                                           ;
; CARRY_CHAIN            ; MANUAL         ; Untyped                                           ;
; OPTIMIZE_FOR_SPEED     ; 5              ; Untyped                                           ;
; AUTO_CARRY_CHAINS      ; ON             ; AUTO_CARRY                                        ;
; IGNORE_CARRY_BUFFERS   ; OFF            ; IGNORE_CARRY                                      ;
; AUTO_CASCADE_CHAINS    ; ON             ; AUTO_CASCADE                                      ;
; IGNORE_CASCADE_BUFFERS ; OFF            ; IGNORE_CASCADE                                    ;
+------------------------+----------------+---------------------------------------------------+
Note: In order to hide this table in the UI and the text report file, please set the "Show Parameter Settings in Synthesis Report" option in "Analysis and Synthesis Settings -> More Settings" to "Off".


+---------------------------------------------------------------------------------------------+
; Parameter Settings for Inferred Entity Instance: Vbar_display:Vbar_display1|lpm_divide:Div2 ;
+------------------------+----------------+---------------------------------------------------+
; Parameter Name         ; Value          ; Type                                              ;
+------------------------+----------------+---------------------------------------------------+
; LPM_WIDTHN             ; 12             ; Untyped                                           ;
; LPM_WIDTHD             ; 3              ; Untyped                                           ;
; LPM_NREPRESENTATION    ; SIGNED         ; Untyped                                           ;
; LPM_DREPRESENTATION    ; SIGNED         ; Untyped                                           ;
; LPM_PIPELINE           ; 0              ; Untyped                                           ;
; LPM_REMAINDERPOSITIVE  ; FALSE          ; Untyped                                           ;
; MAXIMIZE_SPEED         ; 5              ; Untyped                                           ;
; CBXI_PARAMETER         ; lpm_divide_cvo ; Untyped                                           ;
; CARRY_CHAIN            ; MANUAL         ; Untyped                                           ;
; OPTIMIZE_FOR_SPEED     ; 5              ; Untyped                                           ;
; AUTO_CARRY_CHAINS      ; ON             ; AUTO_CARRY                                        ;
; IGNORE_CARRY_BUFFERS   ; OFF            ; IGNORE_CARRY                                      ;
; AUTO_CASCADE_CHAINS    ; ON             ; AUTO_CASCADE                                      ;
; IGNORE_CASCADE_BUFFERS ; OFF            ; IGNORE_CASCADE                                    ;
+------------------------+----------------+---------------------------------------------------+
Note: In order to hide this table in the UI and the text report file, please set the "Show Parameter Settings in Synthesis Report" option in "Analysis and Synthesis Settings -> More Settings" to "Off".


+---------------------------------------------------------------------------------------------+
; Parameter Settings for Inferred Entity Instance: Vbar_display:Vbar_display1|lpm_divide:Div4 ;
+------------------------+----------------+---------------------------------------------------+
; Parameter Name         ; Value          ; Type                                              ;
+------------------------+----------------+---------------------------------------------------+
; LPM_WIDTHN             ; 12             ; Untyped                                           ;
; LPM_WIDTHD             ; 3              ; Untyped                                           ;
; LPM_NREPRESENTATION    ; SIGNED         ; Untyped                                           ;
; LPM_DREPRESENTATION    ; SIGNED         ; Untyped                                           ;
; LPM_PIPELINE           ; 0              ; Untyped                                           ;
; LPM_REMAINDERPOSITIVE  ; FALSE          ; Untyped                                           ;
; MAXIMIZE_SPEED         ; 5              ; Untyped                                           ;
; CBXI_PARAMETER         ; lpm_divide_cvo ; Untyped                                           ;
; CARRY_CHAIN            ; MANUAL         ; Untyped                                           ;
; OPTIMIZE_FOR_SPEED     ; 5              ; Untyped                                           ;
; AUTO_CARRY_CHAINS      ; ON             ; AUTO_CARRY                                        ;
; IGNORE_CARRY_BUFFERS   ; OFF            ; IGNORE_CARRY                                      ;
; AUTO_CASCADE_CHAINS    ; ON             ; AUTO_CASCADE                                      ;
; IGNORE_CASCADE_BUFFERS ; OFF            ; IGNORE_CASCADE                                    ;
+------------------------+----------------+---------------------------------------------------+
Note: In order to hide this table in the UI and the text report file, please set the "Show Parameter Settings in Synthesis Report" option in "Analysis and Synthesis Settings -> More Settings" to "Off".


+---------------------------------------------------------------------------------------------+
; Parameter Settings for Inferred Entity Instance: Vbar_display:Vbar_display1|lpm_divide:Div0 ;
+------------------------+----------------+---------------------------------------------------+
; Parameter Name         ; Value          ; Type                                              ;
+------------------------+----------------+---------------------------------------------------+
; LPM_WIDTHN             ; 10             ; Untyped                                           ;
; LPM_WIDTHD             ; 2              ; Untyped                                           ;
; LPM_NREPRESENTATION    ; UNSIGNED       ; Untyped                                           ;
; LPM_DREPRESENTATION    ; UNSIGNED       ; Untyped                                           ;
; LPM_PIPELINE           ; 0              ; Untyped                                           ;
; LPM_REMAINDERPOSITIVE  ; TRUE           ; Untyped                                           ;
; MAXIMIZE_SPEED         ; 5              ; Untyped                                           ;
; CBXI_PARAMETER         ; lpm_divide_hhm ; Untyped                                           ;
; CARRY_CHAIN            ; MANUAL         ; Untyped                                           ;
; OPTIMIZE_FOR_SPEED     ; 5              ; Untyped                                           ;
; AUTO_CARRY_CHAINS      ; ON             ; AUTO_CARRY                                        ;
; IGNORE_CARRY_BUFFERS   ; OFF            ; IGNORE_CARRY                                      ;
; AUTO_CASCADE_CHAINS    ; ON             ; AUTO_CASCADE                                      ;
; IGNORE_CASCADE_BUFFERS ; OFF            ; IGNORE_CASCADE                                    ;
+------------------------+----------------+---------------------------------------------------+
Note: In order to hide this table in the UI and the text report file, please set the "Show Parameter Settings in Synthesis Report" option in "Analysis and Synthesis Settings -> More Settings" to "Off".


+--------------------------------------------------------------------------------------------+
; Parameter Settings for Inferred Entity Instance: Vbar_display:Vbar_display1|lpm_mult:Mult0 ;
+------------------------------------------------+-------------+-----------------------------+
; Parameter Name                                 ; Value       ; Type                        ;
+------------------------------------------------+-------------+-----------------------------+
; AUTO_CARRY_CHAINS                              ; ON          ; AUTO_CARRY                  ;
; IGNORE_CARRY_BUFFERS                           ; OFF         ; IGNORE_CARRY                ;
; AUTO_CASCADE_CHAINS                            ; ON          ; AUTO_CASCADE                ;
; IGNORE_CASCADE_BUFFERS                         ; OFF         ; IGNORE_CASCADE              ;
; LPM_WIDTHA                                     ; 10          ; Untyped                     ;
; LPM_WIDTHB                                     ; 7           ; Untyped                     ;
; LPM_WIDTHP                                     ; 17          ; Untyped                     ;
; LPM_WIDTHR                                     ; 17          ; Untyped                     ;
; LPM_WIDTHS                                     ; 1           ; Untyped                     ;
; LPM_REPRESENTATION                             ; UNSIGNED    ; Untyped                     ;
; LPM_PIPELINE                                   ; 0           ; Untyped                     ;
; LATENCY                                        ; 0           ; Untyped                     ;
; INPUT_A_IS_CONSTANT                            ; NO          ; Untyped                     ;
; INPUT_B_IS_CONSTANT                            ; YES         ; Untyped                     ;
; USE_EAB                                        ; OFF         ; Untyped                     ;
; MAXIMIZE_SPEED                                 ; 6           ; Untyped                     ;
; DEVICE_FAMILY                                  ; Cyclone III ; Untyped                     ;
; CARRY_CHAIN                                    ; MANUAL      ; Untyped                     ;
; APEX20K_TECHNOLOGY_MAPPER                      ; LUT         ; TECH_MAPPER_APEX20K         ;
; DEDICATED_MULTIPLIER_CIRCUITRY                 ; AUTO        ; Untyped                     ;
; DEDICATED_MULTIPLIER_MIN_INPUT_WIDTH_FOR_AUTO  ; 0           ; Untyped                     ;
; DEDICATED_MULTIPLIER_MIN_OUTPUT_WIDTH_FOR_AUTO ; 0           ; Untyped                     ;
; CBXI_PARAMETER                                 ; NOTHING     ; Untyped                     ;
; INPUT_A_FIXED_VALUE                            ; Bx          ; Untyped                     ;
; INPUT_B_FIXED_VALUE                            ; Bx          ; Untyped                     ;
; USE_AHDL_IMPLEMENTATION                        ; OFF         ; Untyped                     ;
+------------------------------------------------+-------------+-----------------------------+
Note: In order to hide this table in the UI and the text report file, please set the "Show Parameter Settings in Synthesis Report" option in "Analysis and Synthesis Settings -> More Settings" to "Off".


+---------------------------------------------------------------------------------------------+
; Parameter Settings for Inferred Entity Instance: Vbar_display:Vbar_display1|lpm_divide:Div3 ;
+------------------------+----------------+---------------------------------------------------+
; Parameter Name         ; Value          ; Type                                              ;
+------------------------+----------------+---------------------------------------------------+
; LPM_WIDTHN             ; 12             ; Untyped                                           ;
; LPM_WIDTHD             ; 3              ; Untyped                                           ;
; LPM_NREPRESENTATION    ; SIGNED         ; Untyped                                           ;
; LPM_DREPRESENTATION    ; SIGNED         ; Untyped                                           ;
; LPM_PIPELINE           ; 0              ; Untyped                                           ;
; LPM_REMAINDERPOSITIVE  ; FALSE          ; Untyped                                           ;
; MAXIMIZE_SPEED         ; 5              ; Untyped                                           ;
; CBXI_PARAMETER         ; lpm_divide_cvo ; Untyped                                           ;
; CARRY_CHAIN            ; MANUAL         ; Untyped                                           ;
; OPTIMIZE_FOR_SPEED     ; 5              ; Untyped                                           ;
; AUTO_CARRY_CHAINS      ; ON             ; AUTO_CARRY                                        ;
; IGNORE_CARRY_BUFFERS   ; OFF            ; IGNORE_CARRY                                      ;
; AUTO_CASCADE_CHAINS    ; ON             ; AUTO_CASCADE                                      ;
; IGNORE_CASCADE_BUFFERS ; OFF            ; IGNORE_CASCADE                                    ;
+------------------------+----------------+---------------------------------------------------+
Note: In order to hide this table in the UI and the text report file, please set the "Show Parameter Settings in Synthesis Report" option in "Analysis and Synthesis Settings -> More Settings" to "Off".


+--------------------------------------------------------------------------------------------+
; Parameter Settings for Inferred Entity Instance: Vbar_display:Vbar_display1|lpm_mult:Mult1 ;
+------------------------------------------------+-------------+-----------------------------+
; Parameter Name                                 ; Value       ; Type                        ;
+------------------------------------------------+-------------+-----------------------------+
; AUTO_CARRY_CHAINS                              ; ON          ; AUTO_CARRY                  ;
; IGNORE_CARRY_BUFFERS                           ; OFF         ; IGNORE_CARRY                ;
; AUTO_CASCADE_CHAINS                            ; ON          ; AUTO_CASCADE                ;
; IGNORE_CASCADE_BUFFERS                         ; OFF         ; IGNORE_CASCADE              ;
; LPM_WIDTHA                                     ; 12          ; Untyped                     ;
; LPM_WIDTHB                                     ; 8           ; Untyped                     ;
; LPM_WIDTHP                                     ; 20          ; Untyped                     ;
; LPM_WIDTHR                                     ; 20          ; Untyped                     ;
; LPM_WIDTHS                                     ; 1           ; Untyped                     ;
; LPM_REPRESENTATION                             ; SIGNED      ; Untyped                     ;
; LPM_PIPELINE                                   ; 0           ; Untyped                     ;
; LATENCY                                        ; 0           ; Untyped                     ;
; INPUT_A_IS_CONSTANT                            ; NO          ; Untyped                     ;
; INPUT_B_IS_CONSTANT                            ; YES         ; Untyped                     ;
; USE_EAB                                        ; OFF         ; Untyped                     ;
; MAXIMIZE_SPEED                                 ; 6           ; Untyped                     ;
; DEVICE_FAMILY                                  ; Cyclone III ; Untyped                     ;
; CARRY_CHAIN                                    ; MANUAL      ; Untyped                     ;
; APEX20K_TECHNOLOGY_MAPPER                      ; LUT         ; TECH_MAPPER_APEX20K         ;
; DEDICATED_MULTIPLIER_CIRCUITRY                 ; AUTO        ; Untyped                     ;
; DEDICATED_MULTIPLIER_MIN_INPUT_WIDTH_FOR_AUTO  ; 0           ; Untyped                     ;
; DEDICATED_MULTIPLIER_MIN_OUTPUT_WIDTH_FOR_AUTO ; 0           ; Untyped                     ;
; CBXI_PARAMETER                                 ; NOTHING     ; Untyped                     ;
; INPUT_A_FIXED_VALUE                            ; Bx          ; Untyped                     ;
; INPUT_B_FIXED_VALUE                            ; Bx          ; Untyped                     ;
; USE_AHDL_IMPLEMENTATION                        ; OFF         ; Untyped                     ;
+------------------------------------------------+-------------+-----------------------------+
Note: In order to hide this table in the UI and the text report file, please set the "Show Parameter Settings in Synthesis Report" option in "Analysis and Synthesis Settings -> More Settings" to "Off".


+-----------------------------------------------------------------------------------+
; lpm_mult Parameter Settings by Entity Instance                                    ;
+---------------------------------------+-------------------------------------------+
; Name                                  ; Value                                     ;
+---------------------------------------+-------------------------------------------+
; Number of entity instances            ; 2                                         ;
; Entity Instance                       ; Vbar_display:Vbar_display1|lpm_mult:Mult0 ;
;     -- LPM_WIDTHA                     ; 10                                        ;
;     -- LPM_WIDTHB                     ; 7                                         ;
;     -- LPM_WIDTHP                     ; 17                                        ;
;     -- LPM_REPRESENTATION             ; UNSIGNED                                  ;
;     -- INPUT_A_IS_CONSTANT            ; NO                                        ;
;     -- INPUT_B_IS_CONSTANT            ; YES                                       ;
;     -- USE_EAB                        ; OFF                                       ;
;     -- DEDICATED_MULTIPLIER_CIRCUITRY ; AUTO                                      ;
;     -- INPUT_A_FIXED_VALUE            ; Bx                                        ;
;     -- INPUT_B_FIXED_VALUE            ; Bx                                        ;
; Entity Instance                       ; Vbar_display:Vbar_display1|lpm_mult:Mult1 ;
;     -- LPM_WIDTHA                     ; 12                                        ;
;     -- LPM_WIDTHB                     ; 8                                         ;
;     -- LPM_WIDTHP                     ; 20                                        ;
;     -- LPM_REPRESENTATION             ; SIGNED                                    ;
;     -- INPUT_A_IS_CONSTANT            ; NO                                        ;
;     -- INPUT_B_IS_CONSTANT            ; YES                                       ;
;     -- USE_EAB                        ; OFF                                       ;
;     -- DEDICATED_MULTIPLIER_CIRCUITRY ; AUTO                                      ;
;     -- INPUT_A_FIXED_VALUE            ; Bx                                        ;
;     -- INPUT_B_FIXED_VALUE            ; Bx                                        ;
+---------------------------------------+-------------------------------------------+


+------------------------------------------------+
; Port Connectivity Checks: "VGA_sync:VGA_sync1" ;
+-------+-------+----------+---------------------+
; Port  ; Type  ; Severity ; Details             ;
+-------+-------+----------+---------------------+
; reset ; Input ; Info     ; Stuck at VCC        ;
+-------+-------+----------+---------------------+


+-------------------------------+
; Elapsed Time Per Partition    ;
+----------------+--------------+
; Partition Name ; Elapsed Time ;
+----------------+--------------+
; Top            ; 00:00:25     ;
+----------------+--------------+


+-------------------------------+
; Analysis & Synthesis Messages ;
+-------------------------------+
Info: *******************************************************************
Info: Running Quartus II 64-Bit Analysis & Synthesis
    Info: Version 13.1.0 Build 162 10/23/2013 SJ Web Edition
    Info: Processing started: Thu Jun 13 11:28:40 2024
Info: Command: quartus_map --read_settings_files=on --write_settings_files=off paritice3 -c paritice3
Info (11104): Parallel Compilation has detected 8 hyper-threaded processors. However, the extra hyper-threaded processors will not be used by default. Parallel Compilation will use 4 of the 4 physical processors detected instead.
Info (12021): Found 4 design units, including 2 entities, in source file paritice3.vhd
    Info (12022): Found design unit 1: paritice3-behavor
    Info (12022): Found design unit 2: CLK_DIV-arch
    Info (12023): Found entity 1: paritice3
    Info (12023): Found entity 2: CLK_DIV
Info (12127): Elaborating entity "paritice3" for the top level hierarchy
Warning (12125): Using design file vga_sync.vhd, which is not specified as a design file for the current project, but contains definitions for 2 design units and 1 entities in project
    Info (12022): Found design unit 1: VGA_sync-arch
    Info (12023): Found entity 1: VGA_sync
Info (12128): Elaborating entity "VGA_sync" for hierarchy "VGA_sync:VGA_sync1"
Warning (12125): Using design file vbar_display.vhd, which is not specified as a design file for the current project, but contains definitions for 2 design units and 1 entities in project
    Info (12022): Found design unit 1: Vbar_display-arch
    Info (12023): Found entity 1: Vbar_display
Info (12128): Elaborating entity "Vbar_display" for hierarchy "Vbar_display:Vbar_display1"
Warning (10492): VHDL Process Statement warning at vbar_display.vhd(30): signal "switch" is read inside the Process Statement but isn't in the Process Statement's sensitivity list
Warning (10492): VHDL Process Statement warning at vbar_display.vhd(41): signal "switch" is read inside the Process Statement but isn't in the Process Statement's sensitivity list
Warning (10492): VHDL Process Statement warning at vbar_display.vhd(52): signal "switch" is read inside the Process Statement but isn't in the Process Statement's sensitivity list
Warning (10492): VHDL Process Statement warning at vbar_display.vhd(63): signal "switch" is read inside the Process Statement but isn't in the Process Statement's sensitivity list
Warning (10492): VHDL Process Statement warning at vbar_display.vhd(74): signal "switch" is read inside the Process Statement but isn't in the Process Statement's sensitivity list
Warning (10492): VHDL Process Statement warning at vbar_display.vhd(85): signal "switch" is read inside the Process Statement but isn't in the Process Statement's sensitivity list
Warning (10631): VHDL Process Statement warning at vbar_display.vhd(20): inferring latch(es) for signal or variable "Rout", which holds its previous value in one or more paths through the process
Warning (10631): VHDL Process Statement warning at vbar_display.vhd(20): inferring latch(es) for signal or variable "Gout", which holds its previous value in one or more paths through the process
Warning (10631): VHDL Process Statement warning at vbar_display.vhd(20): inferring latch(es) for signal or variable "Bout", which holds its previous value in one or more paths through the process
Info (10041): Inferred latch for "Bout[0]" at vbar_display.vhd(20)
Info (10041): Inferred latch for "Bout[1]" at vbar_display.vhd(20)
Info (10041): Inferred latch for "Bout[2]" at vbar_display.vhd(20)
Info (10041): Inferred latch for "Bout[3]" at vbar_display.vhd(20)
Info (10041): Inferred latch for "Gout[0]" at vbar_display.vhd(20)
Info (10041): Inferred latch for "Gout[1]" at vbar_display.vhd(20)
Info (10041): Inferred latch for "Gout[2]" at vbar_display.vhd(20)
Info (10041): Inferred latch for "Gout[3]" at vbar_display.vhd(20)
Info (10041): Inferred latch for "Rout[0]" at vbar_display.vhd(20)
Info (10041): Inferred latch for "Rout[1]" at vbar_display.vhd(20)
Info (10041): Inferred latch for "Rout[2]" at vbar_display.vhd(20)
Info (10041): Inferred latch for "Rout[3]" at vbar_display.vhd(20)
Info (12128): Elaborating entity "CLK_DIV" for hierarchy "CLK_DIV:clock_div1"
Warning (10492): VHDL Process Statement warning at paritice3.vhd(62): signal "CLK_out" is read inside the Process Statement but isn't in the Process Statement's sensitivity list
Info (278001): Inferred 7 megafunctions from design logic
    Info (278004): Inferred divider/modulo megafunction ("lpm_divide") from the following logic: "Vbar_display:Vbar_display1|Div1"
    Info (278004): Inferred divider/modulo megafunction ("lpm_divide") from the following logic: "Vbar_display:Vbar_display1|Div2"
    Info (278004): Inferred divider/modulo megafunction ("lpm_divide") from the following logic: "Vbar_display:Vbar_display1|Div4"
    Info (278004): Inferred divider/modulo megafunction ("lpm_divide") from the following logic: "Vbar_display:Vbar_display1|Div0"
    Info (278003): Inferred multiplier megafunction ("lpm_mult") from the following logic: "Vbar_display:Vbar_display1|Mult0"
    Info (278004): Inferred divider/modulo megafunction ("lpm_divide") from the following logic: "Vbar_display:Vbar_display1|Div3"
    Info (278003): Inferred multiplier megafunction ("lpm_mult") from the following logic: "Vbar_display:Vbar_display1|Mult1"
Info (12130): Elaborated megafunction instantiation "Vbar_display:Vbar_display1|lpm_divide:Div1"
Info (12133): Instantiated megafunction "Vbar_display:Vbar_display1|lpm_divide:Div1" with the following parameter:
    Info (12134): Parameter "LPM_WIDTHN" = "10"
    Info (12134): Parameter "LPM_WIDTHD" = "2"
    Info (12134): Parameter "LPM_NREPRESENTATION" = "UNSIGNED"
    Info (12134): Parameter "LPM_DREPRESENTATION" = "UNSIGNED"
Info (12021): Found 1 design units, including 1 entities, in source file db/lpm_divide_hhm.tdf
    Info (12023): Found entity 1: lpm_divide_hhm
Info (12021): Found 1 design units, including 1 entities, in source file db/sign_div_unsign_ilh.tdf
    Info (12023): Found entity 1: sign_div_unsign_ilh
Info (12021): Found 1 design units, including 1 entities, in source file db/alt_u_div_f5f.tdf
    Info (12023): Found entity 1: alt_u_div_f5f
Info (12021): Found 1 design units, including 1 entities, in source file db/add_sub_unc.tdf
    Info (12023): Found entity 1: add_sub_unc
Info (12021): Found 1 design units, including 1 entities, in source file db/add_sub_vnc.tdf
    Info (12023): Found entity 1: add_sub_vnc
Info (12130): Elaborated megafunction instantiation "Vbar_display:Vbar_display1|lpm_divide:Div2"
Info (12133): Instantiated megafunction "Vbar_display:Vbar_display1|lpm_divide:Div2" with the following parameter:
    Info (12134): Parameter "LPM_WIDTHN" = "12"
    Info (12134): Parameter "LPM_WIDTHD" = "3"
    Info (12134): Parameter "LPM_NREPRESENTATION" = "SIGNED"
    Info (12134): Parameter "LPM_DREPRESENTATION" = "SIGNED"
    Info (12134): Parameter "LPM_HINT" = "LPM_REMAINDERPOSITIVE=FALSE"
Info (12021): Found 1 design units, including 1 entities, in source file db/lpm_divide_cvo.tdf
    Info (12023): Found entity 1: lpm_divide_cvo
Info (12021): Found 1 design units, including 1 entities, in source file db/abs_divider_gbg.tdf
    Info (12023): Found entity 1: abs_divider_gbg
Info (12021): Found 1 design units, including 1 entities, in source file db/alt_u_div_l5f.tdf
    Info (12023): Found entity 1: alt_u_div_l5f
Info (12021): Found 1 design units, including 1 entities, in source file db/lpm_abs_nt9.tdf
    Info (12023): Found entity 1: lpm_abs_nt9
Info (12021): Found 1 design units, including 1 entities, in source file db/lpm_abs_7v9.tdf
    Info (12023): Found entity 1: lpm_abs_7v9
Info (12130): Elaborated megafunction instantiation "Vbar_display:Vbar_display1|lpm_mult:Mult0"
Info (12133): Instantiated megafunction "Vbar_display:Vbar_display1|lpm_mult:Mult0" with the following parameter:
    Info (12134): Parameter "LPM_WIDTHA" = "10"
    Info (12134): Parameter "LPM_WIDTHB" = "7"
    Info (12134): Parameter "LPM_WIDTHP" = "17"
    Info (12134): Parameter "LPM_WIDTHR" = "17"
    Info (12134): Parameter "LPM_WIDTHS" = "1"
    Info (12134): Parameter "LPM_REPRESENTATION" = "UNSIGNED"
    Info (12134): Parameter "INPUT_A_IS_CONSTANT" = "NO"
    Info (12134): Parameter "INPUT_B_IS_CONSTANT" = "YES"
    Info (12134): Parameter "MAXIMIZE_SPEED" = "6"
Info (12131): Elaborated megafunction instantiation "Vbar_display:Vbar_display1|lpm_mult:Mult0|multcore:mult_core", which is child of megafunction instantiation "Vbar_display:Vbar_display1|lpm_mult:Mult0"
Info (12131): Elaborated megafunction instantiation "Vbar_display:Vbar_display1|lpm_mult:Mult0|multcore:mult_core|mpar_add:padder", which is child of megafunction instantiation "Vbar_display:Vbar_display1|lpm_mult:Mult0"
Info (12131): Elaborated megafunction instantiation "Vbar_display:Vbar_display1|lpm_mult:Mult0|multcore:mult_core|mpar_add:padder|lpm_add_sub:adder[0]", which is child of megafunction instantiation "Vbar_display:Vbar_display1|lpm_mult:Mult0"
Info (12021): Found 1 design units, including 1 entities, in source file db/add_sub_bfh.tdf
    Info (12023): Found entity 1: add_sub_bfh
Info (12131): Elaborated megafunction instantiation "Vbar_display:Vbar_display1|lpm_mult:Mult0|multcore:mult_core|mpar_add:padder|mpar_add:sub_par_add", which is child of megafunction instantiation "Vbar_display:Vbar_display1|lpm_mult:Mult0"
Info (12131): Elaborated megafunction instantiation "Vbar_display:Vbar_display1|lpm_mult:Mult0|multcore:mult_core|mpar_add:padder|mpar_add:sub_par_add|lpm_add_sub:adder[0]", which is child of megafunction instantiation "Vbar_display:Vbar_display1|lpm_mult:Mult0"
Info (12021): Found 1 design units, including 1 entities, in source file db/add_sub_ffh.tdf
    Info (12023): Found entity 1: add_sub_ffh
Info (12131): Elaborated megafunction instantiation "Vbar_display:Vbar_display1|lpm_mult:Mult0|altshift:external_latency_ffs", which is child of megafunction instantiation "Vbar_display:Vbar_display1|lpm_mult:Mult0"
Info (12130): Elaborated megafunction instantiation "Vbar_display:Vbar_display1|lpm_mult:Mult1"
Info (12133): Instantiated megafunction "Vbar_display:Vbar_display1|lpm_mult:Mult1" with the following parameter:
    Info (12134): Parameter "LPM_WIDTHA" = "12"
    Info (12134): Parameter "LPM_WIDTHB" = "8"
    Info (12134): Parameter "LPM_WIDTHP" = "20"
    Info (12134): Parameter "LPM_WIDTHR" = "20"
    Info (12134): Parameter "LPM_WIDTHS" = "1"
    Info (12134): Parameter "LPM_REPRESENTATION" = "SIGNED"
    Info (12134): Parameter "INPUT_A_IS_CONSTANT" = "NO"
    Info (12134): Parameter "INPUT_B_IS_CONSTANT" = "YES"
    Info (12134): Parameter "MAXIMIZE_SPEED" = "6"
Info (12131): Elaborated megafunction instantiation "Vbar_display:Vbar_display1|lpm_mult:Mult1|multcore:mult_core", which is child of megafunction instantiation "Vbar_display:Vbar_display1|lpm_mult:Mult1"
Info (12131): Elaborated megafunction instantiation "Vbar_display:Vbar_display1|lpm_mult:Mult1|multcore:mult_core|mpar_add:padder", which is child of megafunction instantiation "Vbar_display:Vbar_display1|lpm_mult:Mult1"
Info (12131): Elaborated megafunction instantiation "Vbar_display:Vbar_display1|lpm_mult:Mult1|multcore:mult_core|mpar_add:padder|lpm_add_sub:adder[0]", which is child of megafunction instantiation "Vbar_display:Vbar_display1|lpm_mult:Mult1"
Info (12021): Found 1 design units, including 1 entities, in source file db/add_sub_98h.tdf
    Info (12023): Found entity 1: add_sub_98h
Info (12131): Elaborated megafunction instantiation "Vbar_display:Vbar_display1|lpm_mult:Mult1|multcore:mult_core|mpar_add:padder|mpar_add:sub_par_add", which is child of megafunction instantiation "Vbar_display:Vbar_display1|lpm_mult:Mult1"
Info (12131): Elaborated megafunction instantiation "Vbar_display:Vbar_display1|lpm_mult:Mult1|multcore:mult_core|mpar_add:padder|mpar_add:sub_par_add|lpm_add_sub:adder[0]", which is child of megafunction instantiation "Vbar_display:Vbar_display1|lpm_mult:Mult1"
Info (12021): Found 1 design units, including 1 entities, in source file db/add_sub_7jh.tdf
    Info (12023): Found entity 1: add_sub_7jh
Info (12131): Elaborated megafunction instantiation "Vbar_display:Vbar_display1|lpm_mult:Mult1|altshift:external_latency_ffs", which is child of megafunction instantiation "Vbar_display:Vbar_display1|lpm_mult:Mult1"
Info (13014): Ignored 30 buffer(s)
    Info (13016): Ignored 30 CARRY_SUM buffer(s)
Info (13025): Duplicate LATCH primitives merged into single LATCH primitive
    Info (13026): Duplicate LATCH primitive "Vbar_display:Vbar_display1|Rout[3]" merged with LATCH primitive "Vbar_display:Vbar_display1|Rout[0]"
    Info (13026): Duplicate LATCH primitive "Vbar_display:Vbar_display1|Rout[2]" merged with LATCH primitive "Vbar_display:Vbar_display1|Rout[0]"
    Info (13026): Duplicate LATCH primitive "Vbar_display:Vbar_display1|Rout[1]" merged with LATCH primitive "Vbar_display:Vbar_display1|Rout[0]"
    Info (13026): Duplicate LATCH primitive "Vbar_display:Vbar_display1|Gout[3]" merged with LATCH primitive "Vbar_display:Vbar_display1|Gout[0]"
    Info (13026): Duplicate LATCH primitive "Vbar_display:Vbar_display1|Gout[2]" merged with LATCH primitive "Vbar_display:Vbar_display1|Gout[0]"
    Info (13026): Duplicate LATCH primitive "Vbar_display:Vbar_display1|Gout[1]" merged with LATCH primitive "Vbar_display:Vbar_display1|Gout[0]"
    Info (13026): Duplicate LATCH primitive "Vbar_display:Vbar_display1|Bout[3]" merged with LATCH primitive "Vbar_display:Vbar_display1|Bout[0]"
    Info (13026): Duplicate LATCH primitive "Vbar_display:Vbar_display1|Bout[2]" merged with LATCH primitive "Vbar_display:Vbar_display1|Bout[0]"
    Info (13026): Duplicate LATCH primitive "Vbar_display:Vbar_display1|Bout[1]" merged with LATCH primitive "Vbar_display:Vbar_display1|Bout[0]"
Warning (13012): Latch Vbar_display:Vbar_display1|Rout[0] has unsafe behavior
    Warning (13013): Ports D and ENA on the latch are fed by the same signal VGA_sync:VGA_sync1|v_count[9]
    Warning (13013): Ports ENA and CLR on the latch are fed by the same signal VGA_sync:VGA_sync1|v_count[9]
Warning (13012): Latch Vbar_display:Vbar_display1|Gout[0] has unsafe behavior
    Warning (13013): Ports D and ENA on the latch are fed by the same signal VGA_sync:VGA_sync1|v_count[9]
    Warning (13013): Ports ENA and CLR on the latch are fed by the same signal VGA_sync:VGA_sync1|v_count[9]
Warning (13012): Latch Vbar_display:Vbar_display1|Bout[0] has unsafe behavior
    Warning (13013): Ports D and ENA on the latch are fed by the same signal VGA_sync:VGA_sync1|v_count[9]
    Warning (13013): Ports ENA and CLR on the latch are fed by the same signal VGA_sync:VGA_sync1|v_count[9]
Info (286030): Timing-Driven Synthesis is running
Info (16010): Generating hard_block partition "hard_block:auto_generated_inst"
    Info (16011): Adding 0 node(s), including 0 DDIO, 0 PLL, 0 transceiver and 0 LCELL
Info (21057): Implemented 2169 device resources after synthesis - the final resource count might be different
    Info (21058): Implemented 7 input pins
    Info (21059): Implemented 14 output pins
    Info (21061): Implemented 2148 logic cells
Info: Quartus II 64-Bit Analysis & Synthesis was successful. 0 errors, 21 warnings
    Info: Peak virtual memory: 4760 megabytes
    Info: Processing ended: Thu Jun 13 11:29:08 2024
    Info: Elapsed time: 00:00:28
    Info: Total CPU time (on all processors): 00:00:18


