Flow report for Lab8_1
Sat Apr 27 16:03:45 2024
Quartus II 64-Bit Version 13.1.0 Build 162 10/23/2013 SJ Web Edition


---------------------
; Table of Contents ;
---------------------
  1. Legal Notice
  2. Flow Summary
  3. Flow Settings
  4. Flow Non-Default Global Settings
  5. Flow Elapsed Time
  6. Flow OS Summary
  7. Flow Log
  8. Flow Messages
  9. Flow Suppressed Messages



----------------
; Legal Notice ;
----------------
Copyright (C) 1991-2013 Altera Corporation
Your use of Altera Corporation's design tools, logic functions 
and other software and tools, and its AMPP partner logic 
functions, and any output files from any of the foregoing 
(including device programming or simulation files), and any 
associated documentation or information are expressly subject 
to the terms and conditions of the Altera Program License 
Subscription Agreement, Altera MegaCore Function License 
Agreement, or other applicable license agreement, including, 
without limitation, that your use is for the sole purpose of 
programming logic devices manufactured by Altera and sold by 
Altera or its authorized distributors.  Please refer to the 
applicable agreement for further details.



+---------------------------------------------------------------------------------+
; Flow Summary                                                                    ;
+------------------------------------+--------------------------------------------+
; Flow Status                        ; Successful - Sat Apr 27 16:03:45 2024      ;
; Quartus II 64-Bit Version          ; 13.1.0 Build 162 10/23/2013 SJ Web Edition ;
; Revision Name                      ; Lab8_1                                     ;
; Top-level Entity Name              ; Lab8_1                                     ;
; Family                             ; Cyclone III                                ;
; Device                             ; EP3C16F484C6                               ;
; Timing Models                      ; Final                                      ;
; Total logic elements               ; 23 / 15,408 ( < 1 % )                      ;
;     Total combinational functions  ; 21 / 15,408 ( < 1 % )                      ;
;     Dedicated logic registers      ; 9 / 15,408 ( < 1 % )                       ;
; Total registers                    ; 9                                          ;
; Total pins                         ; 29 / 347 ( 8 % )                           ;
; Total virtual pins                 ; 0                                          ;
; Total memory bits                  ; 0 / 516,096 ( 0 % )                        ;
; Embedded Multiplier 9-bit elements ; 0 / 112 ( 0 % )                            ;
; Total PLLs                         ; 0 / 4 ( 0 % )                              ;
+------------------------------------+--------------------------------------------+


+-----------------------------------------+
; Flow Settings                           ;
+-------------------+---------------------+
; Option            ; Setting             ;
+-------------------+---------------------+
; Start date & time ; 04/27/2024 11:24:35 ;
; Main task         ; Compilation         ;
; Revision Name     ; Lab8_1              ;
+-------------------+---------------------+


+-------------------------------------------------------------------------------------------------------------------------------------------------------+
; Flow Non-Default Global Settings                                                                                                                      ;
+-------------------------------------+------------------------------------------------------------------+---------------+-------------+----------------+
; Assignment Name                     ; Value                                                            ; Default Value ; Entity Name ; Section Id     ;
+-------------------------------------+------------------------------------------------------------------+---------------+-------------+----------------+
; COMPILER_SIGNATURE_ID               ; 124026001880999.171418827522460                                  ; --            ; --          ; --             ;
; EDA_GENERATE_FUNCTIONAL_NETLIST     ; On                                                               ; --            ; --          ; eda_simulation ;
; EDA_NETLIST_WRITER_OUTPUT_DIR       ; D:/Users/USER/Desktop/code/Digital_Systems/Lab8/simulation/qsim/ ; --            ; --          ; eda_simulation ;
; EDA_OUTPUT_DATA_FORMAT              ; Verilog Hdl                                                      ; --            ; --          ; eda_simulation ;
; EDA_SIMULATION_TOOL                 ; ModelSim-Altera (Verilog)                                        ; <None>        ; --          ; --             ;
; MAX_CORE_JUNCTION_TEMP              ; 85                                                               ; --            ; --          ; --             ;
; MIN_CORE_JUNCTION_TEMP              ; 0                                                                ; --            ; --          ; --             ;
; NOMINAL_CORE_SUPPLY_VOLTAGE         ; 1.2V                                                             ; --            ; --          ; --             ;
; PARTITION_COLOR                     ; 16764057                                                         ; --            ; --          ; Top            ;
; PARTITION_FITTER_PRESERVATION_LEVEL ; PLACEMENT_AND_ROUTING                                            ; --            ; --          ; Top            ;
; PARTITION_NETLIST_TYPE              ; SOURCE                                                           ; --            ; --          ; Top            ;
; PROJECT_OUTPUT_DIRECTORY            ; output_files                                                     ; --            ; --          ; --             ;
+-------------------------------------+------------------------------------------------------------------+---------------+-------------+----------------+


+-------------------------------------------------------------------------------------------------------------------------------+
; Flow Elapsed Time                                                                                                             ;
+---------------------------+--------------+-------------------------+---------------------+------------------------------------+
; Module Name               ; Elapsed Time ; Average Processors Used ; Peak Virtual Memory ; Total CPU Time (on all processors) ;
+---------------------------+--------------+-------------------------+---------------------+------------------------------------+
; Analysis & Synthesis      ; 00:00:01     ; 1.0                     ; 4681 MB             ; 00:00:01                           ;
; Fitter                    ; 00:00:05     ; 1.0                     ; 5337 MB             ; 00:00:02                           ;
; Assembler                 ; 00:00:01     ; 1.0                     ; 4587 MB             ; 00:00:01                           ;
; TimeQuest Timing Analyzer ; 00:00:02     ; 1.0                     ; 4671 MB             ; 00:00:01                           ;
; EDA Netlist Writer        ; 00:00:00     ; 1.0                     ; 4545 MB             ; 00:00:00                           ;
; EDA Netlist Writer        ; 00:00:00     ; 1.0                     ; 4556 MB             ; 00:00:00                           ;
; EDA Netlist Writer        ; 00:00:00     ; 1.0                     ; 4556 MB             ; 00:00:00                           ;
; EDA Netlist Writer        ; 00:00:00     ; 1.0                     ; 4556 MB             ; 00:00:00                           ;
; EDA Netlist Writer        ; 00:00:00     ; 1.0                     ; 4557 MB             ; 00:00:00                           ;
; EDA Netlist Writer        ; 00:00:00     ; 1.0                     ; 4556 MB             ; 00:00:00                           ;
; EDA Netlist Writer        ; 00:00:00     ; 1.0                     ; 4557 MB             ; 00:00:00                           ;
; EDA Netlist Writer        ; 00:00:00     ; 1.0                     ; 4556 MB             ; 00:00:00                           ;
; EDA Netlist Writer        ; 00:00:00     ; 1.0                     ; 4556 MB             ; 00:00:00                           ;
; EDA Netlist Writer        ; 00:00:00     ; 1.0                     ; 4557 MB             ; 00:00:00                           ;
; EDA Netlist Writer        ; 00:00:00     ; 1.0                     ; 4557 MB             ; 00:00:00                           ;
; EDA Netlist Writer        ; 00:00:00     ; 1.0                     ; 4556 MB             ; 00:00:00                           ;
; EDA Netlist Writer        ; 00:00:00     ; 1.0                     ; 4556 MB             ; 00:00:00                           ;
; EDA Netlist Writer        ; 00:00:00     ; 1.0                     ; 4556 MB             ; 00:00:00                           ;
; EDA Netlist Writer        ; 00:00:01     ; 1.0                     ; 4556 MB             ; 00:00:00                           ;
; EDA Netlist Writer        ; 00:00:00     ; 1.0                     ; 4556 MB             ; 00:00:00                           ;
; EDA Netlist Writer        ; 00:00:00     ; 1.0                     ; 4556 MB             ; 00:00:00                           ;
; Total                     ; 00:00:10     ; --                      ; --                  ; 00:00:05                           ;
+---------------------------+--------------+-------------------------+---------------------+------------------------------------+


+----------------------------------------------------------------------------------------+
; Flow OS Summary                                                                        ;
+---------------------------+------------------+-----------+------------+----------------+
; Module Name               ; Machine Hostname ; OS Name   ; OS Version ; Processor type ;
+---------------------------+------------------+-----------+------------+----------------+
; Analysis & Synthesis      ; Vivobook-Bear    ; Windows 7 ; 6.2        ; x86_64         ;
; Fitter                    ; Vivobook-Bear    ; Windows 7 ; 6.2        ; x86_64         ;
; Assembler                 ; Vivobook-Bear    ; Windows 7 ; 6.2        ; x86_64         ;
; TimeQuest Timing Analyzer ; Vivobook-Bear    ; Windows 7 ; 6.2        ; x86_64         ;
; EDA Netlist Writer        ; Vivobook-Bear    ; Windows 7 ; 6.2        ; x86_64         ;
; EDA Netlist Writer        ; Vivobook-Bear    ; Windows 7 ; 6.2        ; x86_64         ;
; EDA Netlist Writer        ; Vivobook-Bear    ; Windows 7 ; 6.2        ; x86_64         ;
; EDA Netlist Writer        ; Vivobook-Bear    ; Windows 7 ; 6.2        ; x86_64         ;
; EDA Netlist Writer        ; Vivobook-Bear    ; Windows 7 ; 6.2        ; x86_64         ;
; EDA Netlist Writer        ; Vivobook-Bear    ; Windows 7 ; 6.2        ; x86_64         ;
; EDA Netlist Writer        ; Vivobook-Bear    ; Windows 7 ; 6.2        ; x86_64         ;
; EDA Netlist Writer        ; Vivobook-Bear    ; Windows 7 ; 6.2        ; x86_64         ;
; EDA Netlist Writer        ; Vivobook-Bear    ; Windows 7 ; 6.2        ; x86_64         ;
; EDA Netlist Writer        ; Vivobook-Bear    ; Windows 7 ; 6.2        ; x86_64         ;
; EDA Netlist Writer        ; Vivobook-Bear    ; Windows 7 ; 6.2        ; x86_64         ;
; EDA Netlist Writer        ; Vivobook-Bear    ; Windows 7 ; 6.2        ; x86_64         ;
; EDA Netlist Writer        ; Vivobook-Bear    ; Windows 7 ; 6.2        ; x86_64         ;
; EDA Netlist Writer        ; Vivobook-Bear    ; Windows 7 ; 6.2        ; x86_64         ;
; EDA Netlist Writer        ; Vivobook-Bear    ; Windows 7 ; 6.2        ; x86_64         ;
; EDA Netlist Writer        ; Vivobook-Bear    ; Windows 7 ; 6.2        ; x86_64         ;
; EDA Netlist Writer        ; Vivobook-Bear    ; Windows 7 ; 6.2        ; x86_64         ;
+---------------------------+------------------+-----------+------------+----------------+


------------
; Flow Log ;
------------
quartus_map --read_settings_files=on --write_settings_files=off Lab8_1 -c Lab8_1
quartus_fit --read_settings_files=off --write_settings_files=off Lab8_1 -c Lab8_1
quartus_asm --read_settings_files=off --write_settings_files=off Lab8_1 -c Lab8_1
quartus_sta Lab8_1 -c Lab8_1
quartus_eda --read_settings_files=off --write_settings_files=off Lab8_1 -c Lab8_1
quartus_eda --gen_testbench --check_outputs=on --tool=modelsim_oem --format=verilog Lab8_1 -c Lab8_1 --vector_source=D:/Users/USER/Desktop/code/Digital_Systems/Lab8/Waveform.vwf --testbench_file=D:/Users/USER/Desktop/code/Digital_Systems/Lab8/simulation/qsim/Waveform.vwf.vt
quartus_eda --functional=on --flatten_buses=off --simulation=on --tool=modelsim_oem --format=verilog --output_directory=D:/Users/USER/Desktop/code/Digital_Systems/Lab8/simulation/qsim/ Lab8_1 -c Lab8_1
quartus_eda --gen_testbench --check_outputs=on --tool=modelsim_oem --format=verilog Lab8_1 -c Lab8_1 --vector_source=D:/Users/USER/Desktop/code/Digital_Systems/Lab8/Waveform.vwf --testbench_file=D:/Users/USER/Desktop/code/Digital_Systems/Lab8/simulation/qsim/Waveform.vwf.vt
quartus_eda --functional=on --flatten_buses=off --simulation=on --tool=modelsim_oem --format=verilog --output_directory=D:/Users/USER/Desktop/code/Digital_Systems/Lab8/simulation/qsim/ Lab8_1 -c Lab8_1
quartus_eda --gen_testbench --check_outputs=on --tool=modelsim_oem --format=verilog Lab8_1 -c Lab8_1 --vector_source=D:/Users/USER/Desktop/code/Digital_Systems/Lab8/Waveform.vwf --testbench_file=D:/Users/USER/Desktop/code/Digital_Systems/Lab8/simulation/qsim/Waveform.vwf.vt
quartus_eda --functional=on --flatten_buses=off --simulation=on --tool=modelsim_oem --format=verilog --output_directory=D:/Users/USER/Desktop/code/Digital_Systems/Lab8/simulation/qsim/ Lab8_1 -c Lab8_1
quartus_eda --gen_testbench --check_outputs=on --tool=modelsim_oem --format=verilog Lab8_1 -c Lab8_1 --vector_source=D:/Users/USER/Desktop/code/Digital_Systems/Lab8/Waveform.vwf --testbench_file=D:/Users/USER/Desktop/code/Digital_Systems/Lab8/simulation/qsim/Waveform.vwf.vt
quartus_eda --functional=on --flatten_buses=off --simulation=on --tool=modelsim_oem --format=verilog --output_directory=D:/Users/USER/Desktop/code/Digital_Systems/Lab8/simulation/qsim/ Lab8_1 -c Lab8_1
quartus_eda --gen_testbench --check_outputs=on --tool=modelsim_oem --format=verilog Lab8_1 -c Lab8_1 --vector_source=D:/Users/USER/Desktop/code/Digital_Systems/Lab8/Waveform.vwf --testbench_file=D:/Users/USER/Desktop/code/Digital_Systems/Lab8/simulation/qsim/Waveform.vwf.vt
quartus_eda --functional=on --flatten_buses=off --simulation=on --tool=modelsim_oem --format=verilog --output_directory=D:/Users/USER/Desktop/code/Digital_Systems/Lab8/simulation/qsim/ Lab8_1 -c Lab8_1
quartus_eda --gen_testbench --check_outputs=on --tool=modelsim_oem --format=verilog Lab8_1 -c Lab8_1 --vector_source=D:/Users/USER/Desktop/code/Digital_Systems/Lab8/Waveform.vwf --testbench_file=D:/Users/USER/Desktop/code/Digital_Systems/Lab8/simulation/qsim/Waveform.vwf.vt
quartus_eda --functional=on --flatten_buses=off --simulation=on --tool=modelsim_oem --format=verilog --output_directory=D:/Users/USER/Desktop/code/Digital_Systems/Lab8/simulation/qsim/ Lab8_1 -c Lab8_1
quartus_eda --gen_testbench --check_outputs=on --tool=modelsim_oem --format=verilog Lab8_1 -c Lab8_1 --vector_source=D:/Users/USER/Desktop/code/Digital_Systems/Lab8/Waveform.vwf --testbench_file=D:/Users/USER/Desktop/code/Digital_Systems/Lab8/simulation/qsim/Waveform.vwf.vt
quartus_eda --functional=on --flatten_buses=off --simulation=on --tool=modelsim_oem --format=verilog --output_directory=D:/Users/USER/Desktop/code/Digital_Systems/Lab8/simulation/qsim/ Lab8_1 -c Lab8_1
quartus_eda --gen_testbench --check_outputs=on --tool=modelsim_oem --format=verilog Lab8_1 -c Lab8_1 --vector_source=D:/Users/USER/Desktop/code/Digital_Systems/Lab8/Waveform.vwf --testbench_file=D:/Users/USER/Desktop/code/Digital_Systems/Lab8/simulation/qsim/Waveform.vwf.vt
quartus_eda --functional=on --flatten_buses=off --simulation=on --tool=modelsim_oem --format=verilog --output_directory=D:/Users/USER/Desktop/code/Digital_Systems/Lab8/simulation/qsim/ Lab8_1 -c Lab8_1



