Flow report for Lab4_2
Sat Mar 16 21:27:13 2024
Quartus II 64-Bit Version 13.1.0 Build 162 10/23/2013 SJ Web Edition


---------------------
; Table of Contents ;
---------------------
  1. Legal Notice
  2. Flow Summary
  3. Flow Settings
  4. Flow Non-Default Global Settings
  5. Flow Elapsed Time
  6. Flow OS Summary
  7. Flow Log
  8. Flow Messages
  9. Flow Suppressed Messages



----------------
; Legal Notice ;
----------------
Copyright (C) 1991-2013 Altera Corporation
Your use of Altera Corporation's design tools, logic functions 
and other software and tools, and its AMPP partner logic 
functions, and any output files from any of the foregoing 
(including device programming or simulation files), and any 
associated documentation or information are expressly subject 
to the terms and conditions of the Altera Program License 
Subscription Agreement, Altera MegaCore Function License 
Agreement, or other applicable license agreement, including, 
without limitation, that your use is for the sole purpose of 
programming logic devices manufactured by Altera and sold by 
Altera or its authorized distributors.  Please refer to the 
applicable agreement for further details.



+---------------------------------------------------------------------------------+
; Flow Summary                                                                    ;
+------------------------------------+--------------------------------------------+
; Flow Status                        ; Successful - Sat Mar 16 21:27:13 2024      ;
; Quartus II 64-Bit Version          ; 13.1.0 Build 162 10/23/2013 SJ Web Edition ;
; Revision Name                      ; Lab4_2                                     ;
; Top-level Entity Name              ; Lab4_2                                     ;
; Family                             ; Cyclone III                                ;
; Device                             ; EP3C16F484C6                               ;
; Timing Models                      ; Final                                      ;
; Total logic elements               ; 41 / 15,408 ( < 1 % )                      ;
;     Total combinational functions  ; 41 / 15,408 ( < 1 % )                      ;
;     Dedicated logic registers      ; 0 / 15,408 ( 0 % )                         ;
; Total registers                    ; 0                                          ;
; Total pins                         ; 26 / 347 ( 7 % )                           ;
; Total virtual pins                 ; 0                                          ;
; Total memory bits                  ; 0 / 516,096 ( 0 % )                        ;
; Embedded Multiplier 9-bit elements ; 0 / 112 ( 0 % )                            ;
; Total PLLs                         ; 0 / 4 ( 0 % )                              ;
+------------------------------------+--------------------------------------------+


+-----------------------------------------+
; Flow Settings                           ;
+-------------------+---------------------+
; Option            ; Setting             ;
+-------------------+---------------------+
; Start date & time ; 03/14/2024 16:59:05 ;
; Main task         ; Compilation         ;
; Revision Name     ; Lab4_2              ;
+-------------------+---------------------+


+----------------------------------------------------------------------------------------------------------------------+
; Flow Non-Default Global Settings                                                                                     ;
+-------------------------------------+---------------------------------+---------------+-------------+----------------+
; Assignment Name                     ; Value                           ; Default Value ; Entity Name ; Section Id     ;
+-------------------------------------+---------------------------------+---------------+-------------+----------------+
; COMPILER_SIGNATURE_ID               ; 124026001880999.171040674507180 ; --            ; --          ; --             ;
; EDA_OUTPUT_DATA_FORMAT              ; Vhdl                            ; --            ; --          ; eda_simulation ;
; EDA_SIMULATION_TOOL                 ; ModelSim-Altera (VHDL)          ; <None>        ; --          ; --             ;
; MAX_CORE_JUNCTION_TEMP              ; 85                              ; --            ; --          ; --             ;
; MIN_CORE_JUNCTION_TEMP              ; 0                               ; --            ; --          ; --             ;
; NOMINAL_CORE_SUPPLY_VOLTAGE         ; 1.2V                            ; --            ; --          ; --             ;
; PARTITION_COLOR                     ; 16764057                        ; --            ; --          ; Top            ;
; PARTITION_FITTER_PRESERVATION_LEVEL ; PLACEMENT_AND_ROUTING           ; --            ; --          ; Top            ;
; PARTITION_NETLIST_TYPE              ; SOURCE                          ; --            ; --          ; Top            ;
; PROJECT_OUTPUT_DIRECTORY            ; output_files                    ; --            ; --          ; --             ;
+-------------------------------------+---------------------------------+---------------+-------------+----------------+


+-------------------------------------------------------------------------------------------------------------------------------+
; Flow Elapsed Time                                                                                                             ;
+---------------------------+--------------+-------------------------+---------------------+------------------------------------+
; Module Name               ; Elapsed Time ; Average Processors Used ; Peak Virtual Memory ; Total CPU Time (on all processors) ;
+---------------------------+--------------+-------------------------+---------------------+------------------------------------+
; Analysis & Synthesis      ; 00:00:01     ; 1.0                     ; 4690 MB             ; 00:00:01                           ;
; Fitter                    ; 00:00:05     ; 1.0                     ; 5334 MB             ; 00:00:03                           ;
; Assembler                 ; 00:00:01     ; 1.0                     ; 4587 MB             ; 00:00:01                           ;
; TimeQuest Timing Analyzer ; 00:00:02     ; 1.0                     ; 4678 MB             ; 00:00:01                           ;
; EDA Netlist Writer        ; 00:00:00     ; 1.0                     ; 4545 MB             ; 00:00:00                           ;
; EDA Netlist Writer        ; 00:00:00     ; 1.0                     ; 4556 MB             ; 00:00:00                           ;
; EDA Netlist Writer        ; 00:00:00     ; 1.0                     ; 4556 MB             ; 00:00:00                           ;
; EDA Netlist Writer        ; 00:00:00     ; 1.0                     ; 4557 MB             ; 00:00:00                           ;
; EDA Netlist Writer        ; 00:00:00     ; 1.0                     ; 4556 MB             ; 00:00:00                           ;
; EDA Netlist Writer        ; 00:00:01     ; 1.0                     ; 4556 MB             ; 00:00:00                           ;
; EDA Netlist Writer        ; 00:00:01     ; 1.0                     ; 4556 MB             ; 00:00:00                           ;
; Total                     ; 00:00:11     ; --                      ; --                  ; 00:00:06                           ;
+---------------------------+--------------+-------------------------+---------------------+------------------------------------+


+----------------------------------------------------------------------------------------+
; Flow OS Summary                                                                        ;
+---------------------------+------------------+-----------+------------+----------------+
; Module Name               ; Machine Hostname ; OS Name   ; OS Version ; Processor type ;
+---------------------------+------------------+-----------+------------+----------------+
; Analysis & Synthesis      ; Vivobook-Bear    ; Windows 7 ; 6.2        ; x86_64         ;
; Fitter                    ; Vivobook-Bear    ; Windows 7 ; 6.2        ; x86_64         ;
; Assembler                 ; Vivobook-Bear    ; Windows 7 ; 6.2        ; x86_64         ;
; TimeQuest Timing Analyzer ; Vivobook-Bear    ; Windows 7 ; 6.2        ; x86_64         ;
; EDA Netlist Writer        ; Vivobook-Bear    ; Windows 7 ; 6.2        ; x86_64         ;
; EDA Netlist Writer        ; Vivobook-Bear    ; Windows 7 ; 6.2        ; x86_64         ;
; EDA Netlist Writer        ; Vivobook-Bear    ; Windows 7 ; 6.2        ; x86_64         ;
; EDA Netlist Writer        ; Vivobook-Bear    ; Windows 7 ; 6.2        ; x86_64         ;
; EDA Netlist Writer        ; Vivobook-Bear    ; Windows 7 ; 6.2        ; x86_64         ;
; EDA Netlist Writer        ; Vivobook-Bear    ; Windows 7 ; 6.2        ; x86_64         ;
; EDA Netlist Writer        ; Vivobook-Bear    ; Windows 7 ; 6.2        ; x86_64         ;
+---------------------------+------------------+-----------+------------+----------------+


------------
; Flow Log ;
------------
quartus_map --read_settings_files=on --write_settings_files=off Lab4_2 -c Lab4_2
quartus_fit --read_settings_files=off --write_settings_files=off Lab4_2 -c Lab4_2
quartus_asm --read_settings_files=off --write_settings_files=off Lab4_2 -c Lab4_2
quartus_sta Lab4_2 -c Lab4_2
quartus_eda --read_settings_files=off --write_settings_files=off Lab4_2 -c Lab4_2
quartus_eda --gen_testbench --check_outputs=on --tool=modelsim_oem --format=verilog Lab4_2 -c Lab4_2 --vector_source=D:/Users/USER/Desktop/code/Digital_Systems/Lab4/output_files/Waveform.vwf --testbench_file=D:/Users/USER/Desktop/code/Digital_Systems/Lab4/simulation/qsim/Waveform.vwf.vt
quartus_eda --functional=on --flatten_buses=off --simulation=on --tool=modelsim_oem --format=verilog --output_directory=D:/Users/USER/Desktop/code/Digital_Systems/Lab4/simulation/qsim/ Lab4_2 -c Lab4_2
quartus_eda --gen_testbench --check_outputs=on --tool=modelsim_oem --format=verilog Lab4_2 -c Lab4_2 --vector_source=D:/Users/USER/Desktop/code/Digital_Systems/Lab4/output_files/Waveform.vwf --testbench_file=D:/Users/USER/Desktop/code/Digital_Systems/Lab4/simulation/qsim/Waveform.vwf.vt
quartus_eda --functional=on --flatten_buses=off --simulation=on --tool=modelsim_oem --format=verilog --output_directory=D:/Users/USER/Desktop/code/Digital_Systems/Lab4/simulation/qsim/ Lab4_2 -c Lab4_2
quartus_eda --gen_testbench --check_outputs=on --tool=modelsim_oem --format=verilog Lab4_2 -c Lab4_2 --vector_source=D:/Users/USER/Desktop/code/Digital_Systems/Lab4/output_files/Waveform.vwf --testbench_file=D:/Users/USER/Desktop/code/Digital_Systems/Lab4/simulation/qsim/Waveform.vwf.vt
quartus_eda --functional=on --flatten_buses=off --simulation=on --tool=modelsim_oem --format=verilog --output_directory=D:/Users/USER/Desktop/code/Digital_Systems/Lab4/simulation/qsim/ Lab4_2 -c Lab4_2



